<html><head><meta charset="utf-8"/><title>WebContentExtractor Test Report</title><style type="text/css">:root {
  --text-primary: #111;
  --text-secondary: #4f4f4f;
  --success: #006633;
  --success-bright: #80ffbf;
  --danger: #cc071e;
  --danger-bright: #fbdfe0;
  --warning: #995c00;
  --warning-bright: #ffeea8;
  --panel: #eee;
  --border: #949494;
  --disabled: #6b6b6b;
}

html,
body {
  font-family: Arial, Helvetica, sans-serif;
  font-size: 16px;
  margin: 0;
  padding: 0;
  color: var(--text-primary);
}
body {
  padding: 2rem 1rem;
}
.jesthtml-content {
  margin: 0 auto;
  max-width: 70rem;
}
header {
  display: flex;
  align-items: center;
}
#title {
  margin: 0;
  flex-grow: 1;
}
#logo {
  height: 4rem;
}
#timestamp {
  color: var(--text-secondary);
  margin-top: 0.5rem;
}

#metadata-container {
  display: flex;
  flex-direction: column;
  gap: 2rem;
  margin-bottom: 2rem;
}

.additional-information-container {
  display: flex;
  flex-direction: column;
  gap: 0.5rem;
  color: var(--text-secondary);
}

/** SUMMARY */
#summary {
  color: var(--text-primary);
  display: flex;
  font-family: monospace;
  font-size: 1rem;
}
#summary > div {
  margin-right: 0.5rem;
  background: var(--panel);
  padding: 1rem;
  min-width: 15rem;
}
#summary > div:last-child {
  margin-right: 0;
}
@media only screen and (max-width: 720px) {
  #summary {
    flex-direction: column;
  }
  #summary > div {
    margin-right: 0;
    margin-top: 1rem;
  }
  #summary > div:first-child {
    margin-top: 0;
  }
}

.summary-total {
  font-weight: bold;
  margin-bottom: 0.5rem;
}
.summary-passed {
  color: var(--success);
  border-left: 0.4rem solid var(--success);
  padding-left: 0.5rem;
  margin-bottom: 0.15rem;
}
.summary-failed,
.summary-obsolete-snapshots {
  color: var(--danger);
  border-left: 0.4rem solid var(--danger);
  padding-left: 0.5rem;
  margin-bottom: 0.15rem;
}
.summary-pending {
  color: var(--warning);
  border-left: 0.4rem solid var(--warning);
  padding-left: 0.5rem;
  margin-bottom: 0.15rem;
}
.summary-empty {
  color: var(--disabled);
  border-left: 0.4rem solid var(--disabled);
  margin-bottom: 0.15rem;
}

.test-result {
  padding: 1rem;
  margin-bottom: 0.25rem;
}
.test-result:last-child {
  border: 0;
}
.test-result.passed {
  background-color: var(--success-bright);
  color: var(--success);
}
.test-result.failed {
  background-color: var(--danger-bright);
  color: var(--danger);
}
.test-result.pending {
  background-color: var(--warning-bright);
  color: var(--warning);
}

.test-info {
  display: flex;
  justify-content: space-between;
}
.test-suitename {
  width: 20%;
  text-align: left;
  font-weight: bold;
  word-break: break-word;
}
.test-title {
  width: 40%;
  text-align: left;
  font-style: italic;
}
.test-status {
  width: 20%;
  text-align: right;
}
.test-duration {
  width: 10%;
  text-align: right;
  font-size: 0.85rem;
}

.failureMessages {
  padding: 0 1rem;
  margin-top: 1rem;
  border-top: 1px dashed var(--danger);
}
.failureMessages.suiteFailure {
  border-top: none;
}
.failureMsg {
  white-space: pre-wrap;
  white-space: -moz-pre-wrap;
  white-space: -pre-wrap;
  white-space: -o-pre-wrap;
  word-wrap: break-word;
}

.suite-container {
  margin-bottom: 1rem;
}
.suite-info {
  padding: 1rem;
  background-color: var(--panel);
  color: var(--text-secondary);
  border: 0.15rem solid;
  border-color: var(--panel);
  display: flex;
  align-items: center;
  margin-bottom: 0.25rem;
}
.suite-info:hover {
  border-color: var(--border);
  cursor: pointer;
}
.suite-info .suite-path {
  word-break: break-all;
  flex-grow: 1;
  font-family: monospace;
  font-size: 1rem;
}
.suite-info .suite-time {
  margin-left: 1rem;
  padding: 0.2rem 0.3rem;
  font-size: 0.85rem;
}
.suite-info .suite-time.warn {
  background-color: var(--danger);
  color: #fff;
}
.suite-info:before {
  content: "\2303";
  display: inline-block;
  margin-right: 1rem;
  transform: rotate(180deg) translateY(0.15rem);
}
.suite-container[open] .suite-info:before {
  transform: rotate(0deg) translateY(0.15rem);
}

/* CONSOLE LOGS */
.suite-consolelog {
  margin-bottom: 0.25rem;
  padding: 1rem;
  background-color: var(--panel);
}
.suite-consolelog-header {
  font-weight: bold;
}
.suite-consolelog-item {
  padding: 0.5rem;
}
.suite-consolelog-item pre {
  margin: 0.5rem 0;
  white-space: pre-wrap;
  white-space: -moz-pre-wrap;
  white-space: -pre-wrap;
  white-space: -o-pre-wrap;
  word-wrap: break-word;
}
.suite-consolelog-item-origin {
  color: var(--text-secondary);
  font-weight: bold;
}
.suite-consolelog-item-message {
  color: var(--text-primary);
  font-size: 1rem;
  padding: 0 0.5rem;
}

/* OBSOLETE SNAPSHOTS */
.suite-obsolete-snapshots {
  margin-bottom: 0.25rem;
  padding: 1rem;
  background-color: var(--danger-bright);
  color: var(--danger);
}
.suite-obsolete-snapshots-header {
  font-weight: bold;
}
.suite-obsolete-snapshots-item {
  padding: 0.5rem;
}
.suite-obsolete-snapshots-item pre {
  margin: 0.5rem 0;
  white-space: pre-wrap;
  white-space: -moz-pre-wrap;
  white-space: -pre-wrap;
  white-space: -o-pre-wrap;
  word-wrap: break-word;
}
.suite-obsolete-snapshots-item-message {
  color: var(--text-primary);
  font-size: 1rem;
  padding: 0 0.5rem;
}
</style></head><body><main class="jesthtml-content"><header><h1 id="title">WebContentExtractor Test Report</h1></header><section id="metadata-container"><div id="timestamp">Started: 2025-04-17 22:04:57</div><div id="summary"><div id="suite-summary"><div class="summary-total">Suites (2)</div><div class="summary-passed ">2 passed</div><div class="summary-failed  summary-empty">0 failed</div><div class="summary-pending  summary-empty">0 pending</div></div><div id="test-summary"><div class="summary-total">Tests (8)</div><div class="summary-passed ">8 passed</div><div class="summary-failed  summary-empty">0 failed</div><div class="summary-pending  summary-empty">0 pending</div></div></div></section><details id="suite-1" class="suite-container" open=""><summary class="suite-info"><div class="suite-path">/Users/yuksehyun/project/CV_Search/crawl-ts/test/crawler/WebCrawler.test.ts</div><div class="suite-time">8.039s</div></summary><div class="suite-tests"><div class="test-result passed"><div class="test-info"><div class="test-suitename">WebCrawler - visitUrl</div><div class="test-title">should visit a page and extract data including href and onclick URLs</div><div class="test-status">passed</div><div class="test-duration">3.69s</div></div></div></div><div class="suite-consolelog"><div class="suite-consolelog-header">Console Log</div><div class="suite-consolelog-item"><pre class="suite-consolelog-item-origin">    at Logger.log (/Users/yuksehyun/project/CV_Search/crawl-ts/src/utils/logger.ts:98:17)
    at Logger.debug (/Users/yuksehyun/project/CV_Search/crawl-ts/src/utils/logger.ts:122:12)
    at createCrawler (/Users/yuksehyun/project/CV_Search/crawl-ts/src/index.ts:27:10)
    at Object.&lt;anonymous&gt; (/Users/yuksehyun/project/CV_Search/crawl-ts/test/crawler/WebCrawler.test.ts:32:28)
    at processTicksAndRejections (node:internal/process/task_queues:96:5)</pre><pre class="suite-consolelog-item-message">[2025-04-17T13:05:01.574Z] [DEBUG] 크롤러 생성 - 전략: sequential, 도메인: recruit.navercorp.com, 시작 URL: https://recruit.navercorp.com/rcrt/list.do</pre></div><div class="suite-consolelog-item"><pre class="suite-consolelog-item-origin">    at Logger.log (/Users/yuksehyun/project/CV_Search/crawl-ts/src/utils/logger.ts:98:17)
    at Logger.debug (/Users/yuksehyun/project/CV_Search/crawl-ts/src/utils/logger.ts:122:12)
    at WebCrawler.visitUrl (/Users/yuksehyun/project/CV_Search/crawl-ts/src/crawler/WebCrawler.ts:72:12)
    at Object.&lt;anonymous&gt; (/Users/yuksehyun/project/CV_Search/crawl-ts/test/crawler/WebCrawler.test.ts:41:42)
    at Promise.then.completed (/Users/yuksehyun/project/CV_Search/crawl-ts/node_modules/jest-circus/build/utils.js:298:28)
    at new Promise (&lt;anonymous&gt;)
    at callAsyncCircusFn (/Users/yuksehyun/project/CV_Search/crawl-ts/node_modules/jest-circus/build/utils.js:231:10)
    at _callCircusTest (/Users/yuksehyun/project/CV_Search/crawl-ts/node_modules/jest-circus/build/run.js:316:40)
    at processTicksAndRejections (node:internal/process/task_queues:96:5)
    at _runTest (/Users/yuksehyun/project/CV_Search/crawl-ts/node_modules/jest-circus/build/run.js:252:3)
    at _runTestsForDescribeBlock (/Users/yuksehyun/project/CV_Search/crawl-ts/node_modules/jest-circus/build/run.js:126:9)
    at _runTestsForDescribeBlock (/Users/yuksehyun/project/CV_Search/crawl-ts/node_modules/jest-circus/build/run.js:121:9)
    at run (/Users/yuksehyun/project/CV_Search/crawl-ts/node_modules/jest-circus/build/run.js:71:3)
    at runAndTransformResultsToJestFormat (/Users/yuksehyun/project/CV_Search/crawl-ts/node_modules/jest-circus/build/legacy-code-todo-rewrite/jestAdapterInit.js:122:21)
    at jestAdapter (/Users/yuksehyun/project/CV_Search/crawl-ts/node_modules/jest-circus/build/legacy-code-todo-rewrite/jestAdapter.js:79:19)
    at runTestInternal (/Users/yuksehyun/project/CV_Search/crawl-ts/node_modules/jest-runner/build/runTest.js:367:16)
    at runTest (/Users/yuksehyun/project/CV_Search/crawl-ts/node_modules/jest-runner/build/runTest.js:444:34)
    at Object.worker (/Users/yuksehyun/project/CV_Search/crawl-ts/node_modules/jest-runner/build/testWorker.js:106:12)</pre><pre class="suite-consolelog-item-message">[2025-04-17T13:05:01.596Z] [DEBUG] === URL 방문 시작: http://localhost:80/web-crawler-test.html ===</pre></div><div class="suite-consolelog-item"><pre class="suite-consolelog-item-origin">    at Logger.log (/Users/yuksehyun/project/CV_Search/crawl-ts/src/utils/logger.ts:98:17)
    at Logger.debug (/Users/yuksehyun/project/CV_Search/crawl-ts/src/utils/logger.ts:122:12)
    at ChromeBrowserManager.initBrowser (/Users/yuksehyun/project/CV_Search/crawl-ts/src/browser/ChromeBrowserManager.ts:22:14)
    at WebCrawler.visitUrl (/Users/yuksehyun/project/CV_Search/crawl-ts/src/crawler/WebCrawler.ts:85:49)
    at Object.&lt;anonymous&gt; (/Users/yuksehyun/project/CV_Search/crawl-ts/test/crawler/WebCrawler.test.ts:41:42)
    at Promise.then.completed (/Users/yuksehyun/project/CV_Search/crawl-ts/node_modules/jest-circus/build/utils.js:298:28)
    at new Promise (&lt;anonymous&gt;)
    at callAsyncCircusFn (/Users/yuksehyun/project/CV_Search/crawl-ts/node_modules/jest-circus/build/utils.js:231:10)
    at _callCircusTest (/Users/yuksehyun/project/CV_Search/crawl-ts/node_modules/jest-circus/build/run.js:316:40)
    at processTicksAndRejections (node:internal/process/task_queues:96:5)
    at _runTest (/Users/yuksehyun/project/CV_Search/crawl-ts/node_modules/jest-circus/build/run.js:252:3)
    at _runTestsForDescribeBlock (/Users/yuksehyun/project/CV_Search/crawl-ts/node_modules/jest-circus/build/run.js:126:9)
    at _runTestsForDescribeBlock (/Users/yuksehyun/project/CV_Search/crawl-ts/node_modules/jest-circus/build/run.js:121:9)
    at run (/Users/yuksehyun/project/CV_Search/crawl-ts/node_modules/jest-circus/build/run.js:71:3)
    at runAndTransformResultsToJestFormat (/Users/yuksehyun/project/CV_Search/crawl-ts/node_modules/jest-circus/build/legacy-code-todo-rewrite/jestAdapterInit.js:122:21)
    at jestAdapter (/Users/yuksehyun/project/CV_Search/crawl-ts/node_modules/jest-circus/build/legacy-code-todo-rewrite/jestAdapter.js:79:19)
    at runTestInternal (/Users/yuksehyun/project/CV_Search/crawl-ts/node_modules/jest-runner/build/runTest.js:367:16)
    at runTest (/Users/yuksehyun/project/CV_Search/crawl-ts/node_modules/jest-runner/build/runTest.js:444:34)
    at Object.worker (/Users/yuksehyun/project/CV_Search/crawl-ts/node_modules/jest-runner/build/testWorker.js:106:12)</pre><pre class="suite-consolelog-item-message">[2025-04-17T13:05:01.605Z] [DEBUG] ChromeBrowserManager 초기화...</pre></div><div class="suite-consolelog-item"><pre class="suite-consolelog-item-origin">    at Logger.log (/Users/yuksehyun/project/CV_Search/crawl-ts/src/utils/logger.ts:98:17)
    at Logger.debug (/Users/yuksehyun/project/CV_Search/crawl-ts/src/utils/logger.ts:122:12)
    at ChromeBrowserManager.initBrowser (/Users/yuksehyun/project/CV_Search/crawl-ts/src/browser/ChromeBrowserManager.ts:37:16)
    at processTicksAndRejections (node:internal/process/task_queues:96:5)
    at WebCrawler.visitUrl (/Users/yuksehyun/project/CV_Search/crawl-ts/src/crawler/WebCrawler.ts:85:23)
    at Object.&lt;anonymous&gt; (/Users/yuksehyun/project/CV_Search/crawl-ts/test/crawler/WebCrawler.test.ts:41:28)</pre><pre class="suite-consolelog-item-message">[2025-04-17T13:05:02.445Z] [DEBUG] 브라우저 프로세스 ID: 48978</pre></div><div class="suite-consolelog-item"><pre class="suite-consolelog-item-origin">    at Logger.log (/Users/yuksehyun/project/CV_Search/crawl-ts/src/utils/logger.ts:98:17)
    at Logger.eventInfo (/Users/yuksehyun/project/CV_Search/crawl-ts/src/utils/logger.ts:163:10)
    at WebContentExtractor.extractPageContent (/Users/yuksehyun/project/CV_Search/crawl-ts/src/content/WebContentExtractor.ts:95:14)
    at WebCrawler.visitUrl (/Users/yuksehyun/project/CV_Search/crawl-ts/src/crawler/WebCrawler.ts:108:36)
    at Object.&lt;anonymous&gt; (/Users/yuksehyun/project/CV_Search/crawl-ts/test/crawler/WebCrawler.test.ts:41:28)</pre><pre class="suite-consolelog-item-message">[2025-04-17T13:05:04.819Z] [EVENT] EVENT:extract_page_content {"runtime":3}</pre></div><div class="suite-consolelog-item"><pre class="suite-consolelog-item-origin">    at Logger.log (/Users/yuksehyun/project/CV_Search/crawl-ts/src/utils/logger.ts:98:17)
    at Logger.debug (/Users/yuksehyun/project/CV_Search/crawl-ts/src/utils/logger.ts:122:12)
    at WebContentExtractor.extractLinks (/Users/yuksehyun/project/CV_Search/crawl-ts/src/content/WebContentExtractor.ts:122:14)
    at WebCrawler.visitUrl (/Users/yuksehyun/project/CV_Search/crawl-ts/src/crawler/WebCrawler.ts:123:61)
    at Object.&lt;anonymous&gt; (/Users/yuksehyun/project/CV_Search/crawl-ts/test/crawler/WebCrawler.test.ts:41:28)</pre><pre class="suite-consolelog-item-message">[2025-04-17T13:05:04.822Z] [DEBUG] 링크 추출 중... 기준 URL: http://localhost/web-crawler-test.html, 허용 도메인: localhost</pre></div><div class="suite-consolelog-item"><pre class="suite-consolelog-item-origin">    at Logger.log (/Users/yuksehyun/project/CV_Search/crawl-ts/src/utils/logger.ts:98:17)
    at Logger.debug (/Users/yuksehyun/project/CV_Search/crawl-ts/src/utils/logger.ts:122:12)
    at WebContentExtractor.extractLinks (/Users/yuksehyun/project/CV_Search/crawl-ts/src/content/WebContentExtractor.ts:202:14)
    at WebCrawler.visitUrl (/Users/yuksehyun/project/CV_Search/crawl-ts/src/crawler/WebCrawler.ts:123:33)
    at Object.&lt;anonymous&gt; (/Users/yuksehyun/project/CV_Search/crawl-ts/test/crawler/WebCrawler.test.ts:41:28)</pre><pre class="suite-consolelog-item-message">[2025-04-17T13:05:04.823Z] [DEBUG] 1개의 고유 URL 중 1개 URL이 도메인 필터를 통과했습니다.</pre></div><div class="suite-consolelog-item"><pre class="suite-consolelog-item-origin">    at Logger.log (/Users/yuksehyun/project/CV_Search/crawl-ts/src/utils/logger.ts:98:17)
    at Logger.eventInfo (/Users/yuksehyun/project/CV_Search/crawl-ts/src/utils/logger.ts:163:10)
    at WebCrawler.visitUrl (/Users/yuksehyun/project/CV_Search/crawl-ts/src/crawler/WebCrawler.ts:125:16)
    at Object.&lt;anonymous&gt; (/Users/yuksehyun/project/CV_Search/crawl-ts/test/crawler/WebCrawler.test.ts:41:28)</pre><pre class="suite-consolelog-item-message">[2025-04-17T13:05:04.823Z] [EVENT] EVENT:extract_herf {"url":"http://localhost:80/web-crawler-test.html","runtime":2}</pre></div><div class="suite-consolelog-item"><pre class="suite-consolelog-item-origin">    at /Users/yuksehyun/project/CV_Search/crawl-ts/src/content/WebContentExtractor.ts:224:17
    at async Promise.all (index 0)
    at WebContentExtractor.extractOnclickLinks (/Users/yuksehyun/project/CV_Search/crawl-ts/src/content/WebContentExtractor.ts:215:26)
    at WebCrawler.visitUrl (/Users/yuksehyun/project/CV_Search/crawl-ts/src/crawler/WebCrawler.ts:138:36)
    at Object.&lt;anonymous&gt; (/Users/yuksehyun/project/CV_Search/crawl-ts/test/crawler/WebCrawler.test.ts:41:28)</pre><pre class="suite-consolelog-item-message">http://localhost/redirect.html</pre></div><div class="suite-consolelog-item"><pre class="suite-consolelog-item-origin">    at Logger.log (/Users/yuksehyun/project/CV_Search/crawl-ts/src/utils/logger.ts:98:17)
    at Logger.debug (/Users/yuksehyun/project/CV_Search/crawl-ts/src/utils/logger.ts:122:12)
    at WebCrawler.visitUrl (/Users/yuksehyun/project/CV_Search/crawl-ts/src/crawler/WebCrawler.ts:139:16)
    at Object.&lt;anonymous&gt; (/Users/yuksehyun/project/CV_Search/crawl-ts/test/crawler/WebCrawler.test.ts:41:28)</pre><pre class="suite-consolelog-item-message">[2025-04-17T13:05:05.267Z] [DEBUG] JavaScript 이벤트 처리 생략 (간소화된 구현)</pre></div><div class="suite-consolelog-item"><pre class="suite-consolelog-item-origin">    at Logger.log (/Users/yuksehyun/project/CV_Search/crawl-ts/src/utils/logger.ts:98:17)
    at Logger.eventInfo (/Users/yuksehyun/project/CV_Search/crawl-ts/src/utils/logger.ts:163:10)
    at WebCrawler.visitUrl (/Users/yuksehyun/project/CV_Search/crawl-ts/src/crawler/WebCrawler.ts:168:14)
    at Object.&lt;anonymous&gt; (/Users/yuksehyun/project/CV_Search/crawl-ts/test/crawler/WebCrawler.test.ts:41:28)</pre><pre class="suite-consolelog-item-message">[2025-04-17T13:05:05.268Z] [EVENT] EVENT:visit_url {"runtime":3663}</pre></div><div class="suite-consolelog-item"><pre class="suite-consolelog-item-origin">    at Logger.log (/Users/yuksehyun/project/CV_Search/crawl-ts/src/utils/logger.ts:98:17)
    at Logger.debug (/Users/yuksehyun/project/CV_Search/crawl-ts/src/utils/logger.ts:122:12)
    at WebCrawler.visitUrl (/Users/yuksehyun/project/CV_Search/crawl-ts/src/crawler/WebCrawler.ts:193:18)
    at Object.&lt;anonymous&gt; (/Users/yuksehyun/project/CV_Search/crawl-ts/test/crawler/WebCrawler.test.ts:41:28)</pre><pre class="suite-consolelog-item-message">[2025-04-17T13:05:05.275Z] [DEBUG] 페이지 닫기 완료</pre></div></div></details><details id="suite-2" class="suite-container" open=""><summary class="suite-info"><div class="suite-path">/Users/yuksehyun/project/CV_Search/crawl-ts/test/content/WebContentExtractor.test.ts</div><div class="suite-time">8.6s</div></summary><div class="suite-tests"><div class="test-result passed"><div class="test-info"><div class="test-suitename">WebContentExtractor</div><div class="test-title">should extract title, meta and visible text</div><div class="test-status">passed</div><div class="test-duration">1.483s</div></div></div><div class="test-result passed"><div class="test-info"><div class="test-suitename">WebContentExtractor</div><div class="test-title">should extract links from onclick handlers with redirect</div><div class="test-status">passed</div><div class="test-duration">2.364s</div></div></div><div class="test-result passed"><div class="test-info"><div class="test-suitename">WebContentExtractor</div><div class="test-title">should extract valid links only</div><div class="test-status">passed</div><div class="test-duration">0.367s</div></div></div><div class="test-result passed"><div class="test-info"><div class="test-suitename">WebContentExtractor</div><div class="test-title">should filter links by allowed domains</div><div class="test-status">passed</div><div class="test-duration">0.369s</div></div></div><div class="test-result passed"><div class="test-info"><div class="test-suitename">WebContentExtractor</div><div class="test-title">should support multiple allowed domains</div><div class="test-status">passed</div><div class="test-duration">0.441s</div></div></div><div class="test-result passed"><div class="test-info"><div class="test-suitename">WebContentExtractor</div><div class="test-title">should return empty content on evaluate error</div><div class="test-status">passed</div><div class="test-duration">0.376s</div></div></div><div class="test-result passed"><div class="test-info"><div class="test-suitename">WebContentExtractor</div><div class="test-title">should return empty links on error</div><div class="test-status">passed</div><div class="test-duration">0.36s</div></div></div></div><div class="suite-consolelog"><div class="suite-consolelog-header">Console Log</div><div class="suite-consolelog-item"><pre class="suite-consolelog-item-origin">    at Object.&lt;anonymous&gt; (/Users/yuksehyun/project/CV_Search/crawl-ts/test/content/WebContentExtractor.test.ts:25:13)
    at Promise.then.completed (/Users/yuksehyun/project/CV_Search/crawl-ts/node_modules/jest-circus/build/utils.js:298:28)
    at new Promise (&lt;anonymous&gt;)
    at callAsyncCircusFn (/Users/yuksehyun/project/CV_Search/crawl-ts/node_modules/jest-circus/build/utils.js:231:10)
    at _callCircusHook (/Users/yuksehyun/project/CV_Search/crawl-ts/node_modules/jest-circus/build/run.js:281:40)
    at processTicksAndRejections (node:internal/process/task_queues:96:5)
    at _runTestsForDescribeBlock (/Users/yuksehyun/project/CV_Search/crawl-ts/node_modules/jest-circus/build/run.js:95:7)
    at _runTestsForDescribeBlock (/Users/yuksehyun/project/CV_Search/crawl-ts/node_modules/jest-circus/build/run.js:121:9)
    at run (/Users/yuksehyun/project/CV_Search/crawl-ts/node_modules/jest-circus/build/run.js:71:3)
    at runAndTransformResultsToJestFormat (/Users/yuksehyun/project/CV_Search/crawl-ts/node_modules/jest-circus/build/legacy-code-todo-rewrite/jestAdapterInit.js:122:21)
    at jestAdapter (/Users/yuksehyun/project/CV_Search/crawl-ts/node_modules/jest-circus/build/legacy-code-todo-rewrite/jestAdapter.js:79:19)
    at runTestInternal (/Users/yuksehyun/project/CV_Search/crawl-ts/node_modules/jest-runner/build/runTest.js:367:16)
    at runTest (/Users/yuksehyun/project/CV_Search/crawl-ts/node_modules/jest-runner/build/runTest.js:444:34)
    at Object.worker (/Users/yuksehyun/project/CV_Search/crawl-ts/node_modules/jest-runner/build/testWorker.js:106:12)</pre><pre class="suite-consolelog-item-message">[SETUP] Starting test server setup...</pre></div><div class="suite-consolelog-item"><pre class="suite-consolelog-item-origin">    at Server.&lt;anonymous&gt; (/Users/yuksehyun/project/CV_Search/crawl-ts/test/content/WebContentExtractor.test.ts:38:17)
    at Server.f (/Users/yuksehyun/project/CV_Search/crawl-ts/node_modules/once/once.js:25:25)
    at Object.onceWrapper (node:events:627:28)
    at Server.emit (node:events:513:28)
    at emitListeningNT (node:net:1466:10)
    at processTicksAndRejections (node:internal/process/task_queues:82:21)</pre><pre class="suite-consolelog-item-message">[SERVER] Express server started.</pre></div><div class="suite-consolelog-item"><pre class="suite-consolelog-item-origin">    at Object.&lt;anonymous&gt; (/Users/yuksehyun/project/CV_Search/crawl-ts/test/content/WebContentExtractor.test.ts:46:13)
    at processTicksAndRejections (node:internal/process/task_queues:96:5)</pre><pre class="suite-consolelog-item-message">[SERVER] Server running at: http://127.0.0.1:62793/web-extractor-test.html</pre></div><div class="suite-consolelog-item"><pre class="suite-consolelog-item-origin">    at Object.&lt;anonymous&gt; (/Users/yuksehyun/project/CV_Search/crawl-ts/test/content/WebContentExtractor.test.ts:58:13)
    at processTicksAndRejections (node:internal/process/task_queues:96:5)</pre><pre class="suite-consolelog-item-message">[SETUP] Puppeteer browser launched.</pre></div><div class="suite-consolelog-item"><pre class="suite-consolelog-item-origin">    at Object.&lt;anonymous&gt; (/Users/yuksehyun/project/CV_Search/crawl-ts/test/content/WebContentExtractor.test.ts:63:13)
    at Promise.then.completed (/Users/yuksehyun/project/CV_Search/crawl-ts/node_modules/jest-circus/build/utils.js:298:28)
    at new Promise (&lt;anonymous&gt;)
    at callAsyncCircusFn (/Users/yuksehyun/project/CV_Search/crawl-ts/node_modules/jest-circus/build/utils.js:231:10)
    at _callCircusHook (/Users/yuksehyun/project/CV_Search/crawl-ts/node_modules/jest-circus/build/run.js:281:40)
    at processTicksAndRejections (node:internal/process/task_queues:96:5)
    at _runTest (/Users/yuksehyun/project/CV_Search/crawl-ts/node_modules/jest-circus/build/run.js:246:5)
    at _runTestsForDescribeBlock (/Users/yuksehyun/project/CV_Search/crawl-ts/node_modules/jest-circus/build/run.js:126:9)
    at _runTestsForDescribeBlock (/Users/yuksehyun/project/CV_Search/crawl-ts/node_modules/jest-circus/build/run.js:121:9)
    at run (/Users/yuksehyun/project/CV_Search/crawl-ts/node_modules/jest-circus/build/run.js:71:3)
    at runAndTransformResultsToJestFormat (/Users/yuksehyun/project/CV_Search/crawl-ts/node_modules/jest-circus/build/legacy-code-todo-rewrite/jestAdapterInit.js:122:21)
    at jestAdapter (/Users/yuksehyun/project/CV_Search/crawl-ts/node_modules/jest-circus/build/legacy-code-todo-rewrite/jestAdapter.js:79:19)
    at runTestInternal (/Users/yuksehyun/project/CV_Search/crawl-ts/node_modules/jest-runner/build/runTest.js:367:16)
    at runTest (/Users/yuksehyun/project/CV_Search/crawl-ts/node_modules/jest-runner/build/runTest.js:444:34)
    at Object.worker (/Users/yuksehyun/project/CV_Search/crawl-ts/node_modules/jest-runner/build/testWorker.js:106:12)</pre><pre class="suite-consolelog-item-message">[TEST] Opening new page...</pre></div><div class="suite-consolelog-item"><pre class="suite-consolelog-item-origin">    at Object.&lt;anonymous&gt; (/Users/yuksehyun/project/CV_Search/crawl-ts/test/content/WebContentExtractor.test.ts:66:13)</pre><pre class="suite-consolelog-item-message">[TEST] Navigating to http://127.0.0.1:62793/web-extractor-test.html</pre></div><div class="suite-consolelog-item"><pre class="suite-consolelog-item-origin">    at Object.&lt;anonymous&gt; (/Users/yuksehyun/project/CV_Search/crawl-ts/test/content/WebContentExtractor.test.ts:68:13)</pre><pre class="suite-consolelog-item-message">[TEST] Page loaded successfully.</pre></div><div class="suite-consolelog-item"><pre class="suite-consolelog-item-origin">    at Object.&lt;anonymous&gt; (/Users/yuksehyun/project/CV_Search/crawl-ts/test/content/WebContentExtractor.test.ts:89:13)
    at Promise.then.completed (/Users/yuksehyun/project/CV_Search/crawl-ts/node_modules/jest-circus/build/utils.js:298:28)
    at new Promise (&lt;anonymous&gt;)
    at callAsyncCircusFn (/Users/yuksehyun/project/CV_Search/crawl-ts/node_modules/jest-circus/build/utils.js:231:10)
    at _callCircusTest (/Users/yuksehyun/project/CV_Search/crawl-ts/node_modules/jest-circus/build/run.js:316:40)
    at _runTest (/Users/yuksehyun/project/CV_Search/crawl-ts/node_modules/jest-circus/build/run.js:252:3)
    at _runTestsForDescribeBlock (/Users/yuksehyun/project/CV_Search/crawl-ts/node_modules/jest-circus/build/run.js:126:9)
    at _runTestsForDescribeBlock (/Users/yuksehyun/project/CV_Search/crawl-ts/node_modules/jest-circus/build/run.js:121:9)
    at run (/Users/yuksehyun/project/CV_Search/crawl-ts/node_modules/jest-circus/build/run.js:71:3)
    at runAndTransformResultsToJestFormat (/Users/yuksehyun/project/CV_Search/crawl-ts/node_modules/jest-circus/build/legacy-code-todo-rewrite/jestAdapterInit.js:122:21)
    at jestAdapter (/Users/yuksehyun/project/CV_Search/crawl-ts/node_modules/jest-circus/build/legacy-code-todo-rewrite/jestAdapter.js:79:19)
    at runTestInternal (/Users/yuksehyun/project/CV_Search/crawl-ts/node_modules/jest-runner/build/runTest.js:367:16)
    at runTest (/Users/yuksehyun/project/CV_Search/crawl-ts/node_modules/jest-runner/build/runTest.js:444:34)
    at Object.worker (/Users/yuksehyun/project/CV_Search/crawl-ts/node_modules/jest-runner/build/testWorker.js:106:12)</pre><pre class="suite-consolelog-item-message">[TEST] Running title/meta/text test</pre></div><div class="suite-consolelog-item"><pre class="suite-consolelog-item-origin">    at Logger.log (/Users/yuksehyun/project/CV_Search/crawl-ts/src/utils/logger.ts:98:17)
    at Logger.eventInfo (/Users/yuksehyun/project/CV_Search/crawl-ts/src/utils/logger.ts:163:10)
    at WebContentExtractor.extractPageContent (/Users/yuksehyun/project/CV_Search/crawl-ts/src/content/WebContentExtractor.ts:95:14)
    at Object.&lt;anonymous&gt; (/Users/yuksehyun/project/CV_Search/crawl-ts/test/content/WebContentExtractor.test.ts:90:21)</pre><pre class="suite-consolelog-item-message">[2025-04-17T13:05:01.979Z] [EVENT] EVENT:extract_page_content {"runtime":5}</pre></div><div class="suite-consolelog-item"><pre class="suite-consolelog-item-origin">    at Object.&lt;anonymous&gt; (/Users/yuksehyun/project/CV_Search/crawl-ts/test/content/WebContentExtractor.test.ts:91:13)</pre><pre class="suite-consolelog-item-message">[RESULT] Extracted content: {
  title: 'WebContentExtractor Test Page',
  meta: {
    description: 'Test description for WebContentExtractor',
    keywords: 'test, extractor, content',
    'og:title': 'OG Title'
  },
  text: 'Test Content for WebContentExtractor This is a test paragraph for content extraction testing. Normal Link Relative Link JavaScript Link Email Link Redirect Div `;'
}</pre></div><div class="suite-consolelog-item"><pre class="suite-consolelog-item-origin">    at Object.&lt;anonymous&gt; (/Users/yuksehyun/project/CV_Search/crawl-ts/test/content/WebContentExtractor.test.ts:83:15)
    at Promise.then.completed (/Users/yuksehyun/project/CV_Search/crawl-ts/node_modules/jest-circus/build/utils.js:298:28)
    at new Promise (&lt;anonymous&gt;)
    at callAsyncCircusFn (/Users/yuksehyun/project/CV_Search/crawl-ts/node_modules/jest-circus/build/utils.js:231:10)
    at _callCircusHook (/Users/yuksehyun/project/CV_Search/crawl-ts/node_modules/jest-circus/build/run.js:281:40)
    at _runTest (/Users/yuksehyun/project/CV_Search/crawl-ts/node_modules/jest-circus/build/run.js:254:5)
    at _runTestsForDescribeBlock (/Users/yuksehyun/project/CV_Search/crawl-ts/node_modules/jest-circus/build/run.js:126:9)
    at _runTestsForDescribeBlock (/Users/yuksehyun/project/CV_Search/crawl-ts/node_modules/jest-circus/build/run.js:121:9)
    at run (/Users/yuksehyun/project/CV_Search/crawl-ts/node_modules/jest-circus/build/run.js:71:3)
    at runAndTransformResultsToJestFormat (/Users/yuksehyun/project/CV_Search/crawl-ts/node_modules/jest-circus/build/legacy-code-todo-rewrite/jestAdapterInit.js:122:21)
    at jestAdapter (/Users/yuksehyun/project/CV_Search/crawl-ts/node_modules/jest-circus/build/legacy-code-todo-rewrite/jestAdapter.js:79:19)
    at runTestInternal (/Users/yuksehyun/project/CV_Search/crawl-ts/node_modules/jest-runner/build/runTest.js:367:16)
    at runTest (/Users/yuksehyun/project/CV_Search/crawl-ts/node_modules/jest-runner/build/runTest.js:444:34)
    at Object.worker (/Users/yuksehyun/project/CV_Search/crawl-ts/node_modules/jest-runner/build/testWorker.js:106:12)</pre><pre class="suite-consolelog-item-message">[TEST] Closing page.</pre></div><div class="suite-consolelog-item"><pre class="suite-consolelog-item-origin">    at Object.&lt;anonymous&gt; (/Users/yuksehyun/project/CV_Search/crawl-ts/test/content/WebContentExtractor.test.ts:63:13)
    at Promise.then.completed (/Users/yuksehyun/project/CV_Search/crawl-ts/node_modules/jest-circus/build/utils.js:298:28)
    at new Promise (&lt;anonymous&gt;)
    at callAsyncCircusFn (/Users/yuksehyun/project/CV_Search/crawl-ts/node_modules/jest-circus/build/utils.js:231:10)
    at _callCircusHook (/Users/yuksehyun/project/CV_Search/crawl-ts/node_modules/jest-circus/build/run.js:281:40)
    at _runTest (/Users/yuksehyun/project/CV_Search/crawl-ts/node_modules/jest-circus/build/run.js:246:5)
    at _runTestsForDescribeBlock (/Users/yuksehyun/project/CV_Search/crawl-ts/node_modules/jest-circus/build/run.js:126:9)
    at _runTestsForDescribeBlock (/Users/yuksehyun/project/CV_Search/crawl-ts/node_modules/jest-circus/build/run.js:121:9)
    at run (/Users/yuksehyun/project/CV_Search/crawl-ts/node_modules/jest-circus/build/run.js:71:3)
    at runAndTransformResultsToJestFormat (/Users/yuksehyun/project/CV_Search/crawl-ts/node_modules/jest-circus/build/legacy-code-todo-rewrite/jestAdapterInit.js:122:21)
    at jestAdapter (/Users/yuksehyun/project/CV_Search/crawl-ts/node_modules/jest-circus/build/legacy-code-todo-rewrite/jestAdapter.js:79:19)
    at runTestInternal (/Users/yuksehyun/project/CV_Search/crawl-ts/node_modules/jest-runner/build/runTest.js:367:16)
    at runTest (/Users/yuksehyun/project/CV_Search/crawl-ts/node_modules/jest-runner/build/runTest.js:444:34)
    at Object.worker (/Users/yuksehyun/project/CV_Search/crawl-ts/node_modules/jest-runner/build/testWorker.js:106:12)</pre><pre class="suite-consolelog-item-message">[TEST] Opening new page...</pre></div><div class="suite-consolelog-item"><pre class="suite-consolelog-item-origin">    at Object.&lt;anonymous&gt; (/Users/yuksehyun/project/CV_Search/crawl-ts/test/content/WebContentExtractor.test.ts:66:13)</pre><pre class="suite-consolelog-item-message">[TEST] Navigating to http://127.0.0.1:62793/web-extractor-test.html</pre></div><div class="suite-consolelog-item"><pre class="suite-consolelog-item-origin">    at Object.&lt;anonymous&gt; (/Users/yuksehyun/project/CV_Search/crawl-ts/test/content/WebContentExtractor.test.ts:68:13)</pre><pre class="suite-consolelog-item-message">[TEST] Page loaded successfully.</pre></div><div class="suite-consolelog-item"><pre class="suite-consolelog-item-origin">    at /Users/yuksehyun/project/CV_Search/crawl-ts/src/content/WebContentExtractor.ts:224:17
    at async Promise.all (index 0)
    at WebContentExtractor.extractOnclickLinks (/Users/yuksehyun/project/CV_Search/crawl-ts/src/content/WebContentExtractor.ts:215:26)
    at Object.&lt;anonymous&gt; (/Users/yuksehyun/project/CV_Search/crawl-ts/test/content/WebContentExtractor.test.ts:105:26)</pre><pre class="suite-consolelog-item-message">https://example.com/redirect</pre></div><div class="suite-consolelog-item"><pre class="suite-consolelog-item-origin">    at Object.&lt;anonymous&gt; (/Users/yuksehyun/project/CV_Search/crawl-ts/test/content/WebContentExtractor.test.ts:106:13)</pre><pre class="suite-consolelog-item-message">[RESULT] Extracted onclick links: [ 'https://example.com/redirect' ]</pre></div><div class="suite-consolelog-item"><pre class="suite-consolelog-item-origin">    at Object.&lt;anonymous&gt; (/Users/yuksehyun/project/CV_Search/crawl-ts/test/content/WebContentExtractor.test.ts:83:15)
    at Promise.then.completed (/Users/yuksehyun/project/CV_Search/crawl-ts/node_modules/jest-circus/build/utils.js:298:28)
    at new Promise (&lt;anonymous&gt;)
    at callAsyncCircusFn (/Users/yuksehyun/project/CV_Search/crawl-ts/node_modules/jest-circus/build/utils.js:231:10)
    at _callCircusHook (/Users/yuksehyun/project/CV_Search/crawl-ts/node_modules/jest-circus/build/run.js:281:40)
    at _runTest (/Users/yuksehyun/project/CV_Search/crawl-ts/node_modules/jest-circus/build/run.js:254:5)
    at _runTestsForDescribeBlock (/Users/yuksehyun/project/CV_Search/crawl-ts/node_modules/jest-circus/build/run.js:126:9)
    at _runTestsForDescribeBlock (/Users/yuksehyun/project/CV_Search/crawl-ts/node_modules/jest-circus/build/run.js:121:9)
    at run (/Users/yuksehyun/project/CV_Search/crawl-ts/node_modules/jest-circus/build/run.js:71:3)
    at runAndTransformResultsToJestFormat (/Users/yuksehyun/project/CV_Search/crawl-ts/node_modules/jest-circus/build/legacy-code-todo-rewrite/jestAdapterInit.js:122:21)
    at jestAdapter (/Users/yuksehyun/project/CV_Search/crawl-ts/node_modules/jest-circus/build/legacy-code-todo-rewrite/jestAdapter.js:79:19)
    at runTestInternal (/Users/yuksehyun/project/CV_Search/crawl-ts/node_modules/jest-runner/build/runTest.js:367:16)
    at runTest (/Users/yuksehyun/project/CV_Search/crawl-ts/node_modules/jest-runner/build/runTest.js:444:34)
    at Object.worker (/Users/yuksehyun/project/CV_Search/crawl-ts/node_modules/jest-runner/build/testWorker.js:106:12)</pre><pre class="suite-consolelog-item-message">[TEST] Closing page.</pre></div><div class="suite-consolelog-item"><pre class="suite-consolelog-item-origin">    at Object.&lt;anonymous&gt; (/Users/yuksehyun/project/CV_Search/crawl-ts/test/content/WebContentExtractor.test.ts:63:13)
    at Promise.then.completed (/Users/yuksehyun/project/CV_Search/crawl-ts/node_modules/jest-circus/build/utils.js:298:28)
    at new Promise (&lt;anonymous&gt;)
    at callAsyncCircusFn (/Users/yuksehyun/project/CV_Search/crawl-ts/node_modules/jest-circus/build/utils.js:231:10)
    at _callCircusHook (/Users/yuksehyun/project/CV_Search/crawl-ts/node_modules/jest-circus/build/run.js:281:40)
    at _runTest (/Users/yuksehyun/project/CV_Search/crawl-ts/node_modules/jest-circus/build/run.js:246:5)
    at _runTestsForDescribeBlock (/Users/yuksehyun/project/CV_Search/crawl-ts/node_modules/jest-circus/build/run.js:126:9)
    at _runTestsForDescribeBlock (/Users/yuksehyun/project/CV_Search/crawl-ts/node_modules/jest-circus/build/run.js:121:9)
    at run (/Users/yuksehyun/project/CV_Search/crawl-ts/node_modules/jest-circus/build/run.js:71:3)
    at runAndTransformResultsToJestFormat (/Users/yuksehyun/project/CV_Search/crawl-ts/node_modules/jest-circus/build/legacy-code-todo-rewrite/jestAdapterInit.js:122:21)
    at jestAdapter (/Users/yuksehyun/project/CV_Search/crawl-ts/node_modules/jest-circus/build/legacy-code-todo-rewrite/jestAdapter.js:79:19)
    at runTestInternal (/Users/yuksehyun/project/CV_Search/crawl-ts/node_modules/jest-runner/build/runTest.js:367:16)
    at runTest (/Users/yuksehyun/project/CV_Search/crawl-ts/node_modules/jest-runner/build/runTest.js:444:34)
    at Object.worker (/Users/yuksehyun/project/CV_Search/crawl-ts/node_modules/jest-runner/build/testWorker.js:106:12)</pre><pre class="suite-consolelog-item-message">[TEST] Opening new page...</pre></div><div class="suite-consolelog-item"><pre class="suite-consolelog-item-origin">    at Object.&lt;anonymous&gt; (/Users/yuksehyun/project/CV_Search/crawl-ts/test/content/WebContentExtractor.test.ts:66:13)</pre><pre class="suite-consolelog-item-message">[TEST] Navigating to http://127.0.0.1:62793/web-extractor-test.html</pre></div><div class="suite-consolelog-item"><pre class="suite-consolelog-item-origin">    at Object.&lt;anonymous&gt; (/Users/yuksehyun/project/CV_Search/crawl-ts/test/content/WebContentExtractor.test.ts:68:13)</pre><pre class="suite-consolelog-item-message">[TEST] Page loaded successfully.</pre></div><div class="suite-consolelog-item"><pre class="suite-consolelog-item-origin">    at Logger.log (/Users/yuksehyun/project/CV_Search/crawl-ts/src/utils/logger.ts:98:17)
    at Logger.debug (/Users/yuksehyun/project/CV_Search/crawl-ts/src/utils/logger.ts:122:12)
    at WebContentExtractor.extractLinks (/Users/yuksehyun/project/CV_Search/crawl-ts/src/content/WebContentExtractor.ts:122:14)
    at Object.&lt;anonymous&gt; (/Users/yuksehyun/project/CV_Search/crawl-ts/test/content/WebContentExtractor.test.ts:112:42)
    at Promise.then.completed (/Users/yuksehyun/project/CV_Search/crawl-ts/node_modules/jest-circus/build/utils.js:298:28)
    at new Promise (&lt;anonymous&gt;)
    at callAsyncCircusFn (/Users/yuksehyun/project/CV_Search/crawl-ts/node_modules/jest-circus/build/utils.js:231:10)
    at _callCircusTest (/Users/yuksehyun/project/CV_Search/crawl-ts/node_modules/jest-circus/build/run.js:316:40)
    at _runTest (/Users/yuksehyun/project/CV_Search/crawl-ts/node_modules/jest-circus/build/run.js:252:3)
    at _runTestsForDescribeBlock (/Users/yuksehyun/project/CV_Search/crawl-ts/node_modules/jest-circus/build/run.js:126:9)
    at _runTestsForDescribeBlock (/Users/yuksehyun/project/CV_Search/crawl-ts/node_modules/jest-circus/build/run.js:121:9)
    at run (/Users/yuksehyun/project/CV_Search/crawl-ts/node_modules/jest-circus/build/run.js:71:3)
    at runAndTransformResultsToJestFormat (/Users/yuksehyun/project/CV_Search/crawl-ts/node_modules/jest-circus/build/legacy-code-todo-rewrite/jestAdapterInit.js:122:21)
    at jestAdapter (/Users/yuksehyun/project/CV_Search/crawl-ts/node_modules/jest-circus/build/legacy-code-todo-rewrite/jestAdapter.js:79:19)
    at runTestInternal (/Users/yuksehyun/project/CV_Search/crawl-ts/node_modules/jest-runner/build/runTest.js:367:16)
    at runTest (/Users/yuksehyun/project/CV_Search/crawl-ts/node_modules/jest-runner/build/runTest.js:444:34)
    at Object.worker (/Users/yuksehyun/project/CV_Search/crawl-ts/node_modules/jest-runner/build/testWorker.js:106:12)</pre><pre class="suite-consolelog-item-message">[2025-04-17T13:05:04.735Z] [DEBUG] 링크 추출 중... 기준 URL: http://127.0.0.1:62793/web-extractor-test.html, 허용 도메인: example.com</pre></div><div class="suite-consolelog-item"><pre class="suite-consolelog-item-origin">    at Logger.log (/Users/yuksehyun/project/CV_Search/crawl-ts/src/utils/logger.ts:98:17)
    at Logger.debug (/Users/yuksehyun/project/CV_Search/crawl-ts/src/utils/logger.ts:122:12)
    at WebContentExtractor.extractLinks (/Users/yuksehyun/project/CV_Search/crawl-ts/src/content/WebContentExtractor.ts:202:14)
    at Object.&lt;anonymous&gt; (/Users/yuksehyun/project/CV_Search/crawl-ts/test/content/WebContentExtractor.test.ts:112:19)</pre><pre class="suite-consolelog-item-message">[2025-04-17T13:05:04.737Z] [DEBUG] 2개의 고유 URL 중 1개 URL이 도메인 필터를 통과했습니다.</pre></div><div class="suite-consolelog-item"><pre class="suite-consolelog-item-origin">    at Object.&lt;anonymous&gt; (/Users/yuksehyun/project/CV_Search/crawl-ts/test/content/WebContentExtractor.test.ts:83:15)
    at Promise.then.completed (/Users/yuksehyun/project/CV_Search/crawl-ts/node_modules/jest-circus/build/utils.js:298:28)
    at new Promise (&lt;anonymous&gt;)
    at callAsyncCircusFn (/Users/yuksehyun/project/CV_Search/crawl-ts/node_modules/jest-circus/build/utils.js:231:10)
    at _callCircusHook (/Users/yuksehyun/project/CV_Search/crawl-ts/node_modules/jest-circus/build/run.js:281:40)
    at _runTest (/Users/yuksehyun/project/CV_Search/crawl-ts/node_modules/jest-circus/build/run.js:254:5)
    at _runTestsForDescribeBlock (/Users/yuksehyun/project/CV_Search/crawl-ts/node_modules/jest-circus/build/run.js:126:9)
    at _runTestsForDescribeBlock (/Users/yuksehyun/project/CV_Search/crawl-ts/node_modules/jest-circus/build/run.js:121:9)
    at run (/Users/yuksehyun/project/CV_Search/crawl-ts/node_modules/jest-circus/build/run.js:71:3)
    at runAndTransformResultsToJestFormat (/Users/yuksehyun/project/CV_Search/crawl-ts/node_modules/jest-circus/build/legacy-code-todo-rewrite/jestAdapterInit.js:122:21)
    at jestAdapter (/Users/yuksehyun/project/CV_Search/crawl-ts/node_modules/jest-circus/build/legacy-code-todo-rewrite/jestAdapter.js:79:19)
    at runTestInternal (/Users/yuksehyun/project/CV_Search/crawl-ts/node_modules/jest-runner/build/runTest.js:367:16)
    at runTest (/Users/yuksehyun/project/CV_Search/crawl-ts/node_modules/jest-runner/build/runTest.js:444:34)
    at Object.worker (/Users/yuksehyun/project/CV_Search/crawl-ts/node_modules/jest-runner/build/testWorker.js:106:12)</pre><pre class="suite-consolelog-item-message">[TEST] Closing page.</pre></div><div class="suite-consolelog-item"><pre class="suite-consolelog-item-origin">    at Object.&lt;anonymous&gt; (/Users/yuksehyun/project/CV_Search/crawl-ts/test/content/WebContentExtractor.test.ts:63:13)
    at Promise.then.completed (/Users/yuksehyun/project/CV_Search/crawl-ts/node_modules/jest-circus/build/utils.js:298:28)
    at new Promise (&lt;anonymous&gt;)
    at callAsyncCircusFn (/Users/yuksehyun/project/CV_Search/crawl-ts/node_modules/jest-circus/build/utils.js:231:10)
    at _callCircusHook (/Users/yuksehyun/project/CV_Search/crawl-ts/node_modules/jest-circus/build/run.js:281:40)
    at _runTest (/Users/yuksehyun/project/CV_Search/crawl-ts/node_modules/jest-circus/build/run.js:246:5)
    at _runTestsForDescribeBlock (/Users/yuksehyun/project/CV_Search/crawl-ts/node_modules/jest-circus/build/run.js:126:9)
    at _runTestsForDescribeBlock (/Users/yuksehyun/project/CV_Search/crawl-ts/node_modules/jest-circus/build/run.js:121:9)
    at run (/Users/yuksehyun/project/CV_Search/crawl-ts/node_modules/jest-circus/build/run.js:71:3)
    at runAndTransformResultsToJestFormat (/Users/yuksehyun/project/CV_Search/crawl-ts/node_modules/jest-circus/build/legacy-code-todo-rewrite/jestAdapterInit.js:122:21)
    at jestAdapter (/Users/yuksehyun/project/CV_Search/crawl-ts/node_modules/jest-circus/build/legacy-code-todo-rewrite/jestAdapter.js:79:19)
    at runTestInternal (/Users/yuksehyun/project/CV_Search/crawl-ts/node_modules/jest-runner/build/runTest.js:367:16)
    at runTest (/Users/yuksehyun/project/CV_Search/crawl-ts/node_modules/jest-runner/build/runTest.js:444:34)
    at Object.worker (/Users/yuksehyun/project/CV_Search/crawl-ts/node_modules/jest-runner/build/testWorker.js:106:12)</pre><pre class="suite-consolelog-item-message">[TEST] Opening new page...</pre></div><div class="suite-consolelog-item"><pre class="suite-consolelog-item-origin">    at Object.&lt;anonymous&gt; (/Users/yuksehyun/project/CV_Search/crawl-ts/test/content/WebContentExtractor.test.ts:66:13)</pre><pre class="suite-consolelog-item-message">[TEST] Navigating to http://127.0.0.1:62793/web-extractor-test.html</pre></div><div class="suite-consolelog-item"><pre class="suite-consolelog-item-origin">    at Object.&lt;anonymous&gt; (/Users/yuksehyun/project/CV_Search/crawl-ts/test/content/WebContentExtractor.test.ts:68:13)</pre><pre class="suite-consolelog-item-message">[TEST] Page loaded successfully.</pre></div><div class="suite-consolelog-item"><pre class="suite-consolelog-item-origin">    at Logger.log (/Users/yuksehyun/project/CV_Search/crawl-ts/src/utils/logger.ts:98:17)
    at Logger.debug (/Users/yuksehyun/project/CV_Search/crawl-ts/src/utils/logger.ts:122:12)
    at WebContentExtractor.extractLinks (/Users/yuksehyun/project/CV_Search/crawl-ts/src/content/WebContentExtractor.ts:122:14)
    at Object.&lt;anonymous&gt; (/Users/yuksehyun/project/CV_Search/crawl-ts/test/content/WebContentExtractor.test.ts:119:42)
    at Promise.then.completed (/Users/yuksehyun/project/CV_Search/crawl-ts/node_modules/jest-circus/build/utils.js:298:28)
    at new Promise (&lt;anonymous&gt;)
    at callAsyncCircusFn (/Users/yuksehyun/project/CV_Search/crawl-ts/node_modules/jest-circus/build/utils.js:231:10)
    at _callCircusTest (/Users/yuksehyun/project/CV_Search/crawl-ts/node_modules/jest-circus/build/run.js:316:40)
    at _runTest (/Users/yuksehyun/project/CV_Search/crawl-ts/node_modules/jest-circus/build/run.js:252:3)
    at _runTestsForDescribeBlock (/Users/yuksehyun/project/CV_Search/crawl-ts/node_modules/jest-circus/build/run.js:126:9)
    at _runTestsForDescribeBlock (/Users/yuksehyun/project/CV_Search/crawl-ts/node_modules/jest-circus/build/run.js:121:9)
    at run (/Users/yuksehyun/project/CV_Search/crawl-ts/node_modules/jest-circus/build/run.js:71:3)
    at runAndTransformResultsToJestFormat (/Users/yuksehyun/project/CV_Search/crawl-ts/node_modules/jest-circus/build/legacy-code-todo-rewrite/jestAdapterInit.js:122:21)
    at jestAdapter (/Users/yuksehyun/project/CV_Search/crawl-ts/node_modules/jest-circus/build/legacy-code-todo-rewrite/jestAdapter.js:79:19)
    at runTestInternal (/Users/yuksehyun/project/CV_Search/crawl-ts/node_modules/jest-runner/build/runTest.js:367:16)
    at runTest (/Users/yuksehyun/project/CV_Search/crawl-ts/node_modules/jest-runner/build/runTest.js:444:34)
    at Object.worker (/Users/yuksehyun/project/CV_Search/crawl-ts/node_modules/jest-runner/build/testWorker.js:106:12)</pre><pre class="suite-consolelog-item-message">[2025-04-17T13:05:05.098Z] [DEBUG] 링크 추출 중... 기준 URL: http://127.0.0.1:62793/web-extractor-test.html, 허용 도메인: otherdomain.com</pre></div><div class="suite-consolelog-item"><pre class="suite-consolelog-item-origin">    at Logger.log (/Users/yuksehyun/project/CV_Search/crawl-ts/src/utils/logger.ts:98:17)
    at Logger.debug (/Users/yuksehyun/project/CV_Search/crawl-ts/src/utils/logger.ts:122:12)
    at WebContentExtractor.extractLinks (/Users/yuksehyun/project/CV_Search/crawl-ts/src/content/WebContentExtractor.ts:202:14)
    at Object.&lt;anonymous&gt; (/Users/yuksehyun/project/CV_Search/crawl-ts/test/content/WebContentExtractor.test.ts:119:19)</pre><pre class="suite-consolelog-item-message">[2025-04-17T13:05:05.103Z] [DEBUG] 2개의 고유 URL 중 0개 URL이 도메인 필터를 통과했습니다.</pre></div><div class="suite-consolelog-item"><pre class="suite-consolelog-item-origin">    at Object.&lt;anonymous&gt; (/Users/yuksehyun/project/CV_Search/crawl-ts/test/content/WebContentExtractor.test.ts:83:15)
    at Promise.then.completed (/Users/yuksehyun/project/CV_Search/crawl-ts/node_modules/jest-circus/build/utils.js:298:28)
    at new Promise (&lt;anonymous&gt;)
    at callAsyncCircusFn (/Users/yuksehyun/project/CV_Search/crawl-ts/node_modules/jest-circus/build/utils.js:231:10)
    at _callCircusHook (/Users/yuksehyun/project/CV_Search/crawl-ts/node_modules/jest-circus/build/run.js:281:40)
    at _runTest (/Users/yuksehyun/project/CV_Search/crawl-ts/node_modules/jest-circus/build/run.js:254:5)
    at _runTestsForDescribeBlock (/Users/yuksehyun/project/CV_Search/crawl-ts/node_modules/jest-circus/build/run.js:126:9)
    at _runTestsForDescribeBlock (/Users/yuksehyun/project/CV_Search/crawl-ts/node_modules/jest-circus/build/run.js:121:9)
    at run (/Users/yuksehyun/project/CV_Search/crawl-ts/node_modules/jest-circus/build/run.js:71:3)
    at runAndTransformResultsToJestFormat (/Users/yuksehyun/project/CV_Search/crawl-ts/node_modules/jest-circus/build/legacy-code-todo-rewrite/jestAdapterInit.js:122:21)
    at jestAdapter (/Users/yuksehyun/project/CV_Search/crawl-ts/node_modules/jest-circus/build/legacy-code-todo-rewrite/jestAdapter.js:79:19)
    at runTestInternal (/Users/yuksehyun/project/CV_Search/crawl-ts/node_modules/jest-runner/build/runTest.js:367:16)
    at runTest (/Users/yuksehyun/project/CV_Search/crawl-ts/node_modules/jest-runner/build/runTest.js:444:34)
    at Object.worker (/Users/yuksehyun/project/CV_Search/crawl-ts/node_modules/jest-runner/build/testWorker.js:106:12)</pre><pre class="suite-consolelog-item-message">[TEST] Closing page.</pre></div><div class="suite-consolelog-item"><pre class="suite-consolelog-item-origin">    at Object.&lt;anonymous&gt; (/Users/yuksehyun/project/CV_Search/crawl-ts/test/content/WebContentExtractor.test.ts:63:13)
    at Promise.then.completed (/Users/yuksehyun/project/CV_Search/crawl-ts/node_modules/jest-circus/build/utils.js:298:28)
    at new Promise (&lt;anonymous&gt;)
    at callAsyncCircusFn (/Users/yuksehyun/project/CV_Search/crawl-ts/node_modules/jest-circus/build/utils.js:231:10)
    at _callCircusHook (/Users/yuksehyun/project/CV_Search/crawl-ts/node_modules/jest-circus/build/run.js:281:40)
    at _runTest (/Users/yuksehyun/project/CV_Search/crawl-ts/node_modules/jest-circus/build/run.js:246:5)
    at _runTestsForDescribeBlock (/Users/yuksehyun/project/CV_Search/crawl-ts/node_modules/jest-circus/build/run.js:126:9)
    at _runTestsForDescribeBlock (/Users/yuksehyun/project/CV_Search/crawl-ts/node_modules/jest-circus/build/run.js:121:9)
    at run (/Users/yuksehyun/project/CV_Search/crawl-ts/node_modules/jest-circus/build/run.js:71:3)
    at runAndTransformResultsToJestFormat (/Users/yuksehyun/project/CV_Search/crawl-ts/node_modules/jest-circus/build/legacy-code-todo-rewrite/jestAdapterInit.js:122:21)
    at jestAdapter (/Users/yuksehyun/project/CV_Search/crawl-ts/node_modules/jest-circus/build/legacy-code-todo-rewrite/jestAdapter.js:79:19)
    at runTestInternal (/Users/yuksehyun/project/CV_Search/crawl-ts/node_modules/jest-runner/build/runTest.js:367:16)
    at runTest (/Users/yuksehyun/project/CV_Search/crawl-ts/node_modules/jest-runner/build/runTest.js:444:34)
    at Object.worker (/Users/yuksehyun/project/CV_Search/crawl-ts/node_modules/jest-runner/build/testWorker.js:106:12)</pre><pre class="suite-consolelog-item-message">[TEST] Opening new page...</pre></div><div class="suite-consolelog-item"><pre class="suite-consolelog-item-origin">    at Object.&lt;anonymous&gt; (/Users/yuksehyun/project/CV_Search/crawl-ts/test/content/WebContentExtractor.test.ts:66:13)</pre><pre class="suite-consolelog-item-message">[TEST] Navigating to http://127.0.0.1:62793/web-extractor-test.html</pre></div><div class="suite-consolelog-item"><pre class="suite-consolelog-item-origin">    at Object.&lt;anonymous&gt; (/Users/yuksehyun/project/CV_Search/crawl-ts/test/content/WebContentExtractor.test.ts:68:13)</pre><pre class="suite-consolelog-item-message">[TEST] Page loaded successfully.</pre></div><div class="suite-consolelog-item"><pre class="suite-consolelog-item-origin">    at Logger.log (/Users/yuksehyun/project/CV_Search/crawl-ts/src/utils/logger.ts:98:17)
    at Logger.debug (/Users/yuksehyun/project/CV_Search/crawl-ts/src/utils/logger.ts:122:12)
    at WebContentExtractor.extractLinks (/Users/yuksehyun/project/CV_Search/crawl-ts/src/content/WebContentExtractor.ts:122:14)
    at Object.&lt;anonymous&gt; (/Users/yuksehyun/project/CV_Search/crawl-ts/test/content/WebContentExtractor.test.ts:131:42)</pre><pre class="suite-consolelog-item-message">[2025-04-17T13:05:05.548Z] [DEBUG] 링크 추출 중... 기준 URL: http://127.0.0.1:62793/web-extractor-test.html, 허용 도메인: example.com, otherdomain.com</pre></div><div class="suite-consolelog-item"><pre class="suite-consolelog-item-origin">    at Logger.log (/Users/yuksehyun/project/CV_Search/crawl-ts/src/utils/logger.ts:98:17)
    at Logger.debug (/Users/yuksehyun/project/CV_Search/crawl-ts/src/utils/logger.ts:122:12)
    at WebContentExtractor.extractLinks (/Users/yuksehyun/project/CV_Search/crawl-ts/src/content/WebContentExtractor.ts:202:14)
    at Object.&lt;anonymous&gt; (/Users/yuksehyun/project/CV_Search/crawl-ts/test/content/WebContentExtractor.test.ts:131:19)</pre><pre class="suite-consolelog-item-message">[2025-04-17T13:05:05.549Z] [DEBUG] 3개의 고유 URL 중 2개 URL이 도메인 필터를 통과했습니다.</pre></div><div class="suite-consolelog-item"><pre class="suite-consolelog-item-origin">    at Object.&lt;anonymous&gt; (/Users/yuksehyun/project/CV_Search/crawl-ts/test/content/WebContentExtractor.test.ts:83:15)
    at Promise.then.completed (/Users/yuksehyun/project/CV_Search/crawl-ts/node_modules/jest-circus/build/utils.js:298:28)
    at new Promise (&lt;anonymous&gt;)
    at callAsyncCircusFn (/Users/yuksehyun/project/CV_Search/crawl-ts/node_modules/jest-circus/build/utils.js:231:10)
    at _callCircusHook (/Users/yuksehyun/project/CV_Search/crawl-ts/node_modules/jest-circus/build/run.js:281:40)
    at _runTest (/Users/yuksehyun/project/CV_Search/crawl-ts/node_modules/jest-circus/build/run.js:254:5)
    at _runTestsForDescribeBlock (/Users/yuksehyun/project/CV_Search/crawl-ts/node_modules/jest-circus/build/run.js:126:9)
    at _runTestsForDescribeBlock (/Users/yuksehyun/project/CV_Search/crawl-ts/node_modules/jest-circus/build/run.js:121:9)
    at run (/Users/yuksehyun/project/CV_Search/crawl-ts/node_modules/jest-circus/build/run.js:71:3)
    at runAndTransformResultsToJestFormat (/Users/yuksehyun/project/CV_Search/crawl-ts/node_modules/jest-circus/build/legacy-code-todo-rewrite/jestAdapterInit.js:122:21)
    at jestAdapter (/Users/yuksehyun/project/CV_Search/crawl-ts/node_modules/jest-circus/build/legacy-code-todo-rewrite/jestAdapter.js:79:19)
    at runTestInternal (/Users/yuksehyun/project/CV_Search/crawl-ts/node_modules/jest-runner/build/runTest.js:367:16)
    at runTest (/Users/yuksehyun/project/CV_Search/crawl-ts/node_modules/jest-runner/build/runTest.js:444:34)
    at Object.worker (/Users/yuksehyun/project/CV_Search/crawl-ts/node_modules/jest-runner/build/testWorker.js:106:12)</pre><pre class="suite-consolelog-item-message">[TEST] Closing page.</pre></div><div class="suite-consolelog-item"><pre class="suite-consolelog-item-origin">    at Object.&lt;anonymous&gt; (/Users/yuksehyun/project/CV_Search/crawl-ts/test/content/WebContentExtractor.test.ts:63:13)
    at Promise.then.completed (/Users/yuksehyun/project/CV_Search/crawl-ts/node_modules/jest-circus/build/utils.js:298:28)
    at new Promise (&lt;anonymous&gt;)
    at callAsyncCircusFn (/Users/yuksehyun/project/CV_Search/crawl-ts/node_modules/jest-circus/build/utils.js:231:10)
    at _callCircusHook (/Users/yuksehyun/project/CV_Search/crawl-ts/node_modules/jest-circus/build/run.js:281:40)
    at _runTest (/Users/yuksehyun/project/CV_Search/crawl-ts/node_modules/jest-circus/build/run.js:246:5)
    at _runTestsForDescribeBlock (/Users/yuksehyun/project/CV_Search/crawl-ts/node_modules/jest-circus/build/run.js:126:9)
    at _runTestsForDescribeBlock (/Users/yuksehyun/project/CV_Search/crawl-ts/node_modules/jest-circus/build/run.js:121:9)
    at run (/Users/yuksehyun/project/CV_Search/crawl-ts/node_modules/jest-circus/build/run.js:71:3)
    at runAndTransformResultsToJestFormat (/Users/yuksehyun/project/CV_Search/crawl-ts/node_modules/jest-circus/build/legacy-code-todo-rewrite/jestAdapterInit.js:122:21)
    at jestAdapter (/Users/yuksehyun/project/CV_Search/crawl-ts/node_modules/jest-circus/build/legacy-code-todo-rewrite/jestAdapter.js:79:19)
    at runTestInternal (/Users/yuksehyun/project/CV_Search/crawl-ts/node_modules/jest-runner/build/runTest.js:367:16)
    at runTest (/Users/yuksehyun/project/CV_Search/crawl-ts/node_modules/jest-runner/build/runTest.js:444:34)
    at Object.worker (/Users/yuksehyun/project/CV_Search/crawl-ts/node_modules/jest-runner/build/testWorker.js:106:12)</pre><pre class="suite-consolelog-item-message">[TEST] Opening new page...</pre></div><div class="suite-consolelog-item"><pre class="suite-consolelog-item-origin">    at Object.&lt;anonymous&gt; (/Users/yuksehyun/project/CV_Search/crawl-ts/test/content/WebContentExtractor.test.ts:66:13)</pre><pre class="suite-consolelog-item-message">[TEST] Navigating to http://127.0.0.1:62793/web-extractor-test.html</pre></div><div class="suite-consolelog-item"><pre class="suite-consolelog-item-origin">    at Object.&lt;anonymous&gt; (/Users/yuksehyun/project/CV_Search/crawl-ts/test/content/WebContentExtractor.test.ts:68:13)</pre><pre class="suite-consolelog-item-message">[TEST] Page loaded successfully.</pre></div><div class="suite-consolelog-item"><pre class="suite-consolelog-item-origin">    at Logger.log (/Users/yuksehyun/project/CV_Search/crawl-ts/src/utils/logger.ts:89:17)
    at Logger.error (/Users/yuksehyun/project/CV_Search/crawl-ts/src/utils/logger.ts:154:10)
    at WebContentExtractor.extractPageContent (/Users/yuksehyun/project/CV_Search/crawl-ts/src/content/WebContentExtractor.ts:99:14)
    at Object.&lt;anonymous&gt; (/Users/yuksehyun/project/CV_Search/crawl-ts/test/content/WebContentExtractor.test.ts:140:21)</pre><pre class="suite-consolelog-item-message">[2025-04-17T13:05:05.922Z] [ERROR] 콘텐츠 추출 중 오류: {}</pre></div><div class="suite-consolelog-item"><pre class="suite-consolelog-item-origin">    at Object.&lt;anonymous&gt; (/Users/yuksehyun/project/CV_Search/crawl-ts/test/content/WebContentExtractor.test.ts:83:15)
    at Promise.then.completed (/Users/yuksehyun/project/CV_Search/crawl-ts/node_modules/jest-circus/build/utils.js:298:28)
    at new Promise (&lt;anonymous&gt;)
    at callAsyncCircusFn (/Users/yuksehyun/project/CV_Search/crawl-ts/node_modules/jest-circus/build/utils.js:231:10)
    at _callCircusHook (/Users/yuksehyun/project/CV_Search/crawl-ts/node_modules/jest-circus/build/run.js:281:40)
    at _runTest (/Users/yuksehyun/project/CV_Search/crawl-ts/node_modules/jest-circus/build/run.js:254:5)
    at _runTestsForDescribeBlock (/Users/yuksehyun/project/CV_Search/crawl-ts/node_modules/jest-circus/build/run.js:126:9)
    at _runTestsForDescribeBlock (/Users/yuksehyun/project/CV_Search/crawl-ts/node_modules/jest-circus/build/run.js:121:9)
    at run (/Users/yuksehyun/project/CV_Search/crawl-ts/node_modules/jest-circus/build/run.js:71:3)
    at runAndTransformResultsToJestFormat (/Users/yuksehyun/project/CV_Search/crawl-ts/node_modules/jest-circus/build/legacy-code-todo-rewrite/jestAdapterInit.js:122:21)
    at jestAdapter (/Users/yuksehyun/project/CV_Search/crawl-ts/node_modules/jest-circus/build/legacy-code-todo-rewrite/jestAdapter.js:79:19)
    at runTestInternal (/Users/yuksehyun/project/CV_Search/crawl-ts/node_modules/jest-runner/build/runTest.js:367:16)
    at runTest (/Users/yuksehyun/project/CV_Search/crawl-ts/node_modules/jest-runner/build/runTest.js:444:34)
    at Object.worker (/Users/yuksehyun/project/CV_Search/crawl-ts/node_modules/jest-runner/build/testWorker.js:106:12)</pre><pre class="suite-consolelog-item-message">[TEST] Closing page.</pre></div><div class="suite-consolelog-item"><pre class="suite-consolelog-item-origin">    at Object.&lt;anonymous&gt; (/Users/yuksehyun/project/CV_Search/crawl-ts/test/content/WebContentExtractor.test.ts:63:13)
    at Promise.then.completed (/Users/yuksehyun/project/CV_Search/crawl-ts/node_modules/jest-circus/build/utils.js:298:28)
    at new Promise (&lt;anonymous&gt;)
    at callAsyncCircusFn (/Users/yuksehyun/project/CV_Search/crawl-ts/node_modules/jest-circus/build/utils.js:231:10)
    at _callCircusHook (/Users/yuksehyun/project/CV_Search/crawl-ts/node_modules/jest-circus/build/run.js:281:40)
    at _runTest (/Users/yuksehyun/project/CV_Search/crawl-ts/node_modules/jest-circus/build/run.js:246:5)
    at _runTestsForDescribeBlock (/Users/yuksehyun/project/CV_Search/crawl-ts/node_modules/jest-circus/build/run.js:126:9)
    at _runTestsForDescribeBlock (/Users/yuksehyun/project/CV_Search/crawl-ts/node_modules/jest-circus/build/run.js:121:9)
    at run (/Users/yuksehyun/project/CV_Search/crawl-ts/node_modules/jest-circus/build/run.js:71:3)
    at runAndTransformResultsToJestFormat (/Users/yuksehyun/project/CV_Search/crawl-ts/node_modules/jest-circus/build/legacy-code-todo-rewrite/jestAdapterInit.js:122:21)
    at jestAdapter (/Users/yuksehyun/project/CV_Search/crawl-ts/node_modules/jest-circus/build/legacy-code-todo-rewrite/jestAdapter.js:79:19)
    at runTestInternal (/Users/yuksehyun/project/CV_Search/crawl-ts/node_modules/jest-runner/build/runTest.js:367:16)
    at runTest (/Users/yuksehyun/project/CV_Search/crawl-ts/node_modules/jest-runner/build/runTest.js:444:34)
    at Object.worker (/Users/yuksehyun/project/CV_Search/crawl-ts/node_modules/jest-runner/build/testWorker.js:106:12)</pre><pre class="suite-consolelog-item-message">[TEST] Opening new page...</pre></div><div class="suite-consolelog-item"><pre class="suite-consolelog-item-origin">    at Object.&lt;anonymous&gt; (/Users/yuksehyun/project/CV_Search/crawl-ts/test/content/WebContentExtractor.test.ts:66:13)</pre><pre class="suite-consolelog-item-message">[TEST] Navigating to http://127.0.0.1:62793/web-extractor-test.html</pre></div><div class="suite-consolelog-item"><pre class="suite-consolelog-item-origin">    at Object.&lt;anonymous&gt; (/Users/yuksehyun/project/CV_Search/crawl-ts/test/content/WebContentExtractor.test.ts:68:13)</pre><pre class="suite-consolelog-item-message">[TEST] Page loaded successfully.</pre></div><div class="suite-consolelog-item"><pre class="suite-consolelog-item-origin">    at Logger.log (/Users/yuksehyun/project/CV_Search/crawl-ts/src/utils/logger.ts:98:17)
    at Logger.debug (/Users/yuksehyun/project/CV_Search/crawl-ts/src/utils/logger.ts:122:12)
    at WebContentExtractor.extractLinks (/Users/yuksehyun/project/CV_Search/crawl-ts/src/content/WebContentExtractor.ts:122:14)
    at Object.&lt;anonymous&gt; (/Users/yuksehyun/project/CV_Search/crawl-ts/test/content/WebContentExtractor.test.ts:150:42)
    at Promise.then.completed (/Users/yuksehyun/project/CV_Search/crawl-ts/node_modules/jest-circus/build/utils.js:298:28)
    at new Promise (&lt;anonymous&gt;)
    at callAsyncCircusFn (/Users/yuksehyun/project/CV_Search/crawl-ts/node_modules/jest-circus/build/utils.js:231:10)
    at _callCircusTest (/Users/yuksehyun/project/CV_Search/crawl-ts/node_modules/jest-circus/build/run.js:316:40)
    at _runTest (/Users/yuksehyun/project/CV_Search/crawl-ts/node_modules/jest-circus/build/run.js:252:3)
    at _runTestsForDescribeBlock (/Users/yuksehyun/project/CV_Search/crawl-ts/node_modules/jest-circus/build/run.js:126:9)
    at _runTestsForDescribeBlock (/Users/yuksehyun/project/CV_Search/crawl-ts/node_modules/jest-circus/build/run.js:121:9)
    at run (/Users/yuksehyun/project/CV_Search/crawl-ts/node_modules/jest-circus/build/run.js:71:3)
    at runAndTransformResultsToJestFormat (/Users/yuksehyun/project/CV_Search/crawl-ts/node_modules/jest-circus/build/legacy-code-todo-rewrite/jestAdapterInit.js:122:21)
    at jestAdapter (/Users/yuksehyun/project/CV_Search/crawl-ts/node_modules/jest-circus/build/legacy-code-todo-rewrite/jestAdapter.js:79:19)
    at runTestInternal (/Users/yuksehyun/project/CV_Search/crawl-ts/node_modules/jest-runner/build/runTest.js:367:16)
    at runTest (/Users/yuksehyun/project/CV_Search/crawl-ts/node_modules/jest-runner/build/runTest.js:444:34)
    at Object.worker (/Users/yuksehyun/project/CV_Search/crawl-ts/node_modules/jest-runner/build/testWorker.js:106:12)</pre><pre class="suite-consolelog-item-message">[2025-04-17T13:05:06.286Z] [DEBUG] 링크 추출 중... 기준 URL: http://127.0.0.1:62793/web-extractor-test.html, 허용 도메인: example.com</pre></div><div class="suite-consolelog-item"><pre class="suite-consolelog-item-origin">    at Logger.log (/Users/yuksehyun/project/CV_Search/crawl-ts/src/utils/logger.ts:89:17)
    at Logger.error (/Users/yuksehyun/project/CV_Search/crawl-ts/src/utils/logger.ts:154:10)
    at WebContentExtractor.extractLinks (/Users/yuksehyun/project/CV_Search/crawl-ts/src/content/WebContentExtractor.ts:205:14)
    at Object.&lt;anonymous&gt; (/Users/yuksehyun/project/CV_Search/crawl-ts/test/content/WebContentExtractor.test.ts:150:19)</pre><pre class="suite-consolelog-item-message">[2025-04-17T13:05:06.286Z] [ERROR] 링크 추출 중 오류: {}</pre></div><div class="suite-consolelog-item"><pre class="suite-consolelog-item-origin">    at Object.&lt;anonymous&gt; (/Users/yuksehyun/project/CV_Search/crawl-ts/test/content/WebContentExtractor.test.ts:83:15)
    at Promise.then.completed (/Users/yuksehyun/project/CV_Search/crawl-ts/node_modules/jest-circus/build/utils.js:298:28)
    at new Promise (&lt;anonymous&gt;)
    at callAsyncCircusFn (/Users/yuksehyun/project/CV_Search/crawl-ts/node_modules/jest-circus/build/utils.js:231:10)
    at _callCircusHook (/Users/yuksehyun/project/CV_Search/crawl-ts/node_modules/jest-circus/build/run.js:281:40)
    at _runTest (/Users/yuksehyun/project/CV_Search/crawl-ts/node_modules/jest-circus/build/run.js:254:5)
    at _runTestsForDescribeBlock (/Users/yuksehyun/project/CV_Search/crawl-ts/node_modules/jest-circus/build/run.js:126:9)
    at _runTestsForDescribeBlock (/Users/yuksehyun/project/CV_Search/crawl-ts/node_modules/jest-circus/build/run.js:121:9)
    at run (/Users/yuksehyun/project/CV_Search/crawl-ts/node_modules/jest-circus/build/run.js:71:3)
    at runAndTransformResultsToJestFormat (/Users/yuksehyun/project/CV_Search/crawl-ts/node_modules/jest-circus/build/legacy-code-todo-rewrite/jestAdapterInit.js:122:21)
    at jestAdapter (/Users/yuksehyun/project/CV_Search/crawl-ts/node_modules/jest-circus/build/legacy-code-todo-rewrite/jestAdapter.js:79:19)
    at runTestInternal (/Users/yuksehyun/project/CV_Search/crawl-ts/node_modules/jest-runner/build/runTest.js:367:16)
    at runTest (/Users/yuksehyun/project/CV_Search/crawl-ts/node_modules/jest-runner/build/runTest.js:444:34)
    at Object.worker (/Users/yuksehyun/project/CV_Search/crawl-ts/node_modules/jest-runner/build/testWorker.js:106:12)</pre><pre class="suite-consolelog-item-message">[TEST] Closing page.</pre></div><div class="suite-consolelog-item"><pre class="suite-consolelog-item-origin">    at Object.&lt;anonymous&gt; (/Users/yuksehyun/project/CV_Search/crawl-ts/test/content/WebContentExtractor.test.ts:74:13)
    at Promise.then.completed (/Users/yuksehyun/project/CV_Search/crawl-ts/node_modules/jest-circus/build/utils.js:298:28)
    at new Promise (&lt;anonymous&gt;)
    at callAsyncCircusFn (/Users/yuksehyun/project/CV_Search/crawl-ts/node_modules/jest-circus/build/utils.js:231:10)
    at _callCircusHook (/Users/yuksehyun/project/CV_Search/crawl-ts/node_modules/jest-circus/build/run.js:281:40)
    at _runTestsForDescribeBlock (/Users/yuksehyun/project/CV_Search/crawl-ts/node_modules/jest-circus/build/run.js:154:7)
    at _runTestsForDescribeBlock (/Users/yuksehyun/project/CV_Search/crawl-ts/node_modules/jest-circus/build/run.js:121:9)
    at run (/Users/yuksehyun/project/CV_Search/crawl-ts/node_modules/jest-circus/build/run.js:71:3)
    at runAndTransformResultsToJestFormat (/Users/yuksehyun/project/CV_Search/crawl-ts/node_modules/jest-circus/build/legacy-code-todo-rewrite/jestAdapterInit.js:122:21)
    at jestAdapter (/Users/yuksehyun/project/CV_Search/crawl-ts/node_modules/jest-circus/build/legacy-code-todo-rewrite/jestAdapter.js:79:19)
    at runTestInternal (/Users/yuksehyun/project/CV_Search/crawl-ts/node_modules/jest-runner/build/runTest.js:367:16)
    at runTest (/Users/yuksehyun/project/CV_Search/crawl-ts/node_modules/jest-runner/build/runTest.js:444:34)
    at Object.worker (/Users/yuksehyun/project/CV_Search/crawl-ts/node_modules/jest-runner/build/testWorker.js:106:12)</pre><pre class="suite-consolelog-item-message">[TEARDOWN] Closing Puppeteer and server...</pre></div><div class="suite-consolelog-item"><pre class="suite-consolelog-item-origin">    at Object.&lt;anonymous&gt; (/Users/yuksehyun/project/CV_Search/crawl-ts/test/content/WebContentExtractor.test.ts:77:13)
    at processTicksAndRejections (node:internal/process/task_queues:96:5)</pre><pre class="suite-consolelog-item-message">[TEARDOWN] Done.</pre></div></div></details></main></body></html>