{"/Users/yuksehyun/project/CV_Search/crawl-ts/src/config/config.ts": {"path":"/Users/yuksehyun/project/CV_Search/crawl-ts/src/config/config.ts","statementMap":{"0":{"start":{"line":4,"column":0},"end":{"line":4,"column":33}},"1":{"start":{"line":5,"column":0},"end":{"line":5,"column":29}},"2":{"start":{"line":8,"column":0},"end":{"line":8,"column":63}},"3":{"start":{"line":11,"column":0},"end":{"line":42,"column":2}}},"fnMap":{},"branchMap":{"0":{"loc":{"start":{"line":13,"column":15},"end":{"line":13,"column":84}},"type":"binary-expr","locations":[{"start":{"line":13,"column":15},"end":{"line":13,"column":36}},{"start":{"line":13,"column":40},"end":{"line":13,"column":84}}]},"1":{"loc":{"start":{"line":14,"column":37},"end":{"line":14,"column":81}},"type":"binary-expr","locations":[{"start":{"line":14,"column":37},"end":{"line":14,"column":71}},{"start":{"line":14,"column":75},"end":{"line":14,"column":81}}]},"2":{"loc":{"start":{"line":15,"column":23},"end":{"line":15,"column":52}},"type":"binary-expr","locations":[{"start":{"line":15,"column":23},"end":{"line":15,"column":43}},{"start":{"line":15,"column":47},"end":{"line":15,"column":52}}]},"3":{"loc":{"start":{"line":16,"column":14},"end":{"line":16,"column":50}},"type":"binary-expr","locations":[{"start":{"line":16,"column":14},"end":{"line":16,"column":34}},{"start":{"line":16,"column":38},"end":{"line":16,"column":50}}]},"4":{"loc":{"start":{"line":17,"column":17},"end":{"line":17,"column":67}},"type":"binary-expr","locations":[{"start":{"line":17,"column":17},"end":{"line":17,"column":40}},{"start":{"line":17,"column":44},"end":{"line":17,"column":67}}]},"5":{"loc":{"start":{"line":30,"column":26},"end":{"line":30,"column":66}},"type":"binary-expr","locations":[{"start":{"line":30,"column":26},"end":{"line":30,"column":55}},{"start":{"line":30,"column":59},"end":{"line":30,"column":66}}]},"6":{"loc":{"start":{"line":31,"column":33},"end":{"line":31,"column":80}},"type":"binary-expr","locations":[{"start":{"line":31,"column":33},"end":{"line":31,"column":69}},{"start":{"line":31,"column":73},"end":{"line":31,"column":80}}]},"7":{"loc":{"start":{"line":35,"column":27},"end":{"line":35,"column":78}},"type":"binary-expr","locations":[{"start":{"line":35,"column":27},"end":{"line":35,"column":60}},{"start":{"line":35,"column":64},"end":{"line":35,"column":78}}]},"8":{"loc":{"start":{"line":38,"column":17},"end":{"line":38,"column":86}},"type":"binary-expr","locations":[{"start":{"line":38,"column":17},"end":{"line":38,"column":46}},{"start":{"line":38,"column":50},"end":{"line":38,"column":86}}]},"9":{"loc":{"start":{"line":40,"column":16},"end":{"line":40,"column":70}},"type":"binary-expr","locations":[{"start":{"line":40,"column":16},"end":{"line":40,"column":40}},{"start":{"line":40,"column":44},"end":{"line":40,"column":70}}]},"10":{"loc":{"start":{"line":41,"column":18},"end":{"line":41,"column":60}},"type":"binary-expr","locations":[{"start":{"line":41,"column":18},"end":{"line":41,"column":44}},{"start":{"line":41,"column":48},"end":{"line":41,"column":60}}]}},"s":{"0":2,"1":2,"2":2,"3":2},"f":{},"b":{"0":[2,0],"1":[2,0],"2":[2,0],"3":[2,0],"4":[2,0],"5":[2,0],"6":[2,0],"7":[2,0],"8":[2,0],"9":[2,0],"10":[2,0]}}
,"/Users/yuksehyun/project/CV_Search/crawl-ts/src/crawler/WebCrawler.ts": {"path":"/Users/yuksehyun/project/CV_Search/crawl-ts/src/crawler/WebCrawler.ts","statementMap":{"0":{"start":{"line":4,"column":0},"end":{"line":4,"column":47}},"1":{"start":{"line":5,"column":0},"end":{"line":5,"column":58}},"2":{"start":{"line":6,"column":0},"end":{"line":6,"column":48}},"3":{"start":{"line":11,"column":0},"end":{"line":11,"column":74}},"4":{"start":{"line":34,"column":6},"end":{"line":34,"column":51}},"5":{"start":{"line":35,"column":6},"end":{"line":35,"column":55}},"6":{"start":{"line":36,"column":6},"end":{"line":36,"column":43}},"7":{"start":{"line":37,"column":6},"end":{"line":37,"column":59}},"8":{"start":{"line":45,"column":6},"end":{"line":45,"column":46}},"9":{"start":{"line":47,"column":6},"end":{"line":47,"column":38}},"10":{"start":{"line":49,"column":6},"end":{"line":49,"column":54}},"11":{"start":{"line":51,"column":6},"end":{"line":51,"column":33}},"12":{"start":{"line":62,"column":4},"end":{"line":62,"column":58}},"13":{"start":{"line":63,"column":22},"end":{"line":63,"column":32}},"14":{"start":{"line":65,"column":23},"end":{"line":68,"column":6}},"15":{"start":{"line":71,"column":4},"end":{"line":126,"column":null}},"16":{"start":{"line":73,"column":8},"end":{"line":73,"column":23}},"17":{"start":{"line":74,"column":8},"end":{"line":76,"column":11}},"18":{"start":{"line":75,"column":10},"end":{"line":75,"column":33}},"19":{"start":{"line":80,"column":8},"end":{"line":83,"column":null}},"20":{"start":{"line":87,"column":8},"end":{"line":87,"column":43}},"21":{"start":{"line":88,"column":8},"end":{"line":88,"column":105}},"22":{"start":{"line":89,"column":8},"end":{"line":89,"column":101}},"23":{"start":{"line":89,"column":81},"end":{"line":89,"column":98}},"24":{"start":{"line":93,"column":8},"end":{"line":93,"column":51}},"25":{"start":{"line":94,"column":8},"end":{"line":94,"column":49}},"26":{"start":{"line":95,"column":8},"end":{"line":95,"column":119}},"27":{"start":{"line":95,"column":93},"end":{"line":95,"column":116}},"28":{"start":{"line":99,"column":8},"end":{"line":99,"column":48}},"29":{"start":{"line":100,"column":8},"end":{"line":100,"column":126}},"30":{"start":{"line":100,"column":100},"end":{"line":100,"column":123}},"31":{"start":{"line":103,"column":8},"end":{"line":103,"column":51}},"32":{"start":{"line":104,"column":8},"end":{"line":107,"column":12}},"33":{"start":{"line":108,"column":8},"end":{"line":114,"column":10}},"34":{"start":{"line":115,"column":8},"end":{"line":115,"column":36}},"35":{"start":{"line":116,"column":8},"end":{"line":116,"column":61}},"36":{"start":{"line":116,"column":47},"end":{"line":116,"column":59}},"37":{"start":{"line":118,"column":8},"end":{"line":118,"column":77}},"38":{"start":{"line":119,"column":8},"end":{"line":119,"column":20}},"39":{"start":{"line":122,"column":8},"end":{"line":124,"column":null}},"40":{"start":{"line":123,"column":10},"end":{"line":123,"column":79}},"41":{"start":{"line":138,"column":4},"end":{"line":145,"column":null}},"42":{"start":{"line":139,"column":6},"end":{"line":139,"column":null}},"43":{"start":{"line":140,"column":19},"end":{"line":140,"column":23}},"44":{"start":{"line":142,"column":8},"end":{"line":142,"column":68}},"45":{"start":{"line":143,"column":8},"end":{"line":143,"column":20}},"46":{"start":{"line":156,"column":4},"end":{"line":159,"column":5}},"47":{"start":{"line":157,"column":6},"end":{"line":157,"column":65}},"48":{"start":{"line":158,"column":6},"end":{"line":158,"column":19}},"49":{"start":{"line":161,"column":36},"end":{"line":166,"column":6}},"50":{"start":{"line":168,"column":4},"end":{"line":173,"column":9}},"51":{"start":{"line":169,"column":18},"end":{"line":169,"column":22}},"52":{"start":{"line":171,"column":8},"end":{"line":171,"column":76}},"53":{"start":{"line":172,"column":8},"end":{"line":172,"column":20}},"54":{"start":{"line":179,"column":4},"end":{"line":215,"column":5}},"55":{"start":{"line":180,"column":6},"end":{"line":214,"column":7}},"56":{"start":{"line":181,"column":28},"end":{"line":181,"column":62}},"57":{"start":{"line":182,"column":8},"end":{"line":185,"column":9}},"58":{"start":{"line":183,"column":10},"end":{"line":183,"column":54}},"59":{"start":{"line":184,"column":10},"end":{"line":184,"column":19}},"60":{"start":{"line":187,"column":28},"end":{"line":187,"column":84}},"61":{"start":{"line":188,"column":8},"end":{"line":191,"column":9}},"62":{"start":{"line":189,"column":10},"end":{"line":189,"column":49}},"63":{"start":{"line":190,"column":10},"end":{"line":190,"column":19}},"64":{"start":{"line":193,"column":30},"end":{"line":193,"column":82}},"65":{"start":{"line":194,"column":8},"end":{"line":198,"column":9}},"66":{"start":{"line":195,"column":10},"end":{"line":195,"column":54}},"67":{"start":{"line":196,"column":10},"end":{"line":196,"column":81}},"68":{"start":{"line":197,"column":10},"end":{"line":197,"column":19}},"69":{"start":{"line":200,"column":8},"end":{"line":202,"column":11}},"70":{"start":{"line":201,"column":10},"end":{"line":201,"column":null}},"71":{"start":{"line":204,"column":8},"end":{"line":206,"column":11}},"72":{"start":{"line":205,"column":10},"end":{"line":205,"column":null}},"73":{"start":{"line":209,"column":8},"end":{"line":213,"column":9}},"74":{"start":{"line":210,"column":10},"end":{"line":210,"column":51}},"75":{"start":{"line":211,"column":10},"end":{"line":211,"column":58}},"76":{"start":{"line":212,"column":10},"end":{"line":212,"column":76}},"77":{"start":{"line":223,"column":4},"end":{"line":223,"column":34}},"78":{"start":{"line":224,"column":4},"end":{"line":229,"column":5}},"79":{"start":{"line":225,"column":6},"end":{"line":225,"column":30}},"80":{"start":{"line":226,"column":6},"end":{"line":226,"column":32}},"81":{"start":{"line":228,"column":6},"end":{"line":228,"column":47}},"82":{"start":{"line":230,"column":4},"end":{"line":230,"column":37}},"83":{"start":{"line":17,"column":2},"end":{"line":17,"column":15}}},"fnMap":{"0":{"name":"(anonymous_0)","decl":{"start":{"line":27,"column":4},"end":{"line":27,"column":16}},"loc":{"start":{"line":33,"column":5},"end":{"line":38,"column":5}}},"1":{"name":"(anonymous_1)","decl":{"start":{"line":43,"column":4},"end":{"line":43,"column":9}},"loc":{"start":{"line":43,"column":20},"end":{"line":52,"column":5}}},"2":{"name":"(anonymous_2)","decl":{"start":{"line":59,"column":2},"end":{"line":59,"column":7}},"loc":{"start":{"line":59,"column":44},"end":{"line":129,"column":3}}},"3":{"name":"(anonymous_3)","decl":{"start":{"line":72,"column":12},"end":{"line":72,"column":13}},"loc":{"start":{"line":72,"column":24},"end":{"line":77,"column":7}}},"4":{"name":"(anonymous_4)","decl":{"start":{"line":74,"column":33},"end":{"line":74,"column":38}},"loc":{"start":{"line":74,"column":58},"end":{"line":76,"column":9}}},"5":{"name":"(anonymous_5)","decl":{"start":{"line":79,"column":12},"end":{"line":79,"column":15}},"loc":{"start":{"line":79,"column":17},"end":{"line":84,"column":7}}},"6":{"name":"(anonymous_6)","decl":{"start":{"line":86,"column":12},"end":{"line":86,"column":15}},"loc":{"start":{"line":86,"column":17},"end":{"line":90,"column":7}}},"7":{"name":"(anonymous_7)","decl":{"start":{"line":89,"column":67},"end":{"line":89,"column":68}},"loc":{"start":{"line":89,"column":81},"end":{"line":89,"column":98}}},"8":{"name":"(anonymous_8)","decl":{"start":{"line":92,"column":12},"end":{"line":92,"column":13}},"loc":{"start":{"line":92,"column":24},"end":{"line":96,"column":7}}},"9":{"name":"(anonymous_9)","decl":{"start":{"line":95,"column":79},"end":{"line":95,"column":80}},"loc":{"start":{"line":95,"column":93},"end":{"line":95,"column":116}}},"10":{"name":"(anonymous_10)","decl":{"start":{"line":97,"column":12},"end":{"line":97,"column":13}},"loc":{"start":{"line":97,"column":24},"end":{"line":101,"column":7}}},"11":{"name":"(anonymous_11)","decl":{"start":{"line":100,"column":86},"end":{"line":100,"column":87}},"loc":{"start":{"line":100,"column":100},"end":{"line":100,"column":123}}},"12":{"name":"(anonymous_12)","decl":{"start":{"line":102,"column":12},"end":{"line":102,"column":13}},"loc":{"start":{"line":102,"column":24},"end":{"line":117,"column":7}}},"13":{"name":"(anonymous_13)","decl":{"start":{"line":116,"column":41},"end":{"line":116,"column":44}},"loc":{"start":{"line":116,"column":47},"end":{"line":116,"column":59}}},"14":{"name":"(anonymous_14)","decl":{"start":{"line":117,"column":15},"end":{"line":117,"column":16}},"loc":{"start":{"line":117,"column":25},"end":{"line":120,"column":7}}},"15":{"name":"(anonymous_15)","decl":{"start":{"line":121,"column":15},"end":{"line":121,"column":18}},"loc":{"start":{"line":121,"column":20},"end":{"line":125,"column":7}}},"16":{"name":"(anonymous_16)","decl":{"start":{"line":122,"column":34},"end":{"line":122,"column":35}},"loc":{"start":{"line":122,"column":44},"end":{"line":124,"column":9}}},"17":{"name":"(anonymous_17)","decl":{"start":{"line":136,"column":2},"end":{"line":136,"column":7}},"loc":{"start":{"line":136,"column":35},"end":{"line":146,"column":5}}},"18":{"name":"(anonymous_18)","decl":{"start":{"line":138,"column":52},"end":{"line":138,"column":53}},"loc":{"start":{"line":138,"column":60},"end":{"line":140,"column":5}}},"19":{"name":"(anonymous_19)","decl":{"start":{"line":140,"column":13},"end":{"line":140,"column":16}},"loc":{"start":{"line":140,"column":19},"end":{"line":140,"column":23}}},"20":{"name":"(anonymous_20)","decl":{"start":{"line":141,"column":13},"end":{"line":141,"column":14}},"loc":{"start":{"line":141,"column":23},"end":{"line":144,"column":7}}},"21":{"name":"(anonymous_21)","decl":{"start":{"line":154,"column":4},"end":{"line":154,"column":9}},"loc":{"start":{"line":154,"column":39},"end":{"line":174,"column":3}}},"22":{"name":"(anonymous_22)","decl":{"start":{"line":169,"column":12},"end":{"line":169,"column":15}},"loc":{"start":{"line":169,"column":18},"end":{"line":169,"column":22}}},"23":{"name":"(anonymous_23)","decl":{"start":{"line":170,"column":13},"end":{"line":170,"column":14}},"loc":{"start":{"line":170,"column":23},"end":{"line":173,"column":7}}},"24":{"name":"(anonymous_24)","decl":{"start":{"line":178,"column":0},"end":{"line":178,"column":5}},"loc":{"start":{"line":178,"column":18},"end":{"line":216,"column":1}}},"25":{"name":"(anonymous_25)","decl":{"start":{"line":200,"column":50},"end":{"line":200,"column":53}},"loc":{"start":{"line":200,"column":55},"end":{"line":202,"column":9}}},"26":{"name":"(anonymous_26)","decl":{"start":{"line":204,"column":52},"end":{"line":204,"column":55}},"loc":{"start":{"line":204,"column":57},"end":{"line":206,"column":9}}},"27":{"name":"(anonymous_27)","decl":{"start":{"line":222,"column":2},"end":{"line":222,"column":7}},"loc":{"start":{"line":222,"column":11},"end":{"line":231,"column":3}}}},"branchMap":{"0":{"loc":{"start":{"line":88,"column":35},"end":{"line":88,"column":104}},"type":"cond-expr","locations":[{"start":{"line":88,"column":59},"end":{"line":88,"column":95}},{"start":{"line":88,"column":98},"end":{"line":88,"column":104}}]},"1":{"loc":{"start":{"line":110,"column":16},"end":{"line":110,"column":50}},"type":"binary-expr","locations":[{"start":{"line":110,"column":16},"end":{"line":110,"column":45}},{"start":{"line":110,"column":49},"end":{"line":110,"column":50}}]},"2":{"loc":{"start":{"line":111,"column":19},"end":{"line":111,"column":56}},"type":"binary-expr","locations":[{"start":{"line":111,"column":19},"end":{"line":111,"column":51}},{"start":{"line":111,"column":55},"end":{"line":111,"column":56}}]},"3":{"loc":{"start":{"line":156,"column":4},"end":{"line":159,"column":5}},"type":"if","locations":[{"start":{"line":156,"column":4},"end":{"line":159,"column":5}}]},"4":{"loc":{"start":{"line":182,"column":8},"end":{"line":185,"column":9}},"type":"if","locations":[{"start":{"line":182,"column":8},"end":{"line":185,"column":9}}]},"5":{"loc":{"start":{"line":188,"column":8},"end":{"line":191,"column":9}},"type":"if","locations":[{"start":{"line":188,"column":8},"end":{"line":191,"column":9}}]},"6":{"loc":{"start":{"line":194,"column":8},"end":{"line":198,"column":9}},"type":"if","locations":[{"start":{"line":194,"column":8},"end":{"line":198,"column":9}}]},"7":{"loc":{"start":{"line":209,"column":8},"end":{"line":213,"column":9}},"type":"if","locations":[{"start":{"line":209,"column":8},"end":{"line":213,"column":9}}]}},"s":{"0":1,"1":1,"2":1,"3":1,"4":4,"5":4,"6":4,"7":4,"8":0,"9":0,"10":0,"11":0,"12":3,"13":3,"14":3,"15":3,"16":3,"17":3,"18":0,"19":3,"20":2,"21":2,"22":2,"23":2,"24":2,"25":2,"26":2,"27":2,"28":2,"29":2,"30":2,"31":2,"32":2,"33":2,"34":2,"35":2,"36":2,"37":1,"38":1,"39":3,"40":0,"41":0,"42":0,"43":0,"44":0,"45":0,"46":0,"47":0,"48":0,"49":0,"50":0,"51":0,"52":0,"53":0,"54":0,"55":0,"56":0,"57":0,"58":0,"59":0,"60":0,"61":0,"62":0,"63":0,"64":0,"65":0,"66":0,"67":0,"68":0,"69":0,"70":0,"71":0,"72":0,"73":0,"74":0,"75":0,"76":0,"77":0,"78":0,"79":0,"80":0,"81":0,"82":0,"83":1},"f":{"0":4,"1":0,"2":3,"3":3,"4":0,"5":3,"6":2,"7":2,"8":2,"9":2,"10":2,"11":2,"12":2,"13":2,"14":1,"15":3,"16":0,"17":0,"18":0,"19":0,"20":0,"21":0,"22":0,"23":0,"24":0,"25":0,"26":0,"27":0},"b":{"0":[2,0],"1":[2,0],"2":[2,0],"3":[0],"4":[0],"5":[0],"6":[0],"7":[0]}}
,"/Users/yuksehyun/project/CV_Search/crawl-ts/src/database/MysqlRecruitInfoRepository.ts": {"path":"/Users/yuksehyun/project/CV_Search/crawl-ts/src/database/MysqlRecruitInfoRepository.ts","statementMap":{"0":{"start":{"line":2,"column":0},"end":{"line":2,"column":101}},"1":{"start":{"line":3,"column":0},"end":{"line":3,"column":58}},"2":{"start":{"line":5,"column":0},"end":{"line":5,"column":26}},"3":{"start":{"line":20,"column":24},"end":{"line":20,"column":80}},"4":{"start":{"line":21,"column":4},"end":{"line":48,"column":5}},"5":{"start":{"line":24,"column":6},"end":{"line":24,"column":112}},"6":{"start":{"line":25,"column":6},"end":{"line":25,"column":105}},"7":{"start":{"line":26,"column":6},"end":{"line":28,"column":7}},"8":{"start":{"line":27,"column":8},"end":{"line":27,"column":101}},"9":{"start":{"line":29,"column":6},"end":{"line":39,"column":7}},"10":{"start":{"line":30,"column":8},"end":{"line":38,"column":9}},"11":{"start":{"line":31,"column":9},"end":{"line":37,"column":21}},"12":{"start":{"line":40,"column":6},"end":{"line":40,"column":33}},"13":{"start":{"line":41,"column":6},"end":{"line":41,"column":100}},"14":{"start":{"line":42,"column":6},"end":{"line":42,"column":25}},"15":{"start":{"line":45,"column":6},"end":{"line":45,"column":35}},"16":{"start":{"line":46,"column":6},"end":{"line":46,"column":92}},"17":{"start":{"line":47,"column":6},"end":{"line":47,"column":18}},"18":{"start":{"line":60,"column":4},"end":{"line":81,"column":5}},"19":{"start":{"line":61,"column":18},"end":{"line":61,"column":28}},"20":{"start":{"line":62,"column":46},"end":{"line":70,"column":null}},"21":{"start":{"line":73,"column":6},"end":{"line":77,"column":7}},"22":{"start":{"line":74,"column":8},"end":{"line":74,"column":33}},"23":{"start":{"line":76,"column":8},"end":{"line":76,"column":20}},"24":{"start":{"line":79,"column":6},"end":{"line":79,"column":46}},"25":{"start":{"line":80,"column":6},"end":{"line":80,"column":18}},"26":{"start":{"line":92,"column":4},"end":{"line":99,"column":5}},"27":{"start":{"line":93,"column":18},"end":{"line":93,"column":28}},"28":{"start":{"line":94,"column":42},"end":{"line":94,"column":112}},"29":{"start":{"line":95,"column":6},"end":{"line":95,"column":null}},"30":{"start":{"line":97,"column":6},"end":{"line":97,"column":46}},"31":{"start":{"line":98,"column":6},"end":{"line":98,"column":18}},"32":{"start":{"line":109,"column":3},"end":{"line":121,"column":4}},"33":{"start":{"line":110,"column":21},"end":{"line":111,"column":6}},"34":{"start":{"line":113,"column":4},"end":{"line":117,"column":5}},"35":{"start":{"line":114,"column":6},"end":{"line":114,"column":39}},"36":{"start":{"line":116,"column":6},"end":{"line":116,"column":64}},"37":{"start":{"line":119,"column":5},"end":{"line":119,"column":47}},"38":{"start":{"line":120,"column":5},"end":{"line":120,"column":17}},"39":{"start":{"line":10,"column":0},"end":{"line":10,"column":13}}},"fnMap":{"0":{"name":"(anonymous_1)","decl":{"start":{"line":18,"column":2},"end":{"line":18,"column":7}},"loc":{"start":{"line":18,"column":61},"end":{"line":49,"column":3}}},"1":{"name":"(anonymous_2)","decl":{"start":{"line":58,"column":2},"end":{"line":58,"column":7}},"loc":{"start":{"line":58,"column":61},"end":{"line":82,"column":3}}},"2":{"name":"(anonymous_3)","decl":{"start":{"line":90,"column":2},"end":{"line":90,"column":7}},"loc":{"start":{"line":90,"column":28},"end":{"line":100,"column":3}}},"3":{"name":"(anonymous_4)","decl":{"start":{"line":108,"column":2},"end":{"line":108,"column":7}},"loc":{"start":{"line":108,"column":40},"end":{"line":122,"column":3}}}},"branchMap":{"0":{"loc":{"start":{"line":26,"column":6},"end":{"line":28,"column":7}},"type":"if","locations":[{"start":{"line":26,"column":6},"end":{"line":28,"column":7}}]},"1":{"loc":{"start":{"line":29,"column":6},"end":{"line":39,"column":7}},"type":"if","locations":[{"start":{"line":29,"column":6},"end":{"line":39,"column":7}}]},"2":{"loc":{"start":{"line":73,"column":6},"end":{"line":77,"column":7}},"type":"if","locations":[{"start":{"line":73,"column":6},"end":{"line":77,"column":7}},{"start":{"line":75,"column":13},"end":{"line":77,"column":7}}]},"3":{"loc":{"start":{"line":73,"column":10},"end":{"line":73,"column":56}},"type":"binary-expr","locations":[{"start":{"line":73,"column":10},"end":{"line":73,"column":27}},{"start":{"line":73,"column":31},"end":{"line":73,"column":56}}]},"4":{"loc":{"start":{"line":113,"column":4},"end":{"line":117,"column":5}},"type":"if","locations":[{"start":{"line":113,"column":4},"end":{"line":117,"column":5}},{"start":{"line":115,"column":11},"end":{"line":117,"column":5}}]}},"s":{"0":2,"1":2,"2":2,"3":2,"4":2,"5":2,"6":2,"7":2,"8":0,"9":2,"10":2,"11":6,"12":2,"13":2,"14":2,"15":0,"16":0,"17":0,"18":0,"19":0,"20":0,"21":0,"22":0,"23":0,"24":0,"25":0,"26":0,"27":0,"28":0,"29":0,"30":0,"31":0,"32":1,"33":1,"34":1,"35":1,"36":0,"37":0,"38":0,"39":2},"f":{"0":2,"1":0,"2":0,"3":1},"b":{"0":[0],"1":[2],"2":[0,0],"3":[0,0],"4":[1,0]}}
,"/Users/yuksehyun/project/CV_Search/crawl-ts/src/database/RecruitInfoRepository.ts": {"path":"/Users/yuksehyun/project/CV_Search/crawl-ts/src/database/RecruitInfoRepository.ts","statementMap":{"0":{"start":{"line":3,"column":0},"end":{"line":3,"column":74}},"1":{"start":{"line":4,"column":0},"end":{"line":4,"column":67}},"2":{"start":{"line":5,"column":0},"end":{"line":5,"column":58}},"3":{"start":{"line":14,"column":4},"end":{"line":14,"column":60}},"4":{"start":{"line":15,"column":4},"end":{"line":15,"column":44}},"5":{"start":{"line":19,"column":4},"end":{"line":19,"column":36}},"6":{"start":{"line":24,"column":4},"end":{"line":43,"column":null}},"7":{"start":{"line":26,"column":8},"end":{"line":29,"column":9}},"8":{"start":{"line":27,"column":10},"end":{"line":27,"column":99}},"9":{"start":{"line":28,"column":10},"end":{"line":28,"column":59}},"10":{"start":{"line":30,"column":8},"end":{"line":30,"column":null}},"11":{"start":{"line":34,"column":6},"end":{"line":34,"column":101}},"12":{"start":{"line":35,"column":6},"end":{"line":35,"column":18}},"13":{"start":{"line":38,"column":6},"end":{"line":38,"column":18}},"14":{"start":{"line":41,"column":6},"end":{"line":41,"column":98}},"15":{"start":{"line":42,"column":6},"end":{"line":42,"column":18}},"16":{"start":{"line":6,"column":0},"end":{"line":6,"column":13}}},"fnMap":{"0":{"name":"(anonymous_0)","decl":{"start":{"line":12,"column":2},"end":{"line":12,"column":null}},"loc":{"start":{"line":12,"column":2},"end":{"line":16,"column":3}}},"1":{"name":"(anonymous_1)","decl":{"start":{"line":18,"column":2},"end":{"line":18,"column":7}},"loc":{"start":{"line":18,"column":18},"end":{"line":20,"column":3}}},"2":{"name":"(anonymous_2)","decl":{"start":{"line":22,"column":2},"end":{"line":22,"column":7}},"loc":{"start":{"line":22,"column":61},"end":{"line":45,"column":3}}},"3":{"name":"(anonymous_3)","decl":{"start":{"line":25,"column":6},"end":{"line":25,"column":7}},"loc":{"start":{"line":25,"column":17},"end":{"line":31,"column":7}}},"4":{"name":"(anonymous_4)","decl":{"start":{"line":33,"column":11},"end":{"line":33,"column":12}},"loc":{"start":{"line":33,"column":21},"end":{"line":36,"column":5}}},"5":{"name":"(anonymous_5)","decl":{"start":{"line":37,"column":10},"end":{"line":37,"column":13}},"loc":{"start":{"line":37,"column":15},"end":{"line":39,"column":5}}},"6":{"name":"(anonymous_6)","decl":{"start":{"line":40,"column":11},"end":{"line":40,"column":12}},"loc":{"start":{"line":40,"column":21},"end":{"line":43,"column":5}}}},"branchMap":{"0":{"loc":{"start":{"line":26,"column":8},"end":{"line":29,"column":9}},"type":"if","locations":[{"start":{"line":26,"column":8},"end":{"line":29,"column":9}}]}},"s":{"0":1,"1":1,"2":1,"3":1,"4":1,"5":1,"6":1,"7":1,"8":0,"9":0,"10":1,"11":0,"12":0,"13":1,"14":0,"15":0,"16":1},"f":{"0":1,"1":1,"2":1,"3":1,"4":0,"5":1,"6":0},"b":{"0":[0]}}
,"/Users/yuksehyun/project/CV_Search/crawl-ts/src/message/Consumer.ts": {"path":"/Users/yuksehyun/project/CV_Search/crawl-ts/src/message/Consumer.ts","statementMap":{"0":{"start":{"line":2,"column":0},"end":{"line":2,"column":40}},"1":{"start":{"line":3,"column":0},"end":{"line":3,"column":58}},"2":{"start":{"line":9,"column":4},"end":{"line":9,"column":17}},"3":{"start":{"line":15,"column":2},"end":{"line":18,"column":3}},"4":{"start":{"line":16,"column":4},"end":{"line":16,"column":81}},"5":{"start":{"line":17,"column":4},"end":{"line":17,"column":84}},"6":{"start":{"line":20,"column":3},"end":{"line":20,"column":28}},"7":{"start":{"line":22,"column":2},"end":{"line":22,"column":72}},"8":{"start":{"line":23,"column":2},"end":{"line":33,"column":23}},"9":{"start":{"line":24,"column":4},"end":{"line":32,"column":5}},"10":{"start":{"line":25,"column":6},"end":{"line":31,"column":9}},"11":{"start":{"line":26,"column":8},"end":{"line":26,"column":82}},"12":{"start":{"line":26,"column":28},"end":{"line":26,"column":81}},"13":{"start":{"line":26,"column":47},"end":{"line":26,"column":70}},"14":{"start":{"line":29,"column":8},"end":{"line":29,"column":56}},"15":{"start":{"line":30,"column":8},"end":{"line":30,"column":46}},"16":{"start":{"line":6,"column":0},"end":{"line":6,"column":13}}},"fnMap":{"0":{"name":"(anonymous_0)","decl":{"start":{"line":8,"column":2},"end":{"line":8,"column":14}},"loc":{"start":{"line":8,"column":27},"end":{"line":10,"column":3}}},"1":{"name":"(anonymous_1)","decl":{"start":{"line":13,"column":1},"end":{"line":13,"column":6}},"loc":{"start":{"line":13,"column":104},"end":{"line":35,"column":1}}},"2":{"name":"(anonymous_2)","decl":{"start":{"line":23,"column":41},"end":{"line":23,"column":42}},"loc":{"start":{"line":23,"column":49},"end":{"line":33,"column":3}}},"3":{"name":"(anonymous_3)","decl":{"start":{"line":25,"column":26},"end":{"line":25,"column":29}},"loc":{"start":{"line":26,"column":8},"end":{"line":26,"column":82}}},"4":{"name":"(anonymous_4)","decl":{"start":{"line":26,"column":20},"end":{"line":26,"column":23}},"loc":{"start":{"line":26,"column":25},"end":{"line":26,"column":81}}},"5":{"name":"(anonymous_5)","decl":{"start":{"line":26,"column":39},"end":{"line":26,"column":42}},"loc":{"start":{"line":26,"column":44},"end":{"line":26,"column":71}}},"6":{"name":"(anonymous_6)","decl":{"start":{"line":28,"column":13},"end":{"line":28,"column":14}},"loc":{"start":{"line":28,"column":21},"end":{"line":31,"column":7}}}},"branchMap":{"0":{"loc":{"start":{"line":13,"column":85},"end":{"line":13,"column":104}},"type":"default-arg","locations":[{"start":{"line":13,"column":100},"end":{"line":13,"column":104}}]},"1":{"loc":{"start":{"line":15,"column":2},"end":{"line":18,"column":3}},"type":"if","locations":[{"start":{"line":15,"column":2},"end":{"line":18,"column":3}}]},"2":{"loc":{"start":{"line":24,"column":4},"end":{"line":32,"column":5}},"type":"if","locations":[{"start":{"line":24,"column":4},"end":{"line":32,"column":5}}]}},"s":{"0":1,"1":1,"2":1,"3":1,"4":0,"5":0,"6":1,"7":1,"8":1,"9":2,"10":2,"11":2,"12":2,"13":1,"14":0,"15":0,"16":1},"f":{"0":1,"1":1,"2":2,"3":2,"4":2,"5":1,"6":0},"b":{"0":[0],"1":[0],"2":[2]}}
,"/Users/yuksehyun/project/CV_Search/crawl-ts/src/message/Messenger.ts": {"path":"/Users/yuksehyun/project/CV_Search/crawl-ts/src/message/Messenger.ts","statementMap":{"0":{"start":{"line":1,"column":0},"end":{"line":1,"column":27}},"1":{"start":{"line":2,"column":0},"end":{"line":2,"column":38}},"2":{"start":{"line":4,"column":0},"end":{"line":4,"column":58}},"3":{"start":{"line":14,"column":4},"end":{"line":14,"column":23}},"4":{"start":{"line":18,"column":4},"end":{"line":26,"column":5}},"5":{"start":{"line":19,"column":6},"end":{"line":19,"column":64}},"6":{"start":{"line":20,"column":6},"end":{"line":20,"column":59}},"7":{"start":{"line":21,"column":6},"end":{"line":21,"column":68}},"8":{"start":{"line":22,"column":6},"end":{"line":22,"column":69}},"9":{"start":{"line":24,"column":6},"end":{"line":24,"column":58}},"10":{"start":{"line":25,"column":6},"end":{"line":25,"column":53}},"11":{"start":{"line":30,"column":6},"end":{"line":46,"column":7}},"12":{"start":{"line":31,"column":8},"end":{"line":33,"column":9}},"13":{"start":{"line":32,"column":10},"end":{"line":32,"column":37}},"14":{"start":{"line":34,"column":8},"end":{"line":36,"column":9}},"15":{"start":{"line":35,"column":10},"end":{"line":35,"column":40}},"16":{"start":{"line":37,"column":8},"end":{"line":37,"column":67}},"17":{"start":{"line":40,"column":8},"end":{"line":43,"column":9}},"18":{"start":{"line":41,"column":10},"end":{"line":41,"column":59}},"19":{"start":{"line":42,"column":10},"end":{"line":42,"column":16}},"20":{"start":{"line":44,"column":8},"end":{"line":44,"column":55}},"21":{"start":{"line":45,"column":8},"end":{"line":45,"column":null}},"22":{"start":{"line":7,"column":0},"end":{"line":7,"column":13}}},"fnMap":{"0":{"name":"(anonymous_1)","decl":{"start":{"line":13,"column":2},"end":{"line":13,"column":14}},"loc":{"start":{"line":13,"column":27},"end":{"line":15,"column":3}}},"1":{"name":"(anonymous_2)","decl":{"start":{"line":17,"column":2},"end":{"line":17,"column":7}},"loc":{"start":{"line":17,"column":15},"end":{"line":27,"column":3}}},"2":{"name":"(anonymous_3)","decl":{"start":{"line":29,"column":2},"end":{"line":29,"column":7}},"loc":{"start":{"line":29,"column":13},"end":{"line":47,"column":3}}}},"branchMap":{"0":{"loc":{"start":{"line":31,"column":8},"end":{"line":33,"column":9}},"type":"if","locations":[{"start":{"line":31,"column":8},"end":{"line":33,"column":9}}]},"1":{"loc":{"start":{"line":34,"column":8},"end":{"line":36,"column":9}},"type":"if","locations":[{"start":{"line":34,"column":8},"end":{"line":36,"column":9}}]},"2":{"loc":{"start":{"line":40,"column":8},"end":{"line":43,"column":9}},"type":"if","locations":[{"start":{"line":40,"column":8},"end":{"line":43,"column":9}}]},"3":{"loc":{"start":{"line":40,"column":12},"end":{"line":40,"column":72}},"type":"binary-expr","locations":[{"start":{"line":40,"column":12},"end":{"line":40,"column":34}},{"start":{"line":40,"column":38},"end":{"line":40,"column":72}}]}},"s":{"0":2,"1":2,"2":2,"3":3,"4":3,"5":3,"6":3,"7":3,"8":3,"9":0,"10":0,"11":3,"12":3,"13":3,"14":3,"15":3,"16":3,"17":0,"18":0,"19":0,"20":0,"21":0,"22":2},"f":{"0":3,"1":3,"2":3},"b":{"0":[3],"1":[3],"2":[0],"3":[0,0]}}
,"/Users/yuksehyun/project/CV_Search/crawl-ts/src/message/Producer.ts": {"path":"/Users/yuksehyun/project/CV_Search/crawl-ts/src/message/Producer.ts","statementMap":{"0":{"start":{"line":2,"column":0},"end":{"line":2,"column":58}},"1":{"start":{"line":3,"column":0},"end":{"line":3,"column":74}},"2":{"start":{"line":4,"column":0},"end":{"line":4,"column":40}},"3":{"start":{"line":10,"column":4},"end":{"line":10,"column":17}},"4":{"start":{"line":19,"column":4},"end":{"line":22,"column":5}},"5":{"start":{"line":20,"column":6},"end":{"line":20,"column":66}},"6":{"start":{"line":21,"column":6},"end":{"line":21,"column":59}},"7":{"start":{"line":24,"column":4},"end":{"line":27,"column":5}},"8":{"start":{"line":25,"column":6},"end":{"line":25,"column":83}},"9":{"start":{"line":26,"column":6},"end":{"line":26,"column":86}},"10":{"start":{"line":29,"column":4},"end":{"line":29,"column":79}},"11":{"start":{"line":30,"column":4},"end":{"line":30,"column":73}},"12":{"start":{"line":6,"column":0},"end":{"line":6,"column":13}}},"fnMap":{"0":{"name":"(anonymous_0)","decl":{"start":{"line":9,"column":2},"end":{"line":9,"column":14}},"loc":{"start":{"line":9,"column":27},"end":{"line":11,"column":3}}},"1":{"name":"(anonymous_1)","decl":{"start":{"line":17,"column":2},"end":{"line":17,"column":7}},"loc":{"start":{"line":17,"column":40},"end":{"line":31,"column":3}}}},"branchMap":{"0":{"loc":{"start":{"line":19,"column":4},"end":{"line":22,"column":5}},"type":"if","locations":[{"start":{"line":19,"column":4},"end":{"line":22,"column":5}}]},"1":{"loc":{"start":{"line":24,"column":4},"end":{"line":27,"column":5}},"type":"if","locations":[{"start":{"line":24,"column":4},"end":{"line":27,"column":5}}]}},"s":{"0":2,"1":2,"2":2,"3":2,"4":4,"5":1,"6":1,"7":3,"8":0,"9":0,"10":3,"11":3,"12":2},"f":{"0":2,"1":4},"b":{"0":[1],"1":[0]}}
,"/Users/yuksehyun/project/CV_Search/crawl-ts/src/models/MysqlRecruitInfoModel.ts": {"path":"/Users/yuksehyun/project/CV_Search/crawl-ts/src/models/MysqlRecruitInfoModel.ts","statementMap":{"0":{"start":{"line":1,"column":0},"end":{"line":1,"column":54}},"1":{"start":{"line":6,"column":13},"end":{"line":29,"column":2}},"2":{"start":{"line":31,"column":0},"end":{"line":31,"column":13}},"3":{"start":{"line":53,"column":0},"end":{"line":53,"column":13}},"4":{"start":{"line":61,"column":0},"end":{"line":174,"column":2}},"5":{"start":{"line":178,"column":0},"end":{"line":198,"column":null}}},"fnMap":{},"branchMap":{"0":{"loc":{"start":{"line":7,"column":4},"end":{"line":7,"column":45}},"type":"binary-expr","locations":[{"start":{"line":7,"column":4},"end":{"line":7,"column":30}},{"start":{"line":7,"column":34},"end":{"line":7,"column":45}}]},"1":{"loc":{"start":{"line":8,"column":4},"end":{"line":8,"column":36}},"type":"binary-expr","locations":[{"start":{"line":8,"column":4},"end":{"line":8,"column":26}},{"start":{"line":8,"column":30},"end":{"line":8,"column":36}}]},"2":{"loc":{"start":{"line":9,"column":4},"end":{"line":9,"column":36}},"type":"binary-expr","locations":[{"start":{"line":9,"column":4},"end":{"line":9,"column":30}},{"start":{"line":9,"column":34},"end":{"line":9,"column":36}}]},"3":{"loc":{"start":{"line":11,"column":12},"end":{"line":11,"column":49}},"type":"binary-expr","locations":[{"start":{"line":11,"column":12},"end":{"line":11,"column":34}},{"start":{"line":11,"column":38},"end":{"line":11,"column":49}}]},"4":{"loc":{"start":{"line":12,"column":13},"end":{"line":12,"column":77}},"type":"cond-expr","locations":[{"start":{"line":12,"column":38},"end":{"line":12,"column":70}},{"start":{"line":12,"column":73},"end":{"line":12,"column":77}}]},"5":{"loc":{"start":{"line":14,"column":15},"end":{"line":14,"column":75}},"type":"cond-expr","locations":[{"start":{"line":14,"column":56},"end":{"line":14,"column":67}},{"start":{"line":14,"column":70},"end":{"line":14,"column":75}}]}},"s":{"0":2,"1":2,"2":2,"3":2,"4":2,"5":2},"f":{},"b":{"0":[2,0],"1":[2,0],"2":[2,0],"3":[2,0],"4":[2,0],"5":[0,2]}}
,"/Users/yuksehyun/project/CV_Search/crawl-ts/src/models/RawContentModel.ts": {"path":"/Users/yuksehyun/project/CV_Search/crawl-ts/src/models/RawContentModel.ts","statementMap":{"0":{"start":{"line":1,"column":0},"end":{"line":1,"column":23}},"1":{"start":{"line":41,"column":13},"end":{"line":49,"column":3}}},"fnMap":{},"branchMap":{},"s":{"0":3,"1":3},"f":{},"b":{}}
,"/Users/yuksehyun/project/CV_Search/crawl-ts/src/models/VisitResult.ts": {"path":"/Users/yuksehyun/project/CV_Search/crawl-ts/src/models/VisitResult.ts","statementMap":{"0":{"start":{"line":1,"column":0},"end":{"line":1,"column":54}},"1":{"start":{"line":66,"column":2},"end":{"line":66,"column":26}},"2":{"start":{"line":80,"column":2},"end":{"line":80,"column":26}},"3":{"start":{"line":81,"column":2},"end":{"line":81,"column":29}},"4":{"start":{"line":82,"column":2},"end":{"line":82,"column":29}},"5":{"start":{"line":83,"column":2},"end":{"line":95,"column":4}},"6":{"start":{"line":96,"column":2},"end":{"line":96,"column":27}},"7":{"start":{"line":98,"column":2},"end":{"line":103,"column":10}},"8":{"start":{"line":111,"column":4},"end":{"line":111,"column":30}},"9":{"start":{"line":112,"column":4},"end":{"line":112,"column":36}},"10":{"start":{"line":113,"column":4},"end":{"line":113,"column":41}},"11":{"start":{"line":114,"column":4},"end":{"line":114,"column":36}},"12":{"start":{"line":115,"column":4},"end":{"line":115,"column":56}},"13":{"start":{"line":116,"column":4},"end":{"line":116,"column":52}},"14":{"start":{"line":117,"column":4},"end":{"line":117,"column":52}},"15":{"start":{"line":118,"column":4},"end":{"line":118,"column":34}},"16":{"start":{"line":119,"column":4},"end":{"line":119,"column":40}},"17":{"start":{"line":120,"column":4},"end":{"line":120,"column":28}},"18":{"start":{"line":121,"column":4},"end":{"line":121,"column":26}},"19":{"start":{"line":122,"column":4},"end":{"line":122,"column":40}},"20":{"start":{"line":123,"column":4},"end":{"line":123,"column":40}},"21":{"start":{"line":124,"column":4},"end":{"line":124,"column":46}},"22":{"start":{"line":125,"column":4},"end":{"line":125,"column":46}},"23":{"start":{"line":126,"column":4},"end":{"line":126,"column":41}},"24":{"start":{"line":127,"column":4},"end":{"line":127,"column":28}},"25":{"start":{"line":128,"column":4},"end":{"line":128,"column":36}},"26":{"start":{"line":129,"column":4},"end":{"line":129,"column":36}},"27":{"start":{"line":131,"column":4},"end":{"line":136,"column":5}},"28":{"start":{"line":132,"column":6},"end":{"line":135,"column":8}},"29":{"start":{"line":143,"column":4},"end":{"line":164,"column":6}},"30":{"start":{"line":63,"column":0},"end":{"line":63,"column":13}},"31":{"start":{"line":169,"column":21},"end":{"line":205,"column":2}},"32":{"start":{"line":207,"column":26},"end":{"line":219,"column":4}},"33":{"start":{"line":222,"column":0},"end":{"line":225,"column":3}},"34":{"start":{"line":223,"column":2},"end":{"line":223,"column":31}},"35":{"start":{"line":224,"column":2},"end":{"line":224,"column":9}},"36":{"start":{"line":228,"column":13},"end":{"line":228,"column":91}}},"fnMap":{"0":{"name":"(anonymous_9)","decl":{"start":{"line":110,"column":2},"end":{"line":110,"column":14}},"loc":{"start":{"line":110,"column":41},"end":{"line":137,"column":3}}},"1":{"name":"(anonymous_10)","decl":{"start":{"line":142,"column":2},"end":{"line":142,"column":10}},"loc":{"start":{"line":142,"column":10},"end":{"line":165,"column":3}}},"2":{"name":"(anonymous_11)","decl":{"start":{"line":222,"column":30},"end":{"line":222,"column":39}},"loc":{"start":{"line":222,"column":43},"end":{"line":225,"column":1}}}},"branchMap":{"0":{"loc":{"start":{"line":110,"column":14},"end":{"line":110,"column":41}},"type":"default-arg","locations":[{"start":{"line":110,"column":39},"end":{"line":110,"column":41}}]},"1":{"loc":{"start":{"line":111,"column":15},"end":{"line":111,"column":29}},"type":"binary-expr","locations":[{"start":{"line":111,"column":15},"end":{"line":111,"column":23}},{"start":{"line":111,"column":27},"end":{"line":111,"column":29}}]},"2":{"loc":{"start":{"line":112,"column":18},"end":{"line":112,"column":35}},"type":"binary-expr","locations":[{"start":{"line":112,"column":18},"end":{"line":112,"column":29}},{"start":{"line":112,"column":33},"end":{"line":112,"column":35}}]},"3":{"loc":{"start":{"line":113,"column":19},"end":{"line":113,"column":40}},"type":"binary-expr","locations":[{"start":{"line":113,"column":19},"end":{"line":113,"column":31}},{"start":{"line":113,"column":35},"end":{"line":113,"column":40}}]},"4":{"loc":{"start":{"line":115,"column":24},"end":{"line":115,"column":55}},"type":"binary-expr","locations":[{"start":{"line":115,"column":24},"end":{"line":115,"column":41}},{"start":{"line":115,"column":45},"end":{"line":115,"column":55}}]},"5":{"loc":{"start":{"line":116,"column":22},"end":{"line":116,"column":51}},"type":"binary-expr","locations":[{"start":{"line":116,"column":22},"end":{"line":116,"column":37}},{"start":{"line":116,"column":41},"end":{"line":116,"column":51}}]},"6":{"loc":{"start":{"line":117,"column":22},"end":{"line":117,"column":51}},"type":"binary-expr","locations":[{"start":{"line":117,"column":22},"end":{"line":117,"column":37}},{"start":{"line":117,"column":41},"end":{"line":117,"column":51}}]},"7":{"loc":{"start":{"line":123,"column":20},"end":{"line":123,"column":39}},"type":"binary-expr","locations":[{"start":{"line":123,"column":20},"end":{"line":123,"column":33}},{"start":{"line":123,"column":37},"end":{"line":123,"column":39}}]},"8":{"loc":{"start":{"line":124,"column":23},"end":{"line":124,"column":45}},"type":"binary-expr","locations":[{"start":{"line":124,"column":23},"end":{"line":124,"column":39}},{"start":{"line":124,"column":43},"end":{"line":124,"column":45}}]},"9":{"loc":{"start":{"line":125,"column":23},"end":{"line":125,"column":45}},"type":"binary-expr","locations":[{"start":{"line":125,"column":23},"end":{"line":125,"column":39}},{"start":{"line":125,"column":43},"end":{"line":125,"column":45}}]},"10":{"loc":{"start":{"line":126,"column":19},"end":{"line":126,"column":40}},"type":"binary-expr","locations":[{"start":{"line":126,"column":19},"end":{"line":126,"column":31}},{"start":{"line":126,"column":35},"end":{"line":126,"column":40}}]},"11":{"loc":{"start":{"line":128,"column":18},"end":{"line":128,"column":35}},"type":"binary-expr","locations":[{"start":{"line":128,"column":18},"end":{"line":128,"column":29}},{"start":{"line":128,"column":33},"end":{"line":128,"column":35}}]},"12":{"loc":{"start":{"line":131,"column":4},"end":{"line":136,"column":5}},"type":"if","locations":[{"start":{"line":131,"column":4},"end":{"line":136,"column":5}}]}},"s":{"0":3,"1":3,"2":3,"3":3,"4":3,"5":3,"6":3,"7":3,"8":3,"9":3,"10":3,"11":3,"12":3,"13":3,"14":3,"15":3,"16":3,"17":3,"18":3,"19":3,"20":3,"21":3,"22":3,"23":3,"24":3,"25":3,"26":3,"27":3,"28":0,"29":0,"30":3,"31":3,"32":3,"33":3,"34":0,"35":0,"36":3},"f":{"0":3,"1":0,"2":0},"b":{"0":[0],"1":[3,0],"2":[3,0],"3":[3,3],"4":[3,3],"5":[3,3],"6":[3,3],"7":[3,3],"8":[3,3],"9":[3,3],"10":[3,3],"11":[3,3],"12":[0]}}
,"/Users/yuksehyun/project/CV_Search/crawl-ts/src/parser/GeminiParser.ts": {"path":"/Users/yuksehyun/project/CV_Search/crawl-ts/src/parser/GeminiParser.ts","statementMap":{"0":{"start":{"line":1,"column":0},"end":{"line":1,"column":null}},"1":{"start":{"line":9,"column":0},"end":{"line":9,"column":57}},"2":{"start":{"line":10,"column":0},"end":{"line":10,"column":58}},"3":{"start":{"line":11,"column":0},"end":{"line":11,"column":92}},"4":{"start":{"line":15,"column":23},"end":{"line":15,"column":41}},"5":{"start":{"line":18,"column":28},"end":{"line":30,"column":null}},"6":{"start":{"line":32,"column":32},"end":{"line":119,"column":13}},"7":{"start":{"line":123,"column":6},"end":{"line":147,"column":2}},"8":{"start":{"line":150,"column":6},"end":{"line":184,"column":2}},"9":{"start":{"line":192,"column":4},"end":{"line":192,"column":19}},"10":{"start":{"line":193,"column":4},"end":{"line":193,"column":29}},"11":{"start":{"line":194,"column":4},"end":{"line":194,"column":23}},"12":{"start":{"line":196,"column":4},"end":{"line":198,"column":5}},"13":{"start":{"line":197,"column":6},"end":{"line":197,"column":48}},"14":{"start":{"line":188,"column":0},"end":{"line":188,"column":13}},"15":{"start":{"line":206,"column":10},"end":{"line":206,"column":33}},"16":{"start":{"line":212,"column":4},"end":{"line":212,"column":73}},"17":{"start":{"line":213,"column":4},"end":{"line":213,"column":65}},"18":{"start":{"line":214,"column":4},"end":{"line":216,"column":5}},"19":{"start":{"line":214,"column":37},"end":{"line":214,"column":56}},"20":{"start":{"line":215,"column":6},"end":{"line":215,"column":62}},"21":{"start":{"line":217,"column":4},"end":{"line":217,"column":52}},"22":{"start":{"line":225,"column":16},"end":{"line":225,"column":17}},"23":{"start":{"line":226,"column":4},"end":{"line":229,"column":5}},"24":{"start":{"line":227,"column":6},"end":{"line":227,"column":32}},"25":{"start":{"line":228,"column":6},"end":{"line":228,"column":48}},"26":{"start":{"line":237,"column":4},"end":{"line":275,"column":5}},"27":{"start":{"line":239,"column":23},"end":{"line":263,"column":8}},"28":{"start":{"line":265,"column":41},"end":{"line":265,"column":83}},"29":{"start":{"line":267,"column":6},"end":{"line":269,"column":7}},"30":{"start":{"line":268,"column":8},"end":{"line":268,"column":44}},"31":{"start":{"line":271,"column":6},"end":{"line":271,"column":25}},"32":{"start":{"line":273,"column":6},"end":{"line":273,"column":66}},"33":{"start":{"line":274,"column":6},"end":{"line":274,"column":16}},"34":{"start":{"line":280,"column":4},"end":{"line":329,"column":5}},"35":{"start":{"line":280,"column":23},"end":{"line":280,"column":24}},"36":{"start":{"line":281,"column":6},"end":{"line":328,"column":7}},"37":{"start":{"line":282,"column":22},"end":{"line":288,"column":10}},"38":{"start":{"line":290,"column":8},"end":{"line":290,"column":44}},"39":{"start":{"line":291,"column":23},"end":{"line":317,"column":null}},"40":{"start":{"line":292,"column":28},"end":{"line":292,"column":51}},"41":{"start":{"line":296,"column":14},"end":{"line":296,"column":86}},"42":{"start":{"line":297,"column":15},"end":{"line":299,"column":17}},"43":{"start":{"line":298,"column":17},"end":{"line":298,"column":29}},"44":{"start":{"line":303,"column":12},"end":{"line":306,"column":13}},"45":{"start":{"line":304,"column":14},"end":{"line":304,"column":81}},"46":{"start":{"line":305,"column":14},"end":{"line":305,"column":64}},"47":{"start":{"line":307,"column":12},"end":{"line":307,"column":39}},"48":{"start":{"line":308,"column":33},"end":{"line":308,"column":57}},"49":{"start":{"line":309,"column":12},"end":{"line":309,"column":45}},"50":{"start":{"line":313,"column":14},"end":{"line":313,"column":84}},"51":{"start":{"line":314,"column":15},"end":{"line":316,"column":17}},"52":{"start":{"line":315,"column":17},"end":{"line":315,"column":29}},"53":{"start":{"line":319,"column":8},"end":{"line":321,"column":9}},"54":{"start":{"line":320,"column":10},"end":{"line":320,"column":null}},"55":{"start":{"line":322,"column":8},"end":{"line":322,"column":72}},"56":{"start":{"line":322,"column":39},"end":{"line":322,"column":70}},"57":{"start":{"line":324,"column":8},"end":{"line":324,"column":65}},"58":{"start":{"line":325,"column":8},"end":{"line":327,"column":9}},"59":{"start":{"line":326,"column":10},"end":{"line":326,"column":75}},"60":{"start":{"line":332,"column":4},"end":{"line":341,"column":5}},"61":{"start":{"line":333,"column":21},"end":{"line":333,"column":38}},"62":{"start":{"line":334,"column":6},"end":{"line":336,"column":7}},"63":{"start":{"line":335,"column":8},"end":{"line":335,"column":25}},"64":{"start":{"line":337,"column":6},"end":{"line":337,"column":58}},"65":{"start":{"line":339,"column":6},"end":{"line":339,"column":46}},"66":{"start":{"line":340,"column":6},"end":{"line":340,"column":23}},"67":{"start":{"line":349,"column":4},"end":{"line":413,"column":5}},"68":{"start":{"line":349,"column":23},"end":{"line":349,"column":24}},"69":{"start":{"line":350,"column":6},"end":{"line":412,"column":7}},"70":{"start":{"line":351,"column":22},"end":{"line":357,"column":10}},"71":{"start":{"line":359,"column":8},"end":{"line":359,"column":81}},"72":{"start":{"line":360,"column":22},"end":{"line":401,"column":null}},"73":{"start":{"line":361,"column":28},"end":{"line":361,"column":51}},"74":{"start":{"line":364,"column":14},"end":{"line":364,"column":123}},"75":{"start":{"line":365,"column":15},"end":{"line":367,"column":15}},"76":{"start":{"line":366,"column":16},"end":{"line":366,"column":28}},"77":{"start":{"line":371,"column":12},"end":{"line":374,"column":13}},"78":{"start":{"line":372,"column":14},"end":{"line":372,"column":118}},"79":{"start":{"line":373,"column":14},"end":{"line":373,"column":64}},"80":{"start":{"line":376,"column":25},"end":{"line":376,"column":81}},"81":{"start":{"line":378,"column":12},"end":{"line":378,"column":76}},"82":{"start":{"line":379,"column":12},"end":{"line":379,"column":80}},"83":{"start":{"line":380,"column":12},"end":{"line":380,"column":56}},"84":{"start":{"line":380,"column":34},"end":{"line":380,"column":55}},"85":{"start":{"line":381,"column":12},"end":{"line":381,"column":78}},"86":{"start":{"line":381,"column":44},"end":{"line":381,"column":77}},"87":{"start":{"line":382,"column":12},"end":{"line":382,"column":62}},"88":{"start":{"line":382,"column":31},"end":{"line":382,"column":61}},"89":{"start":{"line":383,"column":12},"end":{"line":383,"column":56}},"90":{"start":{"line":383,"column":35},"end":{"line":383,"column":55}},"91":{"start":{"line":384,"column":12},"end":{"line":386,"column":13}},"92":{"start":{"line":385,"column":14},"end":{"line":385,"column":132}},"93":{"start":{"line":385,"column":64},"end":{"line":385,"column":85}},"94":{"start":{"line":385,"column":108},"end":{"line":385,"column":130}},"95":{"start":{"line":387,"column":12},"end":{"line":389,"column":13}},"96":{"start":{"line":388,"column":14},"end":{"line":388,"column":82}},"97":{"start":{"line":390,"column":12},"end":{"line":392,"column":13}},"98":{"start":{"line":391,"column":14},"end":{"line":391,"column":null}},"99":{"start":{"line":393,"column":12},"end":{"line":393,"column":null}},"100":{"start":{"line":397,"column":14},"end":{"line":397,"column":84}},"101":{"start":{"line":398,"column":14},"end":{"line":400,"column":15}},"102":{"start":{"line":399,"column":16},"end":{"line":399,"column":28}},"103":{"start":{"line":403,"column":8},"end":{"line":405,"column":9}},"104":{"start":{"line":404,"column":10},"end":{"line":404,"column":null}},"105":{"start":{"line":406,"column":8},"end":{"line":406,"column":72}},"106":{"start":{"line":406,"column":39},"end":{"line":406,"column":70}},"107":{"start":{"line":408,"column":8},"end":{"line":408,"column":65}},"108":{"start":{"line":409,"column":8},"end":{"line":411,"column":9}},"109":{"start":{"line":410,"column":10},"end":{"line":410,"column":75}},"110":{"start":{"line":422,"column":16},"end":{"line":422,"column":26}},"111":{"start":{"line":423,"column":4},"end":{"line":430,"column":6}},"112":{"start":{"line":205,"column":0},"end":{"line":205,"column":13}}},"fnMap":{"0":{"name":"geminiRegionTextPrompt","decl":{"start":{"line":122,"column":10},"end":{"line":122,"column":32}},"loc":{"start":{"line":122,"column":49},"end":{"line":148,"column":2}}},"1":{"name":"geminiRecruitInfoPrompt","decl":{"start":{"line":149,"column":9},"end":{"line":149,"column":32}},"loc":{"start":{"line":149,"column":49},"end":{"line":185,"column":2}}},"2":{"name":"(anonymous_2)","decl":{"start":{"line":191,"column":2},"end":{"line":191,"column":14}},"loc":{"start":{"line":191,"column":46},"end":{"line":199,"column":3}}},"3":{"name":"(anonymous_3)","decl":{"start":{"line":210,"column":2},"end":{"line":210,"column":null}},"loc":{"start":{"line":210,"column":2},"end":{"line":220,"column":3}}},"4":{"name":"(anonymous_4)","decl":{"start":{"line":214,"column":26},"end":{"line":214,"column":27}},"loc":{"start":{"line":214,"column":37},"end":{"line":214,"column":56}}},"5":{"name":"(anonymous_5)","decl":{"start":{"line":224,"column":10},"end":{"line":224,"column":12}},"loc":{"start":{"line":224,"column":29},"end":{"line":230,"column":3}}},"6":{"name":"(anonymous_6)","decl":{"start":{"line":236,"column":2},"end":{"line":236,"column":7}},"loc":{"start":{"line":236,"column":45},"end":{"line":276,"column":3}}},"7":{"name":"(anonymous_7)","decl":{"start":{"line":279,"column":2},"end":{"line":279,"column":7}},"loc":{"start":{"line":279,"column":88},"end":{"line":330,"column":5}}},"8":{"name":"(anonymous_8)","decl":{"start":{"line":292,"column":16},"end":{"line":292,"column":17}},"loc":{"start":{"line":292,"column":28},"end":{"line":292,"column":51}}},"9":{"name":"(anonymous_9)","decl":{"start":{"line":295,"column":12},"end":{"line":295,"column":13}},"loc":{"start":{"line":295,"column":22},"end":{"line":300,"column":13}}},"10":{"name":"(anonymous_10)","decl":{"start":{"line":302,"column":16},"end":{"line":302,"column":17}},"loc":{"start":{"line":302,"column":33},"end":{"line":310,"column":11}}},"11":{"name":"(anonymous_11)","decl":{"start":{"line":312,"column":12},"end":{"line":312,"column":13}},"loc":{"start":{"line":312,"column":22},"end":{"line":317,"column":13}}},"12":{"name":"(anonymous_12)","decl":{"start":{"line":322,"column":26},"end":{"line":322,"column":27}},"loc":{"start":{"line":322,"column":39},"end":{"line":322,"column":70}}},"13":{"name":"(anonymous_13)","decl":{"start":{"line":331,"column":2},"end":{"line":331,"column":17}},"loc":{"start":{"line":331,"column":30},"end":{"line":343,"column":3}}},"14":{"name":"(anonymous_14)","decl":{"start":{"line":348,"column":2},"end":{"line":348,"column":7}},"loc":{"start":{"line":348,"column":98},"end":{"line":414,"column":3}}},"15":{"name":"(anonymous_15)","decl":{"start":{"line":361,"column":16},"end":{"line":361,"column":17}},"loc":{"start":{"line":361,"column":28},"end":{"line":361,"column":51}}},"16":{"name":"(anonymous_16)","decl":{"start":{"line":363,"column":12},"end":{"line":363,"column":13}},"loc":{"start":{"line":363,"column":22},"end":{"line":368,"column":13}}},"17":{"name":"(anonymous_17)","decl":{"start":{"line":370,"column":16},"end":{"line":370,"column":17}},"loc":{"start":{"line":370,"column":33},"end":{"line":394,"column":11}}},"18":{"name":"(anonymous_18)","decl":{"start":{"line":385,"column":50},"end":{"line":385,"column":51}},"loc":{"start":{"line":385,"column":64},"end":{"line":385,"column":85}}},"19":{"name":"(anonymous_19)","decl":{"start":{"line":385,"column":94},"end":{"line":385,"column":95}},"loc":{"start":{"line":385,"column":108},"end":{"line":385,"column":130}}},"20":{"name":"(anonymous_20)","decl":{"start":{"line":396,"column":12},"end":{"line":396,"column":13}},"loc":{"start":{"line":396,"column":22},"end":{"line":401,"column":13}}},"21":{"name":"(anonymous_21)","decl":{"start":{"line":406,"column":26},"end":{"line":406,"column":27}},"loc":{"start":{"line":406,"column":39},"end":{"line":406,"column":70}}},"22":{"name":"(anonymous_22)","decl":{"start":{"line":421,"column":2},"end":{"line":421,"column":19}},"loc":{"start":{"line":421,"column":115},"end":{"line":431,"column":3}}}},"branchMap":{"0":{"loc":{"start":{"line":196,"column":4},"end":{"line":198,"column":5}},"type":"if","locations":[{"start":{"line":196,"column":4},"end":{"line":198,"column":5}}]},"1":{"loc":{"start":{"line":212,"column":21},"end":{"line":212,"column":72}},"type":"binary-expr","locations":[{"start":{"line":212,"column":21},"end":{"line":212,"column":45}},{"start":{"line":212,"column":49},"end":{"line":212,"column":72}}]},"2":{"loc":{"start":{"line":213,"column":19},"end":{"line":213,"column":64}},"type":"binary-expr","locations":[{"start":{"line":213,"column":19},"end":{"line":213,"column":58}},{"start":{"line":213,"column":62},"end":{"line":213,"column":64}}]},"3":{"loc":{"start":{"line":214,"column":4},"end":{"line":216,"column":5}},"type":"if","locations":[{"start":{"line":214,"column":4},"end":{"line":216,"column":5}}]},"4":{"loc":{"start":{"line":267,"column":6},"end":{"line":269,"column":7}},"type":"if","locations":[{"start":{"line":267,"column":6},"end":{"line":269,"column":7}}]},"5":{"loc":{"start":{"line":279,"column":65},"end":{"line":279,"column":88}},"type":"default-arg","locations":[{"start":{"line":279,"column":84},"end":{"line":279,"column":88}}]},"6":{"loc":{"start":{"line":297,"column":15},"end":{"line":299,"column":17}},"type":"if","locations":[{"start":{"line":297,"column":15},"end":{"line":299,"column":17}}]},"7":{"loc":{"start":{"line":303,"column":12},"end":{"line":306,"column":13}},"type":"if","locations":[{"start":{"line":303,"column":12},"end":{"line":306,"column":13}}]},"8":{"loc":{"start":{"line":314,"column":15},"end":{"line":316,"column":17}},"type":"if","locations":[{"start":{"line":314,"column":15},"end":{"line":316,"column":17}}]},"9":{"loc":{"start":{"line":319,"column":8},"end":{"line":321,"column":9}},"type":"if","locations":[{"start":{"line":319,"column":8},"end":{"line":321,"column":9}}]},"10":{"loc":{"start":{"line":325,"column":8},"end":{"line":327,"column":9}},"type":"if","locations":[{"start":{"line":325,"column":8},"end":{"line":327,"column":9}}]},"11":{"loc":{"start":{"line":334,"column":6},"end":{"line":336,"column":7}},"type":"if","locations":[{"start":{"line":334,"column":6},"end":{"line":336,"column":7}}]},"12":{"loc":{"start":{"line":334,"column":10},"end":{"line":334,"column":76}},"type":"binary-expr","locations":[{"start":{"line":334,"column":10},"end":{"line":334,"column":41}},{"start":{"line":334,"column":45},"end":{"line":334,"column":76}}]},"13":{"loc":{"start":{"line":337,"column":13},"end":{"line":337,"column":57}},"type":"cond-expr","locations":[{"start":{"line":337,"column":39},"end":{"line":337,"column":48}},{"start":{"line":337,"column":51},"end":{"line":337,"column":57}}]},"14":{"loc":{"start":{"line":348,"column":75},"end":{"line":348,"column":98}},"type":"default-arg","locations":[{"start":{"line":348,"column":94},"end":{"line":348,"column":98}}]},"15":{"loc":{"start":{"line":365,"column":15},"end":{"line":367,"column":15}},"type":"if","locations":[{"start":{"line":365,"column":15},"end":{"line":367,"column":15}}]},"16":{"loc":{"start":{"line":371,"column":12},"end":{"line":374,"column":13}},"type":"if","locations":[{"start":{"line":371,"column":12},"end":{"line":374,"column":13}}]},"17":{"loc":{"start":{"line":380,"column":12},"end":{"line":380,"column":56}},"type":"if","locations":[{"start":{"line":380,"column":12},"end":{"line":380,"column":56}}]},"18":{"loc":{"start":{"line":381,"column":12},"end":{"line":381,"column":78}},"type":"if","locations":[{"start":{"line":381,"column":12},"end":{"line":381,"column":78}}]},"19":{"loc":{"start":{"line":382,"column":12},"end":{"line":382,"column":62}},"type":"if","locations":[{"start":{"line":382,"column":12},"end":{"line":382,"column":62}}]},"20":{"loc":{"start":{"line":383,"column":12},"end":{"line":383,"column":56}},"type":"if","locations":[{"start":{"line":383,"column":12},"end":{"line":383,"column":56}}]},"21":{"loc":{"start":{"line":384,"column":12},"end":{"line":386,"column":13}},"type":"if","locations":[{"start":{"line":384,"column":12},"end":{"line":386,"column":13}}]},"22":{"loc":{"start":{"line":384,"column":16},"end":{"line":384,"column":49}},"type":"binary-expr","locations":[{"start":{"line":384,"column":16},"end":{"line":384,"column":31}},{"start":{"line":384,"column":35},"end":{"line":384,"column":49}}]},"23":{"loc":{"start":{"line":387,"column":12},"end":{"line":389,"column":13}},"type":"if","locations":[{"start":{"line":387,"column":12},"end":{"line":389,"column":13}}]},"24":{"loc":{"start":{"line":388,"column":57},"end":{"line":388,"column":79}},"type":"binary-expr","locations":[{"start":{"line":388,"column":57},"end":{"line":388,"column":73}},{"start":{"line":388,"column":77},"end":{"line":388,"column":79}}]},"25":{"loc":{"start":{"line":390,"column":12},"end":{"line":392,"column":13}},"type":"if","locations":[{"start":{"line":390,"column":12},"end":{"line":392,"column":13}}]},"26":{"loc":{"start":{"line":398,"column":14},"end":{"line":400,"column":15}},"type":"if","locations":[{"start":{"line":398,"column":14},"end":{"line":400,"column":15}}]},"27":{"loc":{"start":{"line":403,"column":8},"end":{"line":405,"column":9}},"type":"if","locations":[{"start":{"line":403,"column":8},"end":{"line":405,"column":9}}]},"28":{"loc":{"start":{"line":409,"column":8},"end":{"line":411,"column":9}},"type":"if","locations":[{"start":{"line":409,"column":8},"end":{"line":411,"column":9}}]},"29":{"loc":{"start":{"line":426,"column":15},"end":{"line":426,"column":34}},"type":"binary-expr","locations":[{"start":{"line":426,"column":15},"end":{"line":426,"column":22}},{"start":{"line":426,"column":25},"end":{"line":426,"column":34}}]}},"s":{"0":2,"1":2,"2":2,"3":2,"4":2,"5":2,"6":2,"7":10,"8":11,"9":0,"10":0,"11":0,"12":0,"13":0,"14":2,"15":2,"16":2,"17":2,"18":2,"19":18,"20":0,"21":2,"22":2,"23":2,"24":21,"25":19,"26":4,"27":4,"28":4,"29":4,"30":0,"31":4,"32":0,"33":0,"34":10,"35":10,"36":10,"37":10,"38":10,"39":10,"40":10,"41":0,"42":0,"43":0,"44":10,"45":0,"46":0,"47":10,"48":10,"49":10,"50":0,"51":0,"52":0,"53":10,"54":10,"55":0,"56":0,"57":0,"58":0,"59":0,"60":20,"61":20,"62":20,"63":17,"64":3,"65":0,"66":0,"67":11,"68":11,"69":11,"70":11,"71":11,"72":11,"73":10,"74":0,"75":0,"76":0,"77":10,"78":0,"79":0,"80":10,"81":10,"82":10,"83":10,"84":6,"85":10,"86":0,"87":10,"88":6,"89":10,"90":0,"91":10,"92":10,"93":2,"94":2,"95":10,"96":2,"97":10,"98":8,"99":10,"100":0,"101":0,"102":0,"103":10,"104":10,"105":0,"106":0,"107":0,"108":0,"109":0,"110":0,"111":0,"112":2},"f":{"0":10,"1":11,"2":0,"3":2,"4":18,"5":2,"6":4,"7":10,"8":10,"9":0,"10":10,"11":0,"12":0,"13":20,"14":11,"15":10,"16":0,"17":10,"18":2,"19":2,"20":0,"21":0,"22":0},"b":{"0":[0],"1":[2,0],"2":[2,0],"3":[0],"4":[0],"5":[0],"6":[0],"7":[0],"8":[0],"9":[10],"10":[0],"11":[17],"12":[20,3],"13":[0,3],"14":[11],"15":[0],"16":[0],"17":[6],"18":[0],"19":[6],"20":[0],"21":[10],"22":[10,10],"23":[2],"24":[2,0],"25":[8],"26":[0],"27":[10],"28":[0],"29":[0,0]}}
,"/Users/yuksehyun/project/CV_Search/crawl-ts/src/trasnform/Transform.ts": {"path":"/Users/yuksehyun/project/CV_Search/crawl-ts/src/trasnform/Transform.ts","statementMap":{"0":{"start":{"line":45,"column":0},"end":{"line":45,"column":16}},"1":{"start":{"line":57,"column":0},"end":{"line":57,"column":16}},"2":{"start":{"line":78,"column":0},"end":{"line":78,"column":7}},"3":{"start":{"line":1,"column":0},"end":{"line":1,"column":48}},"4":{"start":{"line":3,"column":0},"end":{"line":3,"column":58}},"5":{"start":{"line":5,"column":13},"end":{"line":5,"column":null}},"6":{"start":{"line":6,"column":13},"end":{"line":6,"column":null}},"7":{"start":{"line":9,"column":13},"end":{"line":9,"column":58}},"8":{"start":{"line":27,"column":40},"end":{"line":27,"column":42}},"9":{"start":{"line":30,"column":2},"end":{"line":33,"column":5}},"10":{"start":{"line":32,"column":4},"end":{"line":32,"column":30}},"11":{"start":{"line":35,"column":2},"end":{"line":35,"column":15}},"12":{"start":{"line":40,"column":2},"end":{"line":40,"column":38}},"13":{"start":{"line":40,"column":26},"end":{"line":40,"column":38}},"14":{"start":{"line":41,"column":2},"end":{"line":41,"column":36}},"15":{"start":{"line":46,"column":2},"end":{"line":54,"column":3}},"16":{"start":{"line":47,"column":4},"end":{"line":47,"column":57}},"17":{"start":{"line":47,"column":34},"end":{"line":47,"column":57}},"18":{"start":{"line":48,"column":4},"end":{"line":48,"column":46}},"19":{"start":{"line":48,"column":29},"end":{"line":48,"column":46}},"20":{"start":{"line":49,"column":19},"end":{"line":49,"column":58}},"21":{"start":{"line":50,"column":4},"end":{"line":50,"column":35}},"22":{"start":{"line":50,"column":18},"end":{"line":50,"column":35}},"23":{"start":{"line":51,"column":4},"end":{"line":51,"column":21}},"24":{"start":{"line":53,"column":4},"end":{"line":53,"column":21}},"25":{"start":{"line":60,"column":27},"end":{"line":60,"column":29}},"26":{"start":{"line":62,"column":2},"end":{"line":70,"column":5}},"27":{"start":{"line":64,"column":21},"end":{"line":64,"column":86}},"28":{"start":{"line":66,"column":4},"end":{"line":68,"column":5}},"29":{"start":{"line":67,"column":6},"end":{"line":67,"column":29}},"30":{"start":{"line":72,"column":2},"end":{"line":72,"column":16}},"31":{"start":{"line":80,"column":2},"end":{"line":82,"column":3}},"32":{"start":{"line":81,"column":4},"end":{"line":81,"column":29}},"33":{"start":{"line":83,"column":18},"end":{"line":83,"column":45}},"34":{"start":{"line":84,"column":2},"end":{"line":84,"column":35}},"35":{"start":{"line":85,"column":2},"end":{"line":113,"column":null}},"36":{"start":{"line":87,"column":6},"end":{"line":87,"column":30}},"37":{"start":{"line":87,"column":20},"end":{"line":87,"column":30}},"38":{"start":{"line":88,"column":18},"end":{"line":91,"column":39}},"39":{"start":{"line":89,"column":21},"end":{"line":89,"column":36}},"40":{"start":{"line":90,"column":19},"end":{"line":90,"column":60}},"41":{"start":{"line":91,"column":22},"end":{"line":91,"column":38}},"42":{"start":{"line":92,"column":6},"end":{"line":92,"column":null}},"43":{"start":{"line":96,"column":6},"end":{"line":96,"column":null}},"44":{"start":{"line":97,"column":6},"end":{"line":97,"column":null}},"45":{"start":{"line":101,"column":6},"end":{"line":104,"column":7}},"46":{"start":{"line":102,"column":8},"end":{"line":102,"column":null}},"47":{"start":{"line":103,"column":8},"end":{"line":103,"column":null}},"48":{"start":{"line":105,"column":6},"end":{"line":105,"column":null}},"49":{"start":{"line":110,"column":6},"end":{"line":110,"column":null}},"50":{"start":{"line":111,"column":6},"end":{"line":111,"column":null}}},"fnMap":{"0":{"name":"createCdToRegionMap","decl":{"start":{"line":25,"column":9},"end":{"line":25,"column":28}},"loc":{"start":{"line":25,"column":46},"end":{"line":36,"column":1}}},"1":{"name":"(anonymous_2)","decl":{"start":{"line":30,"column":18},"end":{"line":30,"column":24}},"loc":{"start":{"line":30,"column":27},"end":{"line":33,"column":3}}},"2":{"name":"simplifyRegionCode","decl":{"start":{"line":39,"column":9},"end":{"line":39,"column":27}},"loc":{"start":{"line":39,"column":40},"end":{"line":42,"column":1}}},"3":{"name":"cd2RegionId","decl":{"start":{"line":45,"column":16},"end":{"line":45,"column":27}},"loc":{"start":{"line":45,"column":48},"end":{"line":55,"column":1}}},"4":{"name":"regionText2RegionIds","decl":{"start":{"line":57,"column":16},"end":{"line":57,"column":36}},"loc":{"start":{"line":57,"column":50},"end":{"line":74,"column":1}}},"5":{"name":"(anonymous_6)","decl":{"start":{"line":62,"column":18},"end":{"line":62,"column":19}},"loc":{"start":{"line":62,"column":29},"end":{"line":70,"column":3}}},"6":{"name":"regionText2RegionIdsAi","decl":{"start":{"line":78,"column":22},"end":{"line":78,"column":44}},"loc":{"start":{"line":78,"column":92},"end":{"line":115,"column":1}}},"7":{"name":"(anonymous_8)","decl":{"start":{"line":86,"column":4},"end":{"line":86,"column":5}},"loc":{"start":{"line":86,"column":16},"end":{"line":93,"column":5}}},"8":{"name":"(anonymous_9)","decl":{"start":{"line":89,"column":15},"end":{"line":89,"column":17}},"loc":{"start":{"line":89,"column":21},"end":{"line":89,"column":36}}},"9":{"name":"(anonymous_10)","decl":{"start":{"line":90,"column":13},"end":{"line":90,"column":15}},"loc":{"start":{"line":90,"column":19},"end":{"line":90,"column":60}}},"10":{"name":"(anonymous_11)","decl":{"start":{"line":91,"column":16},"end":{"line":91,"column":18}},"loc":{"start":{"line":91,"column":22},"end":{"line":91,"column":38}}},"11":{"name":"(anonymous_12)","decl":{"start":{"line":95,"column":4},"end":{"line":95,"column":5}},"loc":{"start":{"line":95,"column":14},"end":{"line":98,"column":5}}},"12":{"name":"(anonymous_13)","decl":{"start":{"line":100,"column":4},"end":{"line":100,"column":5}},"loc":{"start":{"line":100,"column":16},"end":{"line":106,"column":5}}},"13":{"name":"(anonymous_14)","decl":{"start":{"line":109,"column":4},"end":{"line":109,"column":5}},"loc":{"start":{"line":109,"column":14},"end":{"line":112,"column":5}}}},"branchMap":{"0":{"loc":{"start":{"line":40,"column":2},"end":{"line":40,"column":38}},"type":"if","locations":[{"start":{"line":40,"column":2},"end":{"line":40,"column":38}}]},"1":{"loc":{"start":{"line":47,"column":4},"end":{"line":47,"column":57}},"type":"if","locations":[{"start":{"line":47,"column":4},"end":{"line":47,"column":57}}]},"2":{"loc":{"start":{"line":48,"column":4},"end":{"line":48,"column":46}},"type":"if","locations":[{"start":{"line":48,"column":4},"end":{"line":48,"column":46}}]},"3":{"loc":{"start":{"line":50,"column":4},"end":{"line":50,"column":35}},"type":"if","locations":[{"start":{"line":50,"column":4},"end":{"line":50,"column":35}}]},"4":{"loc":{"start":{"line":64,"column":21},"end":{"line":64,"column":86}},"type":"cond-expr","locations":[{"start":{"line":64,"column":38},"end":{"line":64,"column":72}},{"start":{"line":64,"column":75},"end":{"line":64,"column":86}}]},"5":{"loc":{"start":{"line":66,"column":4},"end":{"line":68,"column":5}},"type":"if","locations":[{"start":{"line":66,"column":4},"end":{"line":68,"column":5}}]},"6":{"loc":{"start":{"line":80,"column":2},"end":{"line":82,"column":3}},"type":"if","locations":[{"start":{"line":80,"column":2},"end":{"line":82,"column":3}}]},"7":{"loc":{"start":{"line":87,"column":6},"end":{"line":87,"column":30}},"type":"if","locations":[{"start":{"line":87,"column":6},"end":{"line":87,"column":30}}]},"8":{"loc":{"start":{"line":101,"column":6},"end":{"line":104,"column":7}},"type":"if","locations":[{"start":{"line":101,"column":6},"end":{"line":104,"column":7}}]}},"s":{"0":2,"1":2,"2":2,"3":2,"4":2,"5":2,"6":2,"7":2,"8":2,"9":2,"10":560,"11":2,"12":12,"13":0,"14":12,"15":2,"16":2,"17":0,"18":2,"19":0,"20":2,"21":2,"22":0,"23":2,"24":0,"25":12,"26":12,"27":3360,"28":3360,"29":10,"30":12,"31":10,"32":0,"33":10,"34":10,"35":10,"36":10,"37":0,"38":10,"39":10,"40":10,"41":10,"42":10,"43":0,"44":0,"45":10,"46":1,"47":1,"48":9,"49":0,"50":0},"f":{"0":2,"1":560,"2":12,"3":2,"4":12,"5":3360,"6":10,"7":10,"8":10,"9":10,"10":10,"11":0,"12":10,"13":0},"b":{"0":[0],"1":[0],"2":[0],"3":[0],"4":[3156,204],"5":[10],"6":[0],"7":[0],"8":[1]}}
,"/Users/yuksehyun/project/CV_Search/crawl-ts/src/url/RedisUrlManager.ts": {"path":"/Users/yuksehyun/project/CV_Search/crawl-ts/src/url/RedisUrlManager.ts","statementMap":{"0":{"start":{"line":3,"column":2},"end":{"line":3,"column":75}},"1":{"start":{"line":4,"column":2},"end":{"line":4,"column":60}},"2":{"start":{"line":5,"column":2},"end":{"line":5,"column":28}},"3":{"start":{"line":6,"column":2},"end":{"line":6,"column":55}},"4":{"start":{"line":7,"column":33},"end":{"line":10,"column":4}},"5":{"start":{"line":27,"column":4},"end":{"line":27,"column":58}},"6":{"start":{"line":37,"column":12},"end":{"line":37,"column":43}},"7":{"start":{"line":42,"column":12},"end":{"line":42,"column":44}},"8":{"start":{"line":47,"column":12},"end":{"line":47,"column":39}},"9":{"start":{"line":52,"column":12},"end":{"line":52,"column":35}},"10":{"start":{"line":59,"column":6},"end":{"line":59,"column":31}},"11":{"start":{"line":60,"column":6},"end":{"line":62,"column":7}},"12":{"start":{"line":61,"column":8},"end":{"line":61,"column":null}},"13":{"start":{"line":69,"column":6},"end":{"line":80,"column":7}},"14":{"start":{"line":70,"column":8},"end":{"line":70,"column":41}},"15":{"start":{"line":71,"column":21},"end":{"line":71,"column":50}},"16":{"start":{"line":72,"column":8},"end":{"line":76,"column":9}},"17":{"start":{"line":73,"column":10},"end":{"line":73,"column":53}},"18":{"start":{"line":75,"column":10},"end":{"line":75,"column":65}},"19":{"start":{"line":78,"column":8},"end":{"line":78,"column":44}},"20":{"start":{"line":79,"column":8},"end":{"line":79,"column":20}},"21":{"start":{"line":88,"column":21},"end":{"line":88,"column":44}},"22":{"start":{"line":89,"column":6},"end":{"line":102,"column":7}},"23":{"start":{"line":90,"column":38},"end":{"line":90,"column":103}},"24":{"start":{"line":91,"column":8},"end":{"line":94,"column":9}},"25":{"start":{"line":92,"column":10},"end":{"line":92,"column":91}},"26":{"start":{"line":93,"column":10},"end":{"line":93,"column":59}},"27":{"start":{"line":95,"column":8},"end":{"line":95,"column":72}},"28":{"start":{"line":96,"column":8},"end":{"line":96,"column":89}},"29":{"start":{"line":97,"column":8},"end":{"line":97,"column":52}},"30":{"start":{"line":100,"column":8},"end":{"line":100,"column":88}},"31":{"start":{"line":101,"column":8},"end":{"line":101,"column":20}},"32":{"start":{"line":111,"column":23},"end":{"line":111,"column":58}},"33":{"start":{"line":113,"column":6},"end":{"line":122,"column":7}},"34":{"start":{"line":114,"column":23},"end":{"line":114,"column":65}},"35":{"start":{"line":115,"column":8},"end":{"line":117,"column":9}},"36":{"start":{"line":116,"column":10},"end":{"line":116,"column":37}},"37":{"start":{"line":118,"column":8},"end":{"line":118,"column":20}},"38":{"start":{"line":120,"column":8},"end":{"line":120,"column":58}},"39":{"start":{"line":121,"column":8},"end":{"line":121,"column":20}},"40":{"start":{"line":132,"column":25},"end":{"line":132,"column":44}},"41":{"start":{"line":134,"column":8},"end":{"line":140,"column":9}},"42":{"start":{"line":135,"column":26},"end":{"line":135,"column":62}},"43":{"start":{"line":136,"column":10},"end":{"line":136,"column":25}},"44":{"start":{"line":138,"column":10},"end":{"line":138,"column":93}},"45":{"start":{"line":139,"column":10},"end":{"line":139,"column":22}},"46":{"start":{"line":149,"column":6},"end":{"line":155,"column":7}},"47":{"start":{"line":150,"column":23},"end":{"line":150,"column":35}},"48":{"start":{"line":151,"column":8},"end":{"line":151,"column":31}},"49":{"start":{"line":153,"column":8},"end":{"line":153,"column":57}},"50":{"start":{"line":154,"column":8},"end":{"line":154,"column":20}},"51":{"start":{"line":165,"column":6},"end":{"line":170,"column":7}},"52":{"start":{"line":166,"column":8},"end":{"line":166,"column":55}},"53":{"start":{"line":168,"column":8},"end":{"line":168,"column":62}},"54":{"start":{"line":169,"column":8},"end":{"line":169,"column":18}},"55":{"start":{"line":181,"column":6},"end":{"line":186,"column":7}},"56":{"start":{"line":182,"column":8},"end":{"line":182,"column":75}},"57":{"start":{"line":184,"column":8},"end":{"line":184,"column":74}},"58":{"start":{"line":185,"column":8},"end":{"line":185,"column":18}},"59":{"start":{"line":196,"column":6},"end":{"line":201,"column":7}},"60":{"start":{"line":197,"column":8},"end":{"line":197,"column":58}},"61":{"start":{"line":199,"column":8},"end":{"line":199,"column":49}},"62":{"start":{"line":200,"column":8},"end":{"line":200,"column":20}},"63":{"start":{"line":208,"column":6},"end":{"line":220,"column":7}},"64":{"start":{"line":210,"column":8},"end":{"line":210,"column":75}},"65":{"start":{"line":211,"column":8},"end":{"line":215,"column":9}},"66":{"start":{"line":212,"column":10},"end":{"line":212,"column":80}},"67":{"start":{"line":214,"column":10},"end":{"line":214,"column":59}},"68":{"start":{"line":217,"column":20},"end":{"line":217,"column":32}},"69":{"start":{"line":218,"column":8},"end":{"line":218,"column":61}},"70":{"start":{"line":219,"column":8},"end":{"line":219,"column":35}},"71":{"start":{"line":228,"column":6},"end":{"line":240,"column":7}},"72":{"start":{"line":229,"column":8},"end":{"line":229,"column":55}},"73":{"start":{"line":232,"column":8},"end":{"line":234,"column":9}},"74":{"start":{"line":233,"column":10},"end":{"line":233,"column":45}},"75":{"start":{"line":236,"column":8},"end":{"line":236,"column":42}},"76":{"start":{"line":238,"column":8},"end":{"line":238,"column":56}},"77":{"start":{"line":239,"column":8},"end":{"line":239,"column":20}},"78":{"start":{"line":249,"column":21},"end":{"line":249,"column":92}},"79":{"start":{"line":250,"column":6},"end":{"line":260,"column":7}},"80":{"start":{"line":252,"column":8},"end":{"line":255,"column":9}},"81":{"start":{"line":253,"column":10},"end":{"line":253,"column":null}},"82":{"start":{"line":254,"column":10},"end":{"line":254,"column":54}},"83":{"start":{"line":256,"column":8},"end":{"line":256,"column":20}},"84":{"start":{"line":258,"column":8},"end":{"line":258,"column":82}},"85":{"start":{"line":259,"column":8},"end":{"line":259,"column":20}},"86":{"start":{"line":267,"column":6},"end":{"line":297,"column":7}},"87":{"start":{"line":269,"column":8},"end":{"line":271,"column":9}},"88":{"start":{"line":270,"column":10},"end":{"line":270,"column":44}},"89":{"start":{"line":274,"column":8},"end":{"line":278,"column":9}},"90":{"start":{"line":275,"column":10},"end":{"line":275,"column":48}},"91":{"start":{"line":276,"column":10},"end":{"line":276,"column":34}},"92":{"start":{"line":277,"column":10},"end":{"line":277,"column":22}},"93":{"start":{"line":281,"column":23},"end":{"line":281,"column":69}},"94":{"start":{"line":282,"column":8},"end":{"line":282,"column":95}},"95":{"start":{"line":284,"column":23},"end":{"line":284,"column":62}},"96":{"start":{"line":285,"column":8},"end":{"line":290,"column":9}},"97":{"start":{"line":286,"column":10},"end":{"line":286,"column":72}},"98":{"start":{"line":288,"column":10},"end":{"line":288,"column":71}},"99":{"start":{"line":289,"column":10},"end":{"line":289,"column":22}},"100":{"start":{"line":292,"column":8},"end":{"line":292,"column":22}},"101":{"start":{"line":294,"column":20},"end":{"line":294,"column":32}},"102":{"start":{"line":295,"column":8},"end":{"line":295,"column":62}},"103":{"start":{"line":296,"column":8},"end":{"line":296,"column":40}},"104":{"start":{"line":307,"column":8},"end":{"line":316,"column":9}},"105":{"start":{"line":308,"column":31},"end":{"line":308,"column":53}},"106":{"start":{"line":309,"column":23},"end":{"line":309,"column":70}},"107":{"start":{"line":310,"column":20},"end":{"line":310,"column":36}},"108":{"start":{"line":311,"column":23},"end":{"line":311,"column":57}},"109":{"start":{"line":312,"column":8},"end":{"line":312,"column":28}},"110":{"start":{"line":314,"column":8},"end":{"line":314,"column":59}},"111":{"start":{"line":315,"column":8},"end":{"line":315,"column":20}},"112":{"start":{"line":325,"column":8},"end":{"line":338,"column":9}},"113":{"start":{"line":326,"column":31},"end":{"line":326,"column":53}},"114":{"start":{"line":327,"column":23},"end":{"line":327,"column":70}},"115":{"start":{"line":328,"column":20},"end":{"line":328,"column":36}},"116":{"start":{"line":329,"column":23},"end":{"line":329,"column":57}},"117":{"start":{"line":330,"column":8},"end":{"line":332,"column":9}},"118":{"start":{"line":331,"column":10},"end":{"line":331,"column":23}},"119":{"start":{"line":333,"column":8},"end":{"line":333,"column":46}},"120":{"start":{"line":334,"column":8},"end":{"line":334,"column":20}},"121":{"start":{"line":336,"column":8},"end":{"line":336,"column":56}},"122":{"start":{"line":337,"column":8},"end":{"line":337,"column":20}},"123":{"start":{"line":348,"column":6},"end":{"line":348,"column":57}},"124":{"start":{"line":361,"column":6},"end":{"line":378,"column":7}},"125":{"start":{"line":362,"column":32},"end":{"line":362,"column":73}},"126":{"start":{"line":364,"column":8},"end":{"line":374,"column":9}},"127":{"start":{"line":365,"column":10},"end":{"line":365,"column":58}},"128":{"start":{"line":367,"column":10},"end":{"line":367,"column":63}},"129":{"start":{"line":369,"column":10},"end":{"line":369,"column":54}},"130":{"start":{"line":371,"column":10},"end":{"line":371,"column":63}},"131":{"start":{"line":373,"column":10},"end":{"line":373,"column":46}},"132":{"start":{"line":376,"column":8},"end":{"line":376,"column":66}},"133":{"start":{"line":377,"column":8},"end":{"line":377,"column":20}},"134":{"start":{"line":385,"column":6},"end":{"line":385,"column":24}},"135":{"start":{"line":386,"column":6},"end":{"line":390,"column":7}},"136":{"start":{"line":387,"column":8},"end":{"line":387,"column":41}},"137":{"start":{"line":388,"column":8},"end":{"line":388,"column":28}},"138":{"start":{"line":389,"column":8},"end":{"line":389,"column":20}},"139":{"start":{"line":391,"column":6},"end":{"line":391,"column":53}},"140":{"start":{"line":392,"column":6},"end":{"line":392,"column":31}},"141":{"start":{"line":23,"column":2},"end":{"line":23,"column":15}}},"fnMap":{"0":{"name":"(anonymous_9)","decl":{"start":{"line":58,"column":4},"end":{"line":58,"column":16}},"loc":{"start":{"line":58,"column":44},"end":{"line":63,"column":5}}},"1":{"name":"(anonymous_10)","decl":{"start":{"line":68,"column":4},"end":{"line":68,"column":9}},"loc":{"start":{"line":68,"column":17},"end":{"line":81,"column":5}}},"2":{"name":"(anonymous_11)","decl":{"start":{"line":87,"column":4},"end":{"line":87,"column":9}},"loc":{"start":{"line":87,"column":56},"end":{"line":103,"column":5}}},"3":{"name":"(anonymous_12)","decl":{"start":{"line":110,"column":4},"end":{"line":110,"column":9}},"loc":{"start":{"line":110,"column":34},"end":{"line":123,"column":5}}},"4":{"name":
[...]
,"/Users/yuksehyun/project/CV_Search/crawl-ts/src/url/urlUtils.ts": {"path":"/Users/yuksehyun/project/CV_Search/crawl-ts/src/url/urlUtils.ts","statementMap":{"0":{"start":{"line":26,"column":0},"end":{"line":26,"column":16}},"1":{"start":{"line":49,"column":0},"end":{"line":49,"column":16}},"2":{"start":{"line":98,"column":0},"end":{"line":98,"column":7}},"3":{"start":{"line":135,"column":0},"end":{"line":135,"column":7}},"4":{"start":{"line":4,"column":0},"end":{"line":4,"column":45}},"5":{"start":{"line":5,"column":0},"end":{"line":5,"column":26}},"6":{"start":{"line":6,"column":0},"end":{"line":6,"column":58}},"7":{"start":{"line":27,"column":2},"end":{"line":40,"column":3}},"8":{"start":{"line":28,"column":4},"end":{"line":30,"column":5}},"9":{"start":{"line":29,"column":6},"end":{"line":29,"column":16}},"10":{"start":{"line":33,"column":28},"end":{"line":33,"column":74}},"11":{"start":{"line":35,"column":22},"end":{"line":35,"column":46}},"12":{"start":{"line":36,"column":4},"end":{"line":36,"column":30}},"13":{"start":{"line":38,"column":4},"end":{"line":38,"column":46}},"14":{"start":{"line":39,"column":4},"end":{"line":39,"column":14}},"15":{"start":{"line":50,"column":2},"end":{"line":90,"column":3}},"16":{"start":{"line":52,"column":4},"end":{"line":52,"column":27}},"17":{"start":{"line":52,"column":14},"end":{"line":52,"column":27}},"18":{"start":{"line":53,"column":4},"end":{"line":53,"column":46}},"19":{"start":{"line":53,"column":33},"end":{"line":53,"column":46}},"20":{"start":{"line":54,"column":4},"end":{"line":74,"column":19}},"21":{"start":{"line":74,"column":6},"end":{"line":74,"column":19}},"22":{"start":{"line":78,"column":4},"end":{"line":78,"column":49}},"23":{"start":{"line":78,"column":37},"end":{"line":78,"column":49}},"24":{"start":{"line":80,"column":19},"end":{"line":80,"column":37}},"25":{"start":{"line":81,"column":4},"end":{"line":81,"column":30}},"26":{"start":{"line":81,"column":17},"end":{"line":81,"column":30}},"27":{"start":{"line":84,"column":4},"end":{"line":86,"column":7}},"28":{"start":{"line":85,"column":6},"end":{"line":85,"column":78}},"29":{"start":{"line":88,"column":4},"end":{"line":88,"column":52}},"30":{"start":{"line":89,"column":4},"end":{"line":89,"column":17}},"31":{"start":{"line":99,"column":2},"end":{"line":125,"column":3}},"32":{"start":{"line":100,"column":4},"end":{"line":100,"column":67}},"33":{"start":{"line":102,"column":31},"end":{"line":102,"column":60}},"34":{"start":{"line":103,"column":25},"end":{"line":103,"column":73}},"35":{"start":{"line":104,"column":22},"end":{"line":104,"column":52}},"36":{"start":{"line":106,"column":23},"end":{"line":109,"column":8}},"37":{"start":{"line":108,"column":34},"end":{"line":108,"column":66}},"38":{"start":{"line":112,"column":4},"end":{"line":121,"column":5}},"39":{"start":{"line":113,"column":6},"end":{"line":113,"column":66}},"40":{"start":{"line":114,"column":21},"end":{"line":114,"column":75}},"41":{"start":{"line":115,"column":6},"end":{"line":115,"column":24}},"42":{"start":{"line":118,"column":6},"end":{"line":118,"column":63}},"43":{"start":{"line":119,"column":21},"end":{"line":119,"column":64}},"44":{"start":{"line":120,"column":6},"end":{"line":120,"column":24}},"45":{"start":{"line":124,"column":4},"end":{"line":124,"column":72}},"46":{"start":{"line":140,"column":4},"end":{"line":142,"column":5}},"47":{"start":{"line":141,"column":6},"end":{"line":141,"column":19}},"48":{"start":{"line":144,"column":19},"end":{"line":144,"column":37}},"49":{"start":{"line":145,"column":4},"end":{"line":145,"column":30}},"50":{"start":{"line":145,"column":17},"end":{"line":145,"column":30}},"51":{"start":{"line":148,"column":4},"end":{"line":154,"column":null}},"52":{"start":{"line":149,"column":6},"end":{"line":149,"column":51}},"53":{"start":{"line":149,"column":38},"end":{"line":149,"column":50}},"54":{"start":{"line":150,"column":6},"end":{"line":150,"column":null}},"55":{"start":{"line":152,"column":6},"end":{"line":152,"column":72}},"56":{"start":{"line":153,"column":6},"end":{"line":153,"column":null}}},"fnMap":{"0":{"name":"extractDomain","decl":{"start":{"line":26,"column":16},"end":{"line":26,"column":29}},"loc":{"start":{"line":26,"column":41},"end":{"line":41,"column":1}}},"1":{"name":"isUrlAllowed","decl":{"start":{"line":49,"column":16},"end":{"line":49,"column":28}},"loc":{"start":{"line":49,"column":71},"end":{"line":91,"column":1}}},"2":{"name":"(anonymous_12)","decl":{"start":{"line":84,"column":31},"end":{"line":84,"column":44}},"loc":{"start":{"line":84,"column":47},"end":{"line":86,"column":5}}},"3":{"name":"parseRobotsTxt","decl":{"start":{"line":98,"column":22},"end":{"line":98,"column":36}},"loc":{"start":{"line":98,"column":51},"end":{"line":126,"column":1}}},"4":{"name":"(anonymous_14)","decl":{"start":{"line":102,"column":31},"end":{"line":102,"column":44}},"loc":{"start":{"line":102,"column":31},"end":{"line":102,"column":60}}},"5":{"name":"(anonymous_15)","decl":{"start":{"line":108,"column":24},"end":{"line":108,"column":30}},"loc":{"start":{"line":108,"column":34},"end":{"line":108,"column":66}}},"6":{"name":"isUrlAllowedWithRobots","decl":{"start":{"line":135,"column":22},"end":{"line":135,"column":44}},"loc":{"start":{"line":137,"column":31},"end":{"line":157,"column":1}}},"7":{"name":"(anonymous_17)","decl":{"start":{"line":148,"column":45},"end":{"line":148,"column":46}},"loc":{"start":{"line":148,"column":56},"end":{"line":151,"column":5}}},"8":{"name":"(anonymous_18)","decl":{"start":{"line":151,"column":13},"end":{"line":151,"column":14}},"loc":{"start":{"line":151,"column":23},"end":{"line":154,"column":5}}}},"branchMap":{"0":{"loc":{"start":{"line":28,"column":4},"end":{"line":30,"column":5}},"type":"if","locations":[{"start":{"line":28,"column":4},"end":{"line":30,"column":5}}]},"1":{"loc":{"start":{"line":33,"column":28},"end":{"line":33,"column":74}},"type":"cond-expr","locations":[{"start":{"line":33,"column":53},"end":{"line":33,"column":56}},{"start":{"line":33,"column":59},"end":{"line":33,"column":74}}]},"2":{"loc":{"start":{"line":49,"column":42},"end":{"line":49,"column":71}},"type":"default-arg","locations":[{"start":{"line":49,"column":69},"end":{"line":49,"column":71}}]},"3":{"loc":{"start":{"line":52,"column":4},"end":{"line":52,"column":27}},"type":"if","locations":[{"start":{"line":52,"column":4},"end":{"line":52,"column":27}}]},"4":{"loc":{"start":{"line":53,"column":4},"end":{"line":53,"column":46}},"type":"if","locations":[{"start":{"line":53,"column":4},"end":{"line":53,"column":46}}]},"5":{"loc":{"start":{"line":54,"column":4},"end":{"line":74,"column":19}},"type":"if","locations":[{"start":{"line":54,"column":4},"end":{"line":74,"column":19}}]},"6":{"loc":{"start":{"line":55,"column":6},"end":{"line":73,"column":37}},"type":"binary-expr","locations":[{"start":{"line":55,"column":6},"end":{"line":55,"column":26}},{"start":{"line":56,"column":9},"end":{"line":56,"column":29}},{"start":{"line":57,"column":9},"end":{"line":57,"column":29}},{"start":{"line":58,"column":9},"end":{"line":58,"column":29}},{"start":{"line":59,"column":9},"end":{"line":59,"column":30}},{"start":{"line":60,"column":9},"end":{"line":60,"column":29}},{"start":{"line":61,"column":9},"end":{"line":61,"column":30}},{"start":{"line":62,"column":9},"end":{"line":62,"column":29}},{"start":{"line":63,"column":9},"end":{"line":63,"column":30}},{"start":{"line":64,"column":9},"end":{"line":64,"column":29}},{"start":{"line":65,"column":9},"end":{"line":65,"column":29}},{"start":{"line":66,"column":9},"end":{"line":66,"column":29}},{"start":{"line":67,"column":9},"end":{"line":67,"column":29}},{"start":{"line":68,"column":9},"end":{"line":68,"column":29}},{"start":{"line":69,"column":9},"end":{"line":69,"column":29}},{"start":{"line":70,"column":9},"end":{"line":70,"column":29}},{"start":{"line":71,"column":9},"end":{"line":71,"column":33}},{"start":{"line":72,"column":9},"end":{"line":72,"column":37}},{"start":{"line":73,"column":9},"end":{"line":73,"column":37}}]},"7":{"loc":{"start":{"line":78,"column":4},"end":{"line":78,"column":49}},"type":"if","locations":[{"start":{"line":78,"column":4},"end":{"line":78,"column":49}}]},"8":{"loc":{"start":{"line":81,"column":4},"end":{"line":81,"column":30}},"type":"if","locations":[{"start":{"line":81,"column":4},"end":{"line":81,"column":30}}]},"9":{"loc":{"start":{"line":85,"column":13},"end":{"line":85,"column":77}},"type":"binary-expr","locations":[{"start":{"line":85,"column":13},"end":{"line":85,"column":37}},{"start":{"line":85,"column":41},"end":{"line":85,"column":77}}]},"10":{"loc":{"start":{"line":103,"column":25},"end":{"line":103,"column":73}},"type":"binary-expr","locations":[{"start":{"line":103,"column":25},"end":{"line":103,"column":51}},{"start":{"line":103,"column":55},"end":{"line":103,"column":73}}]},"11":{"loc":{"start":{"line":108,"column":34},"end":{"line":108,"column":66}},"type":"binary-expr","locations":[{"start":{"line":108,"column":34},"end":{"line":108,"column":48}},{"start":{"line":108,"column":52},"end":{"line":108,"column":66}}]},"12":{"loc":{"start":{"line":112,"column":4},"end":{"line":121,"column":5}},"type":"if","locations":[{"start":{"line":112,"column":4},"end":{"line":121,"column":5}},{"start":{"line":117,"column":8},"end":{"line":121,"column":5}}]},"13":{"loc":{"start":{"line":137,"column":2},"end":{"line":137,"column":31}},"type":"default-arg","locations":[{"start":{"line":137,"column":29},"end":{"line":137,"column":31}}]},"14":{"loc":{"start":{"line":140,"column":4},"end":{"line":142,"column":5}},"type":"if","locations":[{"start":{"line":140,"column":4},"end":{"line":142,"column":5}}]},"15":{"loc":{"start":{"line":145,"column":4},"end":{"line":145,"column":30}},"type":"if","locations":[{"start":{"line":145,"column":4},"end":{"line":145,"column":30}}]},"16":{"loc":{"start":{"line":149,"column":6},"end":{"line":149,"column":51}},"type":"if","locations":[{"start":{"line":149,"column":6},"end":{"line":149,"column":51}}]},"17":{"loc":{"start":{"line":149,"column":10},"end":{"line":149,"column":35}},"type":"binary-expr","locations":[{"start":{"line":149,"column":10},"end":{"line":149,"column":17}},{"start":{"line":149,"column":21},"end":{"line":149,"column":35}}]}},"s":{"0":5,"1":5,"2":5,"3":5,"4":5,"5":5,"6":5,"7":11,"8":11,"9":0,"10":11,"11":11,"12":11,"13":0,"14":0,"15":10,"16":10,"17":0,"18":10,"19":0,"20":10,"21":4,"22":6,"23":0,"24":6,"25":6,"26":0,"27":6,"28":6,"29":0,"30":0,"31":3,"32":3,"33":6,"34":3,"35":3,"36":3,"37":3,"38":3,"39":2,"40":2,"41":2,"42":1,"43":1,"44":1,"45":0,"46":4,"47":1,"48":3,"49":3,"50":0,"51":3,"52":3,"53":0,"54":3,"55":0,"56":0},"f":{"0":11,"1":10,"2":6,"3":3,"4":3,"5":3,"6":4,"7":3,"8":0},"b":{"0":[0],"1":[11,0],"2":[0],"3":[0],"4":[0],"5":[4],"6":[10,8,8,8,8,8,8,8,8,8,8,8,8,8,8,8,8,6,6],"7":[0],"8":[0],"9":[6,1],"10":[3,0],"11":[3,1],"12":[2,1],"13":[0],"14":[1],"15":[0],"16":[0],"17":[3,3]}}
,"/Users/yuksehyun/project/CV_Search/crawl-ts/src/utils/logger.ts": {"path":"/Users/yuksehyun/project/CV_Search/crawl-ts/src/utils/logger.ts","statementMap":{"0":{"start":{"line":4,"column":0},"end":{"line":4,"column":20}},"1":{"start":{"line":5,"column":0},"end":{"line":5,"column":24}},"2":{"start":{"line":28,"column":4},"end":{"line":28,"column":45}},"3":{"start":{"line":29,"column":4},"end":{"line":29,"column":48}},"4":{"start":{"line":30,"column":4},"end":{"line":30,"column":48}},"5":{"start":{"line":31,"column":4},"end":{"line":31,"column":30}},"6":{"start":{"line":38,"column":4},"end":{"line":40,"column":5}},"7":{"start":{"line":39,"column":6},"end":{"line":39,"column":53}},"8":{"start":{"line":47,"column":16},"end":{"line":47,"column":26}},"9":{"start":{"line":48,"column":23},"end":{"line":48,"column":54}},"10":{"start":{"line":49,"column":4},"end":{"line":49,"column":59}},"11":{"start":{"line":59,"column":22},"end":{"line":59,"column":46}},"12":{"start":{"line":60,"column":21},"end":{"line":60,"column":73}},"13":{"start":{"line":62,"column":4},"end":{"line":72,"column":5}},"14":{"start":{"line":63,"column":6},"end":{"line":71,"column":7}},"15":{"start":{"line":64,"column":8},"end":{"line":68,"column":9}},"16":{"start":{"line":65,"column":10},"end":{"line":65,"column":51}},"17":{"start":{"line":67,"column":10},"end":{"line":67,"column":58}},"18":{"start":{"line":70,"column":8},"end":{"line":70,"column":33}},"19":{"start":{"line":74,"column":4},"end":{"line":74,"column":22}},"20":{"start":{"line":84,"column":23},"end":{"line":84,"column":66}},"21":{"start":{"line":87,"column":4},"end":{"line":99,"column":5}},"22":{"start":{"line":89,"column":8},"end":{"line":89,"column":34}},"23":{"start":{"line":90,"column":8},"end":{"line":90,"column":14}},"24":{"start":{"line":92,"column":8},"end":{"line":92,"column":33}},"25":{"start":{"line":93,"column":8},"end":{"line":93,"column":14}},"26":{"start":{"line":95,"column":8},"end":{"line":95,"column":33}},"27":{"start":{"line":96,"column":8},"end":{"line":96,"column":14}},"28":{"start":{"line":98,"column":8},"end":{"line":98,"column":32}},"29":{"start":{"line":102,"column":24},"end":{"line":102,"column":45}},"30":{"start":{"line":103,"column":4},"end":{"line":105,"column":5}},"31":{"start":{"line":104,"column":6},"end":{"line":104,"column":40}},"32":{"start":{"line":108,"column":4},"end":{"line":112,"column":5}},"33":{"start":{"line":109,"column":6},"end":{"line":109,"column":64}},"34":{"start":{"line":111,"column":6},"end":{"line":111,"column":45}},"35":{"start":{"line":121,"column":4},"end":{"line":123,"column":5}},"36":{"start":{"line":122,"column":6},"end":{"line":122,"column":39}},"37":{"start":{"line":132,"column":4},"end":{"line":134,"column":5}},"38":{"start":{"line":133,"column":6},"end":{"line":133,"column":38}},"39":{"start":{"line":143,"column":4},"end":{"line":145,"column":5}},"40":{"start":{"line":144,"column":6},"end":{"line":144,"column":38}},"41":{"start":{"line":154,"column":4},"end":{"line":154,"column":37}},"42":{"start":{"line":163,"column":4},"end":{"line":163,"column":46}},"43":{"start":{"line":172,"column":4},"end":{"line":172,"column":52}},"44":{"start":{"line":15,"column":0},"end":{"line":15,"column":13}},"45":{"start":{"line":177,"column":13},"end":{"line":177,"column":42}}},"fnMap":{"0":{"name":"(anonymous_1)","decl":{"start":{"line":24,"column":2},"end":{"line":24,"column":14}},"loc":{"start":{"line":27,"column":8},"end":{"line":32,"column":3}}},"1":{"name":"(anonymous_2)","decl":{"start":{"line":37,"column":10},"end":{"line":37,"column":28}},"loc":{"start":{"line":37,"column":28},"end":{"line":41,"column":3}}},"2":{"name":"(anonymous_3)","decl":{"start":{"line":46,"column":10},"end":{"line":46,"column":24}},"loc":{"start":{"line":46,"column":24},"end":{"line":50,"column":3}}},"3":{"name":"(anonymous_4)","decl":{"start":{"line":58,"column":10},"end":{"line":58,"column":26}},"loc":{"start":{"line":58,"column":69},"end":{"line":75,"column":3}}},"4":{"name":"(anonymous_5)","decl":{"start":{"line":83,"column":10},"end":{"line":83,"column":13}},"loc":{"start":{"line":83,"column":56},"end":{"line":113,"column":3}}},"5":{"name":"(anonymous_6)","decl":{"start":{"line":120,"column":2},"end":{"line":120,"column":7}},"loc":{"start":{"line":120,"column":35},"end":{"line":124,"column":3}}},"6":{"name":"(anonymous_7)","decl":{"start":{"line":131,"column":2},"end":{"line":131,"column":6}},"loc":{"start":{"line":131,"column":34},"end":{"line":135,"column":3}}},"7":{"name":"(anonymous_8)","decl":{"start":{"line":142,"column":2},"end":{"line":142,"column":6}},"loc":{"start":{"line":142,"column":34},"end":{"line":146,"column":3}}},"8":{"name":"(anonymous_9)","decl":{"start":{"line":153,"column":2},"end":{"line":153,"column":7}},"loc":{"start":{"line":153,"column":35},"end":{"line":155,"column":3}}},"9":{"name":"(anonymous_10)","decl":{"start":{"line":162,"column":2},"end":{"line":162,"column":11}},"loc":{"start":{"line":162,"column":37},"end":{"line":164,"column":3}}},"10":{"name":"(anonymous_11)","decl":{"start":{"line":171,"column":2},"end":{"line":171,"column":12}},"loc":{"start":{"line":171,"column":38},"end":{"line":173,"column":3}}}},"branchMap":{"0":{"loc":{"start":{"line":24,"column":14},"end":{"line":27,"column":8}},"type":"default-arg","locations":[{"start":{"line":27,"column":6},"end":{"line":27,"column":8}}]},"1":{"loc":{"start":{"line":28,"column":18},"end":{"line":28,"column":44}},"type":"binary-expr","locations":[{"start":{"line":28,"column":18},"end":{"line":28,"column":32}},{"start":{"line":28,"column":36},"end":{"line":28,"column":44}}]},"2":{"loc":{"start":{"line":29,"column":20},"end":{"line":29,"column":47}},"type":"binary-expr","locations":[{"start":{"line":29,"column":20},"end":{"line":29,"column":36}},{"start":{"line":29,"column":40},"end":{"line":29,"column":47}}]},"3":{"loc":{"start":{"line":38,"column":4},"end":{"line":40,"column":5}},"type":"if","locations":[{"start":{"line":38,"column":4},"end":{"line":40,"column":5}}]},"4":{"loc":{"start":{"line":62,"column":4},"end":{"line":72,"column":5}},"type":"if","locations":[{"start":{"line":62,"column":4},"end":{"line":72,"column":5}}]},"5":{"loc":{"start":{"line":63,"column":6},"end":{"line":71,"column":7}},"type":"if","locations":[{"start":{"line":63,"column":6},"end":{"line":71,"column":7}},{"start":{"line":69,"column":13},"end":{"line":71,"column":7}}]},"6":{"loc":{"start":{"line":87,"column":4},"end":{"line":99,"column":5}},"type":"switch","locations":[{"start":{"line":88,"column":6},"end":{"line":90,"column":14}},{"start":{"line":91,"column":6},"end":{"line":93,"column":14}},{"start":{"line":94,"column":6},"end":{"line":96,"column":14}},{"start":{"line":97,"column":6},"end":{"line":98,"column":32}}]},"7":{"loc":{"start":{"line":103,"column":4},"end":{"line":105,"column":5}},"type":"if","locations":[{"start":{"line":103,"column":4},"end":{"line":105,"column":5}}]},"8":{"loc":{"start":{"line":121,"column":4},"end":{"line":123,"column":5}},"type":"if","locations":[{"start":{"line":121,"column":4},"end":{"line":123,"column":5}}]},"9":{"loc":{"start":{"line":132,"column":4},"end":{"line":134,"column":5}},"type":"if","locations":[{"start":{"line":132,"column":4},"end":{"line":134,"column":5}}]},"10":{"loc":{"start":{"line":143,"column":4},"end":{"line":145,"column":5}},"type":"if","locations":[{"start":{"line":143,"column":4},"end":{"line":145,"column":5}}]}},"s":{"0":10,"1":10,"2":10,"3":10,"4":10,"5":10,"6":10,"7":0,"8":101,"9":101,"10":101,"11":91,"12":91,"13":91,"14":15,"15":13,"16":13,"17":0,"18":2,"19":91,"20":91,"21":91,"22":3,"23":3,"24":0,"25":0,"26":10,"27":10,"28":78,"29":91,"30":91,"31":0,"32":91,"33":91,"34":0,"35":77,"36":77,"37":10,"38":10,"39":0,"40":0,"41":3,"42":1,"43":0,"44":10,"45":10},"f":{"0":10,"1":10,"2":101,"3":91,"4":91,"5":77,"6":10,"7":0,"8":3,"9":1,"10":0},"b":{"0":[10],"1":[10,10],"2":[10,10],"3":[0],"4":[15],"5":[13,2],"6":[3,0,10,78],"7":[0],"8":[77],"9":[10],"10":[0]}}
}
