{"/Users/yuksehyun/project/CV_Search/crawl-ts/src/crawler/WebCrawler.ts": {"path":"/Users/yuksehyun/project/CV_Search/crawl-ts/src/crawler/WebCrawler.ts","statementMap":{"0":{"start":{"line":4,"column":2},"end":{"line":4,"column":62}},"1":{"start":{"line":5,"column":2},"end":{"line":5,"column":60}},"2":{"start":{"line":6,"column":2},"end":{"line":6,"column":50}},"3":{"start":{"line":33,"column":6},"end":{"line":33,"column":51}},"4":{"start":{"line":34,"column":6},"end":{"line":34,"column":55}},"5":{"start":{"line":35,"column":6},"end":{"line":35,"column":43}},"6":{"start":{"line":36,"column":6},"end":{"line":36,"column":51}},"7":{"start":{"line":44,"column":6},"end":{"line":44,"column":42}},"8":{"start":{"line":46,"column":6},"end":{"line":46,"column":38}},"9":{"start":{"line":48,"column":6},"end":{"line":48,"column":33}},"10":{"start":{"line":57,"column":28},"end":{"line":57,"column":35}},"11":{"start":{"line":58,"column":4},"end":{"line":58,"column":46}},"12":{"start":{"line":59,"column":22},"end":{"line":59,"column":32}},"13":{"start":{"line":61,"column":23},"end":{"line":68,"column":6}},"14":{"start":{"line":71,"column":4},"end":{"line":191,"column":5}},"15":{"start":{"line":73,"column":22},"end":{"line":73,"column":61}},"16":{"start":{"line":76,"column":6},"end":{"line":76,"column":37}},"17":{"start":{"line":79,"column":6},"end":{"line":81,"column":9}},"18":{"start":{"line":80,"column":8},"end":{"line":80,"column":31}},"19":{"start":{"line":84,"column":6},"end":{"line":87,"column":9}},"20":{"start":{"line":90,"column":6},"end":{"line":90,"column":41}},"21":{"start":{"line":92,"column":6},"end":{"line":92,"column":103}},"22":{"start":{"line":94,"column":6},"end":{"line":106,"column":7}},"23":{"start":{"line":96,"column":8},"end":{"line":96,"column":88}},"24":{"start":{"line":97,"column":8},"end":{"line":97,"column":60}},"25":{"start":{"line":98,"column":8},"end":{"line":98,"column":58}},"26":{"start":{"line":100,"column":8},"end":{"line":100,"column":47}},"27":{"start":{"line":101,"column":8},"end":{"line":105,"column":11}},"28":{"start":{"line":108,"column":6},"end":{"line":121,"column":7}},"29":{"start":{"line":110,"column":33},"end":{"line":110,"column":43}},"30":{"start":{"line":111,"column":8},"end":{"line":111,"column":89}},"31":{"start":{"line":112,"column":31},"end":{"line":112,"column":60}},"32":{"start":{"line":113,"column":8},"end":{"line":113,"column":75}},"33":{"start":{"line":115,"column":8},"end":{"line":115,"column":43}},"34":{"start":{"line":116,"column":8},"end":{"line":120,"column":11}},"35":{"start":{"line":123,"column":6},"end":{"line":136,"column":7}},"36":{"start":{"line":126,"column":8},"end":{"line":126,"column":99}},"37":{"start":{"line":127,"column":8},"end":{"line":127,"column":55}},"38":{"start":{"line":129,"column":8},"end":{"line":129,"column":51}},"39":{"start":{"line":130,"column":8},"end":{"line":135,"column":11}},"40":{"start":{"line":138,"column":6},"end":{"line":138,"column":34}},"41":{"start":{"line":142,"column":6},"end":{"line":145,"column":10}},"42":{"start":{"line":148,"column":6},"end":{"line":154,"column":8}},"43":{"start":{"line":156,"column":22},"end":{"line":156,"column":44}},"44":{"start":{"line":157,"column":6},"end":{"line":157,"column":49}},"45":{"start":{"line":159,"column":6},"end":{"line":159,"column":26}},"46":{"start":{"line":162,"column":6},"end":{"line":164,"column":7}},"47":{"start":{"line":163,"column":8},"end":{"line":163,"column":20}},"48":{"start":{"line":166,"column":6},"end":{"line":166,"column":35}},"49":{"start":{"line":167,"column":6},"end":{"line":167,"column":82}},"50":{"start":{"line":168,"column":6},"end":{"line":172,"column":9}},"51":{"start":{"line":174,"column":22},"end":{"line":174,"column":44}},"52":{"start":{"line":175,"column":6},"end":{"line":175,"column":77}},"53":{"start":{"line":178,"column":6},"end":{"line":178,"column":63}},"54":{"start":{"line":180,"column":6},"end":{"line":180,"column":26}},"55":{"start":{"line":183,"column":6},"end":{"line":190,"column":7}},"56":{"start":{"line":184,"column":8},"end":{"line":187,"column":9}},"57":{"start":{"line":185,"column":10},"end":{"line":185,"column":29}},"58":{"start":{"line":186,"column":10},"end":{"line":186,"column":36}},"59":{"start":{"line":189,"column":8},"end":{"line":189,"column":53}},"60":{"start":{"line":195,"column":4},"end":{"line":195,"column":54}},"61":{"start":{"line":196,"column":4},"end":{"line":198,"column":null}},"62":{"start":{"line":197,"column":6},"end":{"line":197,"column":null}},"63":{"start":{"line":199,"column":4},"end":{"line":199,"column":69}},"64":{"start":{"line":200,"column":4},"end":{"line":200,"column":16}},"65":{"start":{"line":204,"column":21},"end":{"line":204,"column":22}},"66":{"start":{"line":205,"column":4},"end":{"line":243,"column":5}},"67":{"start":{"line":206,"column":6},"end":{"line":242,"column":7}},"68":{"start":{"line":207,"column":28},"end":{"line":207,"column":62}},"69":{"start":{"line":208,"column":8},"end":{"line":212,"column":9}},"70":{"start":{"line":210,"column":10},"end":{"line":210,"column":46}},"71":{"start":{"line":211,"column":10},"end":{"line":211,"column":16}},"72":{"start":{"line":214,"column":8},"end":{"line":214,"column":21}},"73":{"start":{"line":216,"column":8},"end":{"line":216,"column":50}},"74":{"start":{"line":218,"column":28},"end":{"line":218,"column":60}},"75":{"start":{"line":220,"column":8},"end":{"line":223,"column":9}},"76":{"start":{"line":221,"column":10},"end":{"line":221,"column":39}},"77":{"start":{"line":222,"column":10},"end":{"line":222,"column":19}},"78":{"start":{"line":225,"column":30},"end":{"line":225,"column":82}},"79":{"start":{"line":226,"column":8},"end":{"line":230,"column":9}},"80":{"start":{"line":227,"column":10},"end":{"line":227,"column":44}},"81":{"start":{"line":228,"column":10},"end":{"line":228,"column":81}},"82":{"start":{"line":229,"column":10},"end":{"line":229,"column":19}},"83":{"start":{"line":232,"column":8},"end":{"line":232,"column":48}},"84":{"start":{"line":239,"column":8},"end":{"line":239,"column":20}},"85":{"start":{"line":241,"column":8},"end":{"line":241,"column":49}},"86":{"start":{"line":244,"column":4},"end":{"line":244,"column":53}},"87":{"start":{"line":252,"column":4},"end":{"line":252,"column":34}},"88":{"start":{"line":253,"column":4},"end":{"line":258,"column":5}},"89":{"start":{"line":254,"column":6},"end":{"line":254,"column":30}},"90":{"start":{"line":255,"column":6},"end":{"line":255,"column":32}},"91":{"start":{"line":257,"column":6},"end":{"line":257,"column":47}},"92":{"start":{"line":259,"column":4},"end":{"line":259,"column":37}},"93":{"start":{"line":16,"column":2},"end":{"line":16,"column":15}}},"fnMap":{"0":{"name":"(anonymous_0)","decl":{"start":{"line":26,"column":4},"end":{"line":26,"column":16}},"loc":{"start":{"line":32,"column":5},"end":{"line":37,"column":5}}},"1":{"name":"(anonymous_1)","decl":{"start":{"line":42,"column":4},"end":{"line":42,"column":9}},"loc":{"start":{"line":42,"column":20},"end":{"line":49,"column":5}}},"2":{"name":"(anonymous_2)","decl":{"start":{"line":56,"column":2},"end":{"line":56,"column":7}},"loc":{"start":{"line":56,"column":57},"end":{"line":192,"column":3}}},"3":{"name":"(anonymous_3)","decl":{"start":{"line":79,"column":24},"end":{"line":79,"column":29}},"loc":{"start":{"line":79,"column":49},"end":{"line":81,"column":7}}},"4":{"name":"(anonymous_4)","decl":{"start":{"line":194,"column":2},"end":{"line":194,"column":7}},"loc":{"start":{"line":194,"column":38},"end":{"line":201,"column":3}}},"5":{"name":"(anonymous_5)","decl":{"start":{"line":196,"column":27},"end":{"line":196,"column":28}},"loc":{"start":{"line":196,"column":35},"end":{"line":198,"column":5}}},"6":{"name":"(anonymous_6)","decl":{"start":{"line":203,"column":0},"end":{"line":203,"column":5}},"loc":{"start":{"line":203,"column":18},"end":{"line":245,"column":1}}},"7":{"name":"(anonymous_7)","decl":{"start":{"line":251,"column":2},"end":{"line":251,"column":7}},"loc":{"start":{"line":251,"column":11},"end":{"line":260,"column":3}}}},"branchMap":{"0":{"loc":{"start":{"line":92,"column":33},"end":{"line":92,"column":102}},"type":"cond-expr","locations":[{"start":{"line":92,"column":57},"end":{"line":92,"column":93}},{"start":{"line":92,"column":96},"end":{"line":92,"column":102}}]},"1":{"loc":{"start":{"line":103,"column":19},"end":{"line":103,"column":73}},"type":"cond-expr","locations":[{"start":{"line":103,"column":44},"end":{"line":103,"column":57}},{"start":{"line":103,"column":60},"end":{"line":103,"column":73}}]},"2":{"loc":{"start":{"line":104,"column":17},"end":{"line":104,"column":65}},"type":"cond-expr","locations":[{"start":{"line":104,"column":42},"end":{"line":104,"column":53}},{"start":{"line":104,"column":56},"end":{"line":104,"column":65}}]},"3":{"loc":{"start":{"line":118,"column":19},"end":{"line":118,"column":73}},"type":"cond-expr","locations":[{"start":{"line":118,"column":44},"end":{"line":118,"column":57}},{"start":{"line":118,"column":60},"end":{"line":118,"column":73}}]},"4":{"loc":{"start":{"line":119,"column":17},"end":{"line":119,"column":65}},"type":"cond-expr","locations":[{"start":{"line":119,"column":42},"end":{"line":119,"column":53}},{"start":{"line":119,"column":56},"end":{"line":119,"column":65}}]},"5":{"loc":{"start":{"line":132,"column":19},"end":{"line":132,"column":73}},"type":"cond-expr","locations":[{"start":{"line":132,"column":44},"end":{"line":132,"column":57}},{"start":{"line":132,"column":60},"end":{"line":132,"column":73}}]},"6":{"loc":{"start":{"line":133,"column":17},"end":{"line":133,"column":65}},"type":"cond-expr","locations":[{"start":{"line":133,"column":42},"end":{"line":133,"column":53}},{"start":{"line":133,"column":56},"end":{"line":133,"column":65}}]},"7":{"loc":{"start":{"line":150,"column":14},"end":{"line":150,"column":48}},"type":"binary-expr","locations":[{"start":{"line":150,"column":14},"end":{"line":150,"column":43}},{"start":{"line":150,"column":47},"end":{"line":150,"column":48}}]},"8":{"loc":{"start":{"line":151,"column":17},"end":{"line":151,"column":54}},"type":"binary-expr","locations":[{"start":{"line":151,"column":17},"end":{"line":151,"column":49}},{"start":{"line":151,"column":53},"end":{"line":151,"column":54}}]},"9":{"loc":{"start":{"line":162,"column":6},"end":{"line":164,"column":7}},"type":"if","locations":[{"start":{"line":162,"column":6},"end":{"line":164,"column":7}}]},"10":{"loc":{"start":{"line":167,"column":27},"end":{"line":167,"column":81}},"type":"cond-expr","locations":[{"start":{"line":167,"column":52},"end":{"line":167,"column":65}},{"start":{"line":167,"column":68},"end":{"line":167,"column":81}}]},"11":{"loc":{"start":{"line":170,"column":17},"end":{"line":170,"column":71}},"type":"cond-expr","locations":[{"start":{"line":170,"column":42},"end":{"line":170,"column":55}},{"start":{"line":170,"column":58},"end":{"line":170,"column":71}}]},"12":{"loc":{"start":{"line":171,"column":15},"end":{"line":171,"column":63}},"type":"cond-expr","locations":[{"start":{"line":171,"column":40},"end":{"line":171,"column":51}},{"start":{"line":171,"column":54},"end":{"line":171,"column":63}}]},"13":{"loc":{"start":{"line":184,"column":8},"end":{"line":187,"column":9}},"type":"if","locations":[{"start":{"line":184,"column":8},"end":{"line":187,"column":9}}]},"14":{"loc":{"start":{"line":208,"column":8},"end":{"line":212,"column":9}},"type":"if","locations":[{"start":{"line":208,"column":8},"end":{"line":212,"column":9}}]},"15":{"loc":{"start":{"line":220,"column":8},"end":{"line":223,"column":9}},"type":"if","locations":[{"start":{"line":220,"column":8},"end":{"line":223,"column":9}}]},"16":{"loc":{"start":{"line":226,"column":8},"end":{"line":230,"column":9}},"type":"if","locations":[{"start":{"line":226,"column":8},"end":{"line":230,"column":9}}]}},"s":{"0":1,"1":1,"2":1,"3":8,"4":8,"5":8,"6":8,"7":4,"8":4,"9":4,"10":7,"11":7,"12":7,"13":7,"14":7,"15":7,"16":5,"17":4,"18":0,"19":4,"20":3,"21":3,"22":3,"23":3,"24":3,"25":3,"26":0,"27":0,"28":3,"29":3,"30":3,"31":3,"32":3,"33":0,"34":0,"35":3,"36":3,"37":3,"38":0,"39":0,"40":3,"41":3,"42":3,"43":3,"44":3,"45":3,"46":4,"47":3,"48":1,"49":1,"50":1,"51":1,"52":1,"53":1,"54":1,"55":7,"56":7,"57":4,"58":4,"59":0,"60":1,"61":1,"62":4,"63":1,"64":1,"65":4,"66":4,"67":6,"68":6,"69":6,"70":2,"71":2,"72":4,"73":4,"74":4,"75":2,"76":0,"77":0,"78":2,"79":2,"80":1,"81":1,"82":1,"83":1,"84":2,"85":6,"86":2,"87":4,"88":4,"89":4,"90":4,"91":4,"92":2,"93":1},"f":{"0":8,"1":4,"2":7,"3":0,"4":1,"5":4,"6":4,"7":4},"b":{"0":[3,0],"1":[0,0],"2":[0,0],"3":[0,0],"4":[0,0],"5":[0,0],"6":[0,0],"7":[3,0],"8":[3,0],"9":[3],"10":[1,0],"11":[1,0],"12":[1,0],"13":[4],"14":[2],"15":[0],"16":[1]}}
,"/Users/yuksehyun/project/CV_Search/crawl-ts/src/database/MongoRecruitInfoRepository.ts": {"path":"/Users/yuksehyun/project/CV_Search/crawl-ts/src/database/MongoRecruitInfoRepository.ts","statementMap":{"0":{"start":{"line":10,"column":4},"end":{"line":10,"column":45}},"1":{"start":{"line":14,"column":4},"end":{"line":14,"column":53}},"2":{"start":{"line":18,"column":4},"end":{"line":18,"column":135}},"3":{"start":{"line":22,"column":4},"end":{"line":22,"column":57}},"4":{"start":{"line":6,"column":0},"end":{"line":6,"column":13}}},"fnMap":{"0":{"name":"(anonymous_0)","decl":{"start":{"line":9,"column":2},"end":{"line":9,"column":14}},"loc":{"start":{"line":9,"column":60},"end":{"line":11,"column":3}}},"1":{"name":"(anonymous_1)","decl":{"start":{"line":13,"column":2},"end":{"line":13,"column":7}},"loc":{"start":{"line":13,"column":58},"end":{"line":15,"column":3}}},"2":{"name":"(anonymous_2)","decl":{"start":{"line":17,"column":2},"end":{"line":17,"column":7}},"loc":{"start":{"line":17,"column":58},"end":{"line":19,"column":3}}},"3":{"name":"(anonymous_3)","decl":{"start":{"line":21,"column":2},"end":{"line":21,"column":7}},"loc":{"start":{"line":21,"column":29},"end":{"line":23,"column":3}}}},"branchMap":{},"s":{"0":7,"1":2,"2":2,"3":3,"4":1},"f":{"0":7,"1":2,"2":2,"3":3},"b":{}}
,"/Users/yuksehyun/project/CV_Search/crawl-ts/src/database/MysqlRecruitInfoRepository.ts": {"path":"/Users/yuksehyun/project/CV_Search/crawl-ts/src/database/MysqlRecruitInfoRepository.ts","statementMap":{"0":{"start":{"line":1,"column":0},"end":{"line":1,"column":55}},"1":{"start":{"line":3,"column":0},"end":{"line":3,"column":76}},"2":{"start":{"line":4,"column":0},"end":{"line":4,"column":58}},"3":{"start":{"line":22,"column":4},"end":{"line":22,"column":45}},"4":{"start":{"line":23,"column":4},"end":{"line":23,"column":31}},"5":{"start":{"line":32,"column":4},"end":{"line":34,"column":5}},"6":{"start":{"line":33,"column":6},"end":{"line":33,"column":49}},"7":{"start":{"line":36,"column":4},"end":{"line":56,"column":5}},"8":{"start":{"line":37,"column":29},"end":{"line":42,"column":null}},"9":{"start":{"line":45,"column":6},"end":{"line":52,"column":7}},"10":{"start":{"line":46,"column":24},"end":{"line":46,"column":65}},"11":{"start":{"line":47,"column":8},"end":{"line":47,"column":71}},"12":{"start":{"line":48,"column":8},"end":{"line":48,"column":25}},"13":{"start":{"line":50,"column":8},"end":{"line":50,"column":65}},"14":{"start":{"line":51,"column":8},"end":{"line":51,"column":20}},"15":{"start":{"line":54,"column":6},"end":{"line":54,"column":44}},"16":{"start":{"line":55,"column":6},"end":{"line":55,"column":18}},"17":{"start":{"line":65,"column":4},"end":{"line":94,"column":5}},"18":{"start":{"line":67,"column":18},"end":{"line":67,"column":28}},"19":{"start":{"line":70,"column":24},"end":{"line":74,"column":8}},"20":{"start":{"line":77,"column":29},"end":{"line":79,"column":8}},"21":{"start":{"line":81,"column":6},"end":{"line":90,"column":7}},"22":{"start":{"line":83,"column":8},"end":{"line":86,"column":11}},"23":{"start":{"line":89,"column":8},"end":{"line":89,"column":67}},"24":{"start":{"line":92,"column":6},"end":{"line":92,"column":44}},"25":{"start":{"line":93,"column":6},"end":{"line":93,"column":18}},"26":{"start":{"line":103,"column":4},"end":{"line":105,"column":5}},"27":{"start":{"line":104,"column":6},"end":{"line":104,"column":49}},"28":{"start":{"line":107,"column":4},"end":{"line":128,"column":5}},"29":{"start":{"line":108,"column":18},"end":{"line":108,"column":28}},"30":{"start":{"line":109,"column":46},"end":{"line":117,"column":null}},"31":{"start":{"line":120,"column":6},"end":{"line":124,"column":7}},"32":{"start":{"line":121,"column":8},"end":{"line":121,"column":33}},"33":{"start":{"line":123,"column":8},"end":{"line":123,"column":20}},"34":{"start":{"line":126,"column":6},"end":{"line":126,"column":46}},"35":{"start":{"line":127,"column":6},"end":{"line":127,"column":18}},"36":{"start":{"line":11,"column":0},"end":{"line":11,"column":13}}},"fnMap":{"0":{"name":"(anonymous_0)","decl":{"start":{"line":20,"column":2},"end":{"line":20,"column":14}},"loc":{"start":{"line":20,"column":60},"end":{"line":24,"column":3}}},"1":{"name":"(anonymous_1)","decl":{"start":{"line":31,"column":2},"end":{"line":31,"column":7}},"loc":{"start":{"line":31,"column":42},"end":{"line":57,"column":3}}},"2":{"name":"(anonymous_2)","decl":{"start":{"line":64,"column":2},"end":{"line":64,"column":7}},"loc":{"start":{"line":64,"column":53},"end":{"line":95,"column":3}}},"3":{"name":"(anonymous_3)","decl":{"start":{"line":102,"column":2},"end":{"line":102,"column":7}},"loc":{"start":{"line":102,"column":53},"end":{"line":129,"column":3}}}},"branchMap":{"0":{"loc":{"start":{"line":32,"column":4},"end":{"line":34,"column":5}},"type":"if","locations":[{"start":{"line":32,"column":4},"end":{"line":34,"column":5}}]},"1":{"loc":{"start":{"line":45,"column":6},"end":{"line":52,"column":7}},"type":"if","locations":[{"start":{"line":45,"column":6},"end":{"line":52,"column":7}},{"start":{"line":49,"column":13},"end":{"line":52,"column":7}}]},"2":{"loc":{"start":{"line":45,"column":10},"end":{"line":45,"column":95}},"type":"binary-expr","locations":[{"start":{"line":45,"column":10},"end":{"line":45,"column":22}},{"start":{"line":45,"column":27},"end":{"line":45,"column":50}},{"start":{"line":45,"column":55},"end":{"line":45,"column":95}}]},"3":{"loc":{"start":{"line":81,"column":6},"end":{"line":90,"column":7}},"type":"if","locations":[{"start":{"line":81,"column":6},"end":{"line":90,"column":7}},{"start":{"line":87,"column":13},"end":{"line":90,"column":7}}]},"4":{"loc":{"start":{"line":103,"column":4},"end":{"line":105,"column":5}},"type":"if","locations":[{"start":{"line":103,"column":4},"end":{"line":105,"column":5}}]},"5":{"loc":{"start":{"line":120,"column":6},"end":{"line":124,"column":7}},"type":"if","locations":[{"start":{"line":120,"column":6},"end":{"line":124,"column":7}},{"start":{"line":122,"column":13},"end":{"line":124,"column":7}}]},"6":{"loc":{"start":{"line":120,"column":10},"end":{"line":120,"column":56}},"type":"binary-expr","locations":[{"start":{"line":120,"column":10},"end":{"line":120,"column":27}},{"start":{"line":120,"column":31},"end":{"line":120,"column":56}}]}},"s":{"0":1,"1":1,"2":1,"3":9,"4":9,"5":3,"6":0,"7":3,"8":3,"9":2,"10":1,"11":1,"12":1,"13":1,"14":1,"15":1,"16":1,"17":3,"18":3,"19":3,"20":3,"21":2,"22":1,"23":1,"24":1,"25":1,"26":3,"27":0,"28":3,"29":3,"30":3,"31":2,"32":1,"33":1,"34":1,"35":1,"36":1},"f":{"0":9,"1":3,"2":3,"3":3},"b":{"0":[0],"1":[1,1],"2":[2,2,1],"3":[1,1],"4":[0],"5":[1,1],"6":[2,1]}}
,"/Users/yuksehyun/project/CV_Search/crawl-ts/src/message/messageService.ts": {"path":"/Users/yuksehyun/project/CV_Search/crawl-ts/src/message/messageService.ts","statementMap":{"0":{"start":{"line":1,"column":0},"end":{"line":1,"column":48}},"1":{"start":{"line":7,"column":0},"end":{"line":7,"column":null}},"2":{"start":{"line":8,"column":2},"end":{"line":8,"column":null}},"3":{"start":{"line":9,"column":2},"end":{"line":9,"column":null}},"4":{"start":{"line":10,"column":2},"end":{"line":10,"column":null}},"5":{"start":{"line":31,"column":4},"end":{"line":31,"column":76}},"6":{"start":{"line":39,"column":4},"end":{"line":41,"column":5}},"7":{"start":{"line":40,"column":6},"end":{"line":40,"column":53}},"8":{"start":{"line":42,"column":4},"end":{"line":42,"column":35}},"9":{"start":{"line":51,"column":4},"end":{"line":62,"column":5}},"10":{"start":{"line":52,"column":21},"end":{"line":56,"column":8}},"11":{"start":{"line":58,"column":6},"end":{"line":58,"column":20}},"12":{"start":{"line":60,"column":6},"end":{"line":60,"column":68}},"13":{"start":{"line":61,"column":6},"end":{"line":61,"column":19}},"14":{"start":{"line":71,"column":4},"end":{"line":82,"column":5}},"15":{"start":{"line":72,"column":21},"end":{"line":76,"column":8}},"16":{"start":{"line":78,"column":6},"end":{"line":78,"column":20}},"17":{"start":{"line":80,"column":6},"end":{"line":80,"column":68}},"18":{"start":{"line":81,"column":6},"end":{"line":81,"column":19}},"19":{"start":{"line":91,"column":4},"end":{"line":102,"column":5}},"20":{"start":{"line":92,"column":21},"end":{"line":96,"column":8}},"21":{"start":{"line":98,"column":6},"end":{"line":98,"column":20}},"22":{"start":{"line":100,"column":6},"end":{"line":100,"column":67}},"23":{"start":{"line":101,"column":6},"end":{"line":101,"column":19}},"24":{"start":{"line":112,"column":4},"end":{"line":133,"column":5}},"25":{"start":{"line":113,"column":6},"end":{"line":113,"column":43}},"26":{"start":{"line":115,"column":6},"end":{"line":115,"column":56}},"27":{"start":{"line":117,"column":28},"end":{"line":117,"column":30}},"28":{"start":{"line":119,"column":6},"end":{"line":127,"column":7}},"29":{"start":{"line":119,"column":19},"end":{"line":119,"column":20}},"30":{"start":{"line":120,"column":24},"end":{"line":120,"column":62}},"31":{"start":{"line":121,"column":8},"end":{"line":124,"column":9}},"32":{"start":{"line":122,"column":10},"end":{"line":122,"column":107}},"33":{"start":{"line":123,"column":10},"end":{"line":123,"column":16}},"34":{"start":{"line":126,"column":8},"end":{"line":126,"column":31}},"35":{"start":{"line":129,"column":6},"end":{"line":129,"column":22}},"36":{"start":{"line":131,"column":6},"end":{"line":131,"column":80}},"37":{"start":{"line":132,"column":6},"end":{"line":132,"column":16}},"38":{"start":{"line":142,"column":4},"end":{"line":144,"column":5}},"39":{"start":{"line":143,"column":6},"end":{"line":143,"column":43}},"40":{"start":{"line":146,"column":20},"end":{"line":146,"column":53}},"41":{"start":{"line":147,"column":4},"end":{"line":149,"column":5}},"42":{"start":{"line":148,"column":6},"end":{"line":148,"column":59}},"43":{"start":{"line":151,"column":20},"end":{"line":151,"column":66}},"44":{"start":{"line":153,"column":4},"end":{"line":155,"column":5}},"45":{"start":{"line":154,"column":6},"end":{"line":154,"column":18}},"46":{"start":{"line":157,"column":4},"end":{"line":171,"column":5}},"47":{"start":{"line":159,"column":22},"end":{"line":159,"column":48}},"48":{"start":{"line":160,"column":28},"end":{"line":160,"column":52}},"49":{"start":{"line":163,"column":6},"end":{"line":163,"column":27}},"50":{"start":{"line":165,"column":6},"end":{"line":165,"column":27}},"51":{"start":{"line":168,"column":6},"end":{"line":168,"column":42}},"52":{"start":{"line":169,"column":6},"end":{"line":169,"column":79}},"53":{"start":{"line":170,"column":6},"end":{"line":170,"column":18}},"54":{"start":{"line":179,"column":4},"end":{"line":216,"column":5}},"55":{"start":{"line":180,"column":22},"end":{"line":180,"column":55}},"56":{"start":{"line":182,"column":6},"end":{"line":182,"column":62}},"57":{"start":{"line":184,"column":6},"end":{"line":186,"column":7}},"58":{"start":{"line":185,"column":8},"end":{"line":185,"column":49}},"59":{"start":{"line":189,"column":6},"end":{"line":210,"column":8}},"60":{"start":{"line":192,"column":10},"end":{"line":195,"column":11}},"61":{"start":{"line":193,"column":12},"end":{"line":193,"column":50}},"62":{"start":{"line":194,"column":12},"end":{"line":194,"column":19}},"63":{"start":{"line":197,"column":10},"end":{"line":207,"column":11}},"64":{"start":{"line":198,"column":12},"end":{"line":198,"column":33}},"65":{"start":{"line":200,"column":12},"end":{"line":202,"column":13}},"66":{"start":{"line":201,"column":14},"end":{"line":201,"column":31}},"67":{"start":{"line":204,"column":12},"end":{"line":204,"column":86}},"68":{"start":{"line":206,"column":12},"end":{"line":206,"column":44}},"69":{"start":{"line":212,"column":6},"end":{"line":212,"column":73}},"70":{"start":{"line":214,"column":6},"end":{"line":214,"column":82}},"71":{"start":{"line":215,"column":6},"end":{"line":215,"column":18}},"72":{"start":{"line":223,"column":4},"end":{"line":223,"column":41}},"73":{"start":{"line":230,"column":4},"end":{"line":230,"column":39}},"74":{"start":{"line":237,"column":29},"end":{"line":237,"column":62}},"75":{"start":{"line":238,"column":4},"end":{"line":240,"column":5}},"76":{"start":{"line":239,"column":6},"end":{"line":239,"column":45}},"77":{"start":{"line":241,"column":4},"end":{"line":241,"column":27}},"78":{"start":{"line":22,"column":0},"end":{"line":22,"column":13}},"79":{"start":{"line":245,"column":0},"end":{"line":245,"column":30}}},"fnMap":{"0":{"name":"(anonymous_1)","decl":{"start":{"line":7,"column":0},"end":{"line":7,"column":12}},"loc":{"start":{"line":7,"column":22},"end":{"line":11,"column":1}}},"1":{"name":"(anonymous_2)","decl":{"start":{"line":30,"column":2},"end":{"line":30,"column":14}},"loc":{"start":{"line":30,"column":47},"end":{"line":32,"column":3}}},"2":{"name":"(anonymous_3)","decl":{"start":{"line":38,"column":9},"end":{"line":38,"column":15}},"loc":{"start":{"line":38,"column":27},"end":{"line":43,"column":3}}},"3":{"name":"(anonymous_4)","decl":{"start":{"line":50,"column":9},"end":{"line":50,"column":14}},"loc":{"start":{"line":50,"column":47},"end":{"line":63,"column":3}}},"4":{"name":"(anonymous_5)","decl":{"start":{"line":70,"column":9},"end":{"line":70,"column":14}},"loc":{"start":{"line":70,"column":47},"end":{"line":83,"column":3}}},"5":{"name":"(anonymous_6)","decl":{"start":{"line":90,"column":9},"end":{"line":90,"column":14}},"loc":{"start":{"line":90,"column":45},"end":{"line":103,"column":3}}},"6":{"name":"(anonymous_7)","decl":{"start":{"line":111,"column":9},"end":{"line":111,"column":14}},"loc":{"start":{"line":111,"column":74},"end":{"line":134,"column":3}}},"7":{"name":"(anonymous_8)","decl":{"start":{"line":141,"column":10},"end":{"line":141,"column":15}},"loc":{"start":{"line":141,"column":50},"end":{"line":172,"column":3}}},"8":{"name":"(anonymous_9)","decl":{"start":{"line":174,"column":9},"end":{"line":174,"column":14}},"loc":{"start":{"line":177,"column":32},"end":{"line":217,"column":3}}},"9":{"name":"(anonymous_10)","decl":{"start":{"line":191,"column":8},"end":{"line":191,"column":13}},"loc":{"start":{"line":191,"column":45},"end":{"line":208,"column":9}}},"10":{"name":"(anonymous_11)","decl":{"start":{"line":222,"column":9},"end":{"line":222,"column":14}},"loc":{"start":{"line":222,"column":22},"end":{"line":224,"column":3}}},"11":{"name":"(anonymous_12)","decl":{"start":{"line":229,"column":9},"end":{"line":229,"column":14}},"loc":{"start":{"line":229,"column":20},"end":{"line":231,"column":3}}},"12":{"name":"(anonymous_13)","decl":{"start":{"line":236,"column":9},"end":{"line":236,"column":14}},"loc":{"start":{"line":236,"column":42},"end":{"line":242,"column":3}}}},"branchMap":{"0":{"loc":{"start":{"line":7,"column":12},"end":{"line":7,"column":null}},"type":"binary-expr","locations":[{"start":{"line":7,"column":12},"end":{"line":7,"column":22}},{"start":{"line":7,"column":22},"end":{"line":7,"column":null}}]},"1":{"loc":{"start":{"line":31,"column":27},"end":{"line":31,"column":75}},"type":"binary-expr","locations":[{"start":{"line":31,"column":27},"end":{"line":31,"column":42}},{"start":{"line":31,"column":46},"end":{"line":31,"column":75}}]},"2":{"loc":{"start":{"line":39,"column":4},"end":{"line":41,"column":5}},"type":"if","locations":[{"start":{"line":39,"column":4},"end":{"line":41,"column":5}}]},"3":{"loc":{"start":{"line":121,"column":8},"end":{"line":124,"column":9}},"type":"if","locations":[{"start":{"line":121,"column":8},"end":{"line":124,"column":9}}]},"4":{"loc":{"start":{"line":142,"column":4},"end":{"line":144,"column":5}},"type":"if","locations":[{"start":{"line":142,"column":4},"end":{"line":144,"column":5}}]},"5":{"loc":{"start":{"line":147,"column":4},"end":{"line":149,"column":5}},"type":"if","locations":[{"start":{"line":147,"column":4},"end":{"line":149,"column":5}}]},"6":{"loc":{"start":{"line":153,"column":4},"end":{"line":155,"column":5}},"type":"if","locations":[{"start":{"line":153,"column":4},"end":{"line":155,"column":5}}]},"7":{"loc":{"start":{"line":177,"column":4},"end":{"line":177,"column":32}},"type":"default-arg","locations":[{"start":{"line":177,"column":30},"end":{"line":177,"column":32}}]},"8":{"loc":{"start":{"line":184,"column":6},"end":{"line":186,"column":7}},"type":"if","locations":[{"start":{"line":184,"column":6},"end":{"line":186,"column":7}}]},"9":{"loc":{"start":{"line":192,"column":10},"end":{"line":195,"column":11}},"type":"if","locations":[{"start":{"line":192,"column":10},"end":{"line":195,"column":11}}]},"10":{"loc":{"start":{"line":200,"column":12},"end":{"line":202,"column":13}},"type":"if","locations":[{"start":{"line":200,"column":12},"end":{"line":202,"column":13}}]},"11":{"loc":{"start":{"line":209,"column":17},"end":{"line":209,"column":39}},"type":"binary-expr","locations":[{"start":{"line":209,"column":17},"end":{"line":209,"column":30}},{"start":{"line":209,"column":34},"end":{"line":209,"column":39}}]},"12":{"loc":{"start":{"line":238,"column":4},"end":{"line":240,"column":5}},"type":"if","locations":[{"start":{"line":238,"column":4},"end":{"line":240,"column":5}}]}},"s":{"0":2,"1":2,"2":2,"3":2,"4":2,"5":13,"6":3,"7":2,"8":3,"9":4,"10":4,"11":3,"12":1,"13":1,"14":3,"15":3,"16":2,"17":1,"18":1,"19":0,"20":0,"21":0,"22":0,"23":0,"24":0,"25":0,"26":0,"27":0,"28":0,"29":0,"30":0,"31":0,"32":0,"33":0,"34":0,"35":0,"36":0,"37":0,"38":0,"39":0,"40":0,"41":0,"42":0,"43":0,"44":0,"45":0,"46":0,"47":0,"48":0,"49":0,"50":0,"51":0,"52":0,"53":0,"54":0,"55":0,"56":0,"57":0,"58":0,"59":0,"60":0,"61":0,"62":0,"63":0,"64":0,"65":0,"66":0,"67":0,"68":0,"69":0,"70":0,"71":0,"72":1,"73":1,"74":0,"75":0,"76":0,"77":0,"78":2,"79":2},"f":{"0":2,"1":13,"2":3,"3":4,"4":3,"5":0,"6":0,"7":0,"8":0,"9":0,"10":1,"11":1,"12":0},"b":{"0":[2,2],"1":[13,2],"2":[2],"3":[0],"4":[0],"5":[0],"6":[0],"7":[0],"8":[0],"9":[0],"10":[0],"11":[0,0],"12":[0]}}
,"/Users/yuksehyun/project/CV_Search/crawl-ts/src/message/rabbitMQManager.ts": {"path":"/Users/yuksehyun/project/CV_Search/crawl-ts/src/message/rabbitMQManager.ts","statementMap":{"0":{"start":{"line":1,"column":0},"end":{"line":1,"column":54}},"1":{"start":{"line":9,"column":10},"end":{"line":9,"column":50}},"2":{"start":{"line":10,"column":10},"end":{"line":10,"column":42}},"3":{"start":{"line":19,"column":4},"end":{"line":19,"column":19}},"4":{"start":{"line":28,"column":4},"end":{"line":30,"column":5}},"5":{"start":{"line":29,"column":6},"end":{"line":29,"column":58}},"6":{"start":{"line":31,"column":4},"end":{"line":31,"column":36}},"7":{"start":{"line":38,"column":4},"end":{"line":79,"column":5}},"8":{"start":{"line":39,"column":6},"end":{"line":59,"column":7}},"9":{"start":{"line":41,"column":8},"end":{"line":44,"column":9}},"10":{"start":{"line":42,"column":10},"end":{"line":42,"column":54}},"11":{"start":{"line":45,"column":8},"end":{"line":45,"column":55}},"12":{"start":{"line":48,"column":8},"end":{"line":52,"column":11}},"13":{"start":{"line":49,"column":10},"end":{"line":49,"column":54}},"14":{"start":{"line":50,"column":10},"end":{"line":50,"column":33}},"15":{"start":{"line":51,"column":10},"end":{"line":51,"column":30}},"16":{"start":{"line":54,"column":8},"end":{"line":58,"column":11}},"17":{"start":{"line":55,"column":10},"end":{"line":55,"column":59}},"18":{"start":{"line":56,"column":10},"end":{"line":56,"column":33}},"19":{"start":{"line":57,"column":10},"end":{"line":57,"column":30}},"20":{"start":{"line":61,"column":6},"end":{"line":75,"column":7}},"21":{"start":{"line":63,"column":8},"end":{"line":63,"column":61}},"22":{"start":{"line":66,"column":8},"end":{"line":69,"column":11}},"23":{"start":{"line":67,"column":10},"end":{"line":67,"column":51}},"24":{"start":{"line":68,"column":10},"end":{"line":68,"column":30}},"25":{"start":{"line":71,"column":8},"end":{"line":74,"column":11}},"26":{"start":{"line":72,"column":10},"end":{"line":72,"column":56}},"27":{"start":{"line":73,"column":10},"end":{"line":73,"column":30}},"28":{"start":{"line":77,"column":6},"end":{"line":77,"column":61}},"29":{"start":{"line":78,"column":6},"end":{"line":78,"column":18}},"30":{"start":{"line":87,"column":4},"end":{"line":89,"column":5}},"31":{"start":{"line":88,"column":6},"end":{"line":88,"column":45}},"32":{"start":{"line":90,"column":4},"end":{"line":90,"column":24}},"33":{"start":{"line":99,"column":4},"end":{"line":112,"column":5}},"34":{"start":{"line":100,"column":6},"end":{"line":102,"column":7}},"35":{"start":{"line":101,"column":8},"end":{"line":101,"column":29}},"36":{"start":{"line":104,"column":6},"end":{"line":106,"column":7}},"37":{"start":{"line":105,"column":8},"end":{"line":105,"column":61}},"38":{"start":{"line":108,"column":6},"end":{"line":108,"column":64}},"39":{"start":{"line":110,"column":6},"end":{"line":110,"column":67}},"40":{"start":{"line":111,"column":6},"end":{"line":111,"column":18}},"41":{"start":{"line":123,"column":4},"end":{"line":146,"column":5}},"42":{"start":{"line":124,"column":6},"end":{"line":126,"column":7}},"43":{"start":{"line":125,"column":8},"end":{"line":125,"column":29}},"44":{"start":{"line":128,"column":6},"end":{"line":130,"column":7}},"45":{"start":{"line":129,"column":8},"end":{"line":129,"column":61}},"46":{"start":{"line":133,"column":6},"end":{"line":133,"column":40}},"47":{"start":{"line":136,"column":28},"end":{"line":138,"column":46}},"48":{"start":{"line":141,"column":19},"end":{"line":141,"column":78}},"49":{"start":{"line":142,"column":6},"end":{"line":142,"column":18}},"50":{"start":{"line":144,"column":6},"end":{"line":144,"column":76}},"51":{"start":{"line":145,"column":6},"end":{"line":145,"column":19}},"52":{"start":{"line":153,"column":4},"end":{"line":166,"column":5}},"53":{"start":{"line":154,"column":6},"end":{"line":157,"column":7}},"54":{"start":{"line":155,"column":8},"end":{"line":155,"column":35}},"55":{"start":{"line":156,"column":8},"end":{"line":156,"column":28}},"56":{"start":{"line":159,"column":6},"end":{"line":162,"column":7}},"57":{"start":{"line":160,"column":8},"end":{"line":160,"column":38}},"58":{"start":{"line":161,"column":8},"end":{"line":161,"column":31}},"59":{"start":{"line":164,"column":6},"end":{"line":164,"column":65}},"60":{"start":{"line":165,"column":6},"end":{"line":165,"column":18}},"61":{"start":{"line":8,"column":0},"end":{"line":8,"column":13}},"62":{"start":{"line":170,"column":0},"end":{"line":170,"column":31}}},"fnMap":{"0":{"name":"(anonymous_1)","decl":{"start":{"line":18,"column":2},"end":{"line":18,"column":14}},"loc":{"start":{"line":18,"column":79},"end":{"line":20,"column":3}}},"1":{"name":"(anonymous_2)","decl":{"start":{"line":27,"column":9},"end":{"line":27,"column":15}},"loc":{"start":{"line":27,"column":40},"end":{"line":32,"column":3}}},"2":{"name":"(anonymous_3)","decl":{"start":{"line":37,"column":9},"end":{"line":37,"column":14}},"loc":{"start":{"line":37,"column":22},"end":{"line":80,"column":3}}},"3":{"name":"(anonymous_4)","decl":{"start":{"line":48,"column":36},"end":{"line":48,"column":39}},"loc":{"start":{"line":48,"column":41},"end":{"line":52,"column":9}}},"4":{"name":"(anonymous_5)","decl":{"start":{"line":54,"column":36},"end":{"line":54,"column":37}},"loc":{"start":{"line":54,"column":44},"end":{"line":58,"column":9}}},"5":{"name":"(anonymous_6)","decl":{"start":{"line":66,"column":33},"end":{"line":66,"column":36}},"loc":{"start":{"line":66,"column":38},"end":{"line":69,"column":9}}},"6":{"name":"(anonymous_7)","decl":{"start":{"line":71,"column":33},"end":{"line":71,"column":34}},"loc":{"start":{"line":71,"column":41},"end":{"line":74,"column":9}}},"7":{"name":"(anonymous_8)","decl":{"start":{"line":86,"column":9},"end":{"line":86,"column":19}},"loc":{"start":{"line":86,"column":19},"end":{"line":91,"column":3}}},"8":{"name":"(anonymous_9)","decl":{"start":{"line":98,"column":9},"end":{"line":98,"column":14}},"loc":{"start":{"line":98,"column":103},"end":{"line":113,"column":3}}},"9":{"name":"(anonymous_10)","decl":{"start":{"line":122,"column":9},"end":{"line":122,"column":14}},"loc":{"start":{"line":122,"column":98},"end":{"line":147,"column":3}}},"10":{"name":"(anonymous_11)","decl":{"start":{"line":152,"column":9},"end":{"line":152,"column":14}},"loc":{"start":{"line":152,"column":20},"end":{"line":167,"column":3}}}},"branchMap":{"0":{"loc":{"start":{"line":18,"column":14},"end":{"line":18,"column":79}},"type":"default-arg","locations":[{"start":{"line":18,"column":28},"end":{"line":18,"column":79}}]},"1":{"loc":{"start":{"line":18,"column":28},"end":{"line":18,"column":79}},"type":"binary-expr","locations":[{"start":{"line":18,"column":28},"end":{"line":18,"column":52}},{"start":{"line":18,"column":56},"end":{"line":18,"column":79}}]},"2":{"loc":{"start":{"line":28,"column":4},"end":{"line":30,"column":5}},"type":"if","locations":[{"start":{"line":28,"column":4},"end":{"line":30,"column":5}}]},"3":{"loc":{"start":{"line":39,"column":6},"end":{"line":59,"column":7}},"type":"if","locations":[{"start":{"line":39,"column":6},"end":{"line":59,"column":7}}]},"4":{"loc":{"start":{"line":41,"column":8},"end":{"line":44,"column":9}},"type":"if","locations":[{"start":{"line":41,"column":8},"end":{"line":44,"column":9}}]},"5":{"loc":{"start":{"line":61,"column":6},"end":{"line":75,"column":7}},"type":"if","locations":[{"start":{"line":61,"column":6},"end":{"line":75,"column":7}}]},"6":{"loc":{"start":{"line":61,"column":10},"end":{"line":61,"column":42}},"type":"binary-expr","locations":[{"start":{"line":61,"column":10},"end":{"line":61,"column":23}},{"start":{"line":61,"column":27},"end":{"line":61,"column":42}}]},"7":{"loc":{"start":{"line":87,"column":4},"end":{"line":89,"column":5}},"type":"if","locations":[{"start":{"line":87,"column":4},"end":{"line":89,"column":5}}]},"8":{"loc":{"start":{"line":98,"column":50},"end":{"line":98,"column":103}},"type":"default-arg","locations":[{"start":{"line":98,"column":86},"end":{"line":98,"column":103}}]},"9":{"loc":{"start":{"line":100,"column":6},"end":{"line":102,"column":7}},"type":"if","locations":[{"start":{"line":100,"column":6},"end":{"line":102,"column":7}}]},"10":{"loc":{"start":{"line":104,"column":6},"end":{"line":106,"column":7}},"type":"if","locations":[{"start":{"line":104,"column":6},"end":{"line":106,"column":7}}]},"11":{"loc":{"start":{"line":122,"column":64},"end":{"line":122,"column":98}},"type":"default-arg","locations":[{"start":{"line":122,"column":96},"end":{"line":122,"column":98}}]},"12":{"loc":{"start":{"line":124,"column":6},"end":{"line":126,"column":7}},"type":"if","locations":[{"start":{"line":124,"column":6},"end":{"line":126,"column":7}}]},"13":{"loc":{"start":{"line":128,"column":6},"end":{"line":130,"column":7}},"type":"if","locations":[{"start":{"line":128,"column":6},"end":{"line":130,"column":7}}]},"14":{"loc":{"start":{"line":136,"column":28},"end":{"line":138,"column":46}},"type":"cond-expr","locations":[{"start":{"line":137,"column":10},"end":{"line":137,"column":17}},{"start":{"line":138,"column":10},"end":{"line":138,"column":46}}]},"15":{"loc":{"start":{"line":154,"column":6},"end":{"line":157,"column":7}},"type":"if","locations":[{"start":{"line":154,"column":6},"end":{"line":157,"column":7}}]},"16":{"loc":{"start":{"line":159,"column":6},"end":{"line":162,"column":7}},"type":"if","locations":[{"start":{"line":159,"column":6},"end":{"line":162,"column":7}}]}},"s":{"0":1,"1":16,"2":16,"3":16,"4":3,"5":2,"6":3,"7":12,"8":12,"9":11,"10":0,"11":11,"12":11,"13":0,"14":0,"15":0,"16":11,"17":0,"18":0,"19":0,"20":12,"21":11,"22":11,"23":0,"24":0,"25":11,"26":0,"27":0,"28":0,"29":0,"30":0,"31":0,"32":0,"33":6,"34":6,"35":3,"36":6,"37":0,"38":6,"39":0,"40":0,"41":3,"42":3,"43":3,"44":3,"45":0,"46":3,"47":3,"48":3,"49":3,"50":0,"51":0,"52":2,"53":2,"54":1,"55":1,"56":2,"57":1,"58":1,"59":0,"60":0,"61":1,"62":1},"f":{"0":16,"1":3,"2":12,"3":0,"4":0,"5":0,"6":0,"7":0,"8":6,"9":3,"10":2},"b":{"0":[1],"1":[1,1],"2":[2],"3":[11],"4":[0],"5":[11],"6":[12,11],"7":[0],"8":[5],"9":[3],"10":[0],"11":[2],"12":[3],"13":[0],"14":[1,2],"15":[1],"16":[1]}}
,"/Users/yuksehyun/project/CV_Search/crawl-ts/src/models/MysqlRecruitInfoModel.ts": {"path":"/Users/yuksehyun/project/CV_Search/crawl-ts/src/models/MysqlRecruitInfoModel.ts","statementMap":{"0":{"start":{"line":51,"column":0},"end":{"line":51,"column":16}},"1":{"start":{"line":1,"column":0},"end":{"line":1,"column":80}},"2":{"start":{"line":20,"column":0},"end":{"line":20,"column":13}},"3":{"start":{"line":52,"column":2},"end":{"line":140,"column":4}},"4":{"start":{"line":142,"column":2},"end":{"line":142,"column":35}},"5":{"start":{"line":145,"column":15},"end":{"line":168,"column":4}},"6":{"start":{"line":169,"column":13},"end":{"line":169,"column":85}},"7":{"start":{"line":170,"column":13},"end":{"line":170,"column":65}}},"fnMap":{"0":{"name":"initRecruitInfoModel","decl":{"start":{"line":51,"column":16},"end":{"line":51,"column":36}},"loc":{"start":{"line":51,"column":57},"end":{"line":143,"column":1}}}},"branchMap":{"0":{"loc":{"start":{"line":146,"column":6},"end":{"line":146,"column":43}},"type":"binary-expr","locations":[{"start":{"line":146,"column":6},"end":{"line":146,"column":28}},{"start":{"line":146,"column":32},"end":{"line":146,"column":43}}]},"1":{"loc":{"start":{"line":147,"column":6},"end":{"line":147,"column":38}},"type":"binary-expr","locations":[{"start":{"line":147,"column":6},"end":{"line":147,"column":28}},{"start":{"line":147,"column":32},"end":{"line":147,"column":38}}]},"2":{"loc":{"start":{"line":148,"column":6},"end":{"line":148,"column":38}},"type":"binary-expr","locations":[{"start":{"line":148,"column":6},"end":{"line":148,"column":32}},{"start":{"line":148,"column":36},"end":{"line":148,"column":38}}]},"3":{"loc":{"start":{"line":150,"column":14},"end":{"line":150,"column":51}},"type":"binary-expr","locations":[{"start":{"line":150,"column":14},"end":{"line":150,"column":36}},{"start":{"line":150,"column":40},"end":{"line":150,"column":51}}]},"4":{"loc":{"start":{"line":151,"column":15},"end":{"line":151,"column":79}},"type":"cond-expr","locations":[{"start":{"line":151,"column":40},"end":{"line":151,"column":72}},{"start":{"line":151,"column":75},"end":{"line":151,"column":79}}]},"5":{"loc":{"start":{"line":153,"column":17},"end":{"line":153,"column":77}},"type":"cond-expr","locations":[{"start":{"line":153,"column":58},"end":{"line":153,"column":69}},{"start":{"line":153,"column":72},"end":{"line":153,"column":77}}]}},"s":{"0":1,"1":1,"2":1,"3":1,"4":1,"5":1,"6":1,"7":1},"f":{"0":1},"b":{"0":[1,1],"1":[1,1],"2":[1,1],"3":[1,1],"4":[0,1],"5":[0,1]}}
,"/Users/yuksehyun/project/CV_Search/crawl-ts/src/models/VisitResult.ts": {"path":"/Users/yuksehyun/project/CV_Search/crawl-ts/src/models/VisitResult.ts","statementMap":{"0":{"start":{"line":1,"column":0},"end":{"line":1,"column":54}},"1":{"start":{"line":80,"column":2},"end":{"line":80,"column":26}},"2":{"start":{"line":81,"column":2},"end":{"line":81,"column":29}},"3":{"start":{"line":82,"column":2},"end":{"line":82,"column":29}},"4":{"start":{"line":83,"column":2},"end":{"line":95,"column":4}},"5":{"start":{"line":96,"column":2},"end":{"line":96,"column":27}},"6":{"start":{"line":98,"column":2},"end":{"line":103,"column":10}},"7":{"start":{"line":111,"column":4},"end":{"line":111,"column":30}},"8":{"start":{"line":112,"column":4},"end":{"line":112,"column":36}},"9":{"start":{"line":113,"column":4},"end":{"line":113,"column":41}},"10":{"start":{"line":114,"column":4},"end":{"line":114,"column":36}},"11":{"start":{"line":115,"column":4},"end":{"line":115,"column":56}},"12":{"start":{"line":116,"column":4},"end":{"line":116,"column":52}},"13":{"start":{"line":117,"column":4},"end":{"line":117,"column":52}},"14":{"start":{"line":118,"column":4},"end":{"line":118,"column":34}},"15":{"start":{"line":119,"column":4},"end":{"line":119,"column":40}},"16":{"start":{"line":120,"column":4},"end":{"line":120,"column":28}},"17":{"start":{"line":121,"column":4},"end":{"line":121,"column":26}},"18":{"start":{"line":122,"column":4},"end":{"line":122,"column":40}},"19":{"start":{"line":123,"column":4},"end":{"line":123,"column":40}},"20":{"start":{"line":124,"column":4},"end":{"line":124,"column":46}},"21":{"start":{"line":125,"column":4},"end":{"line":125,"column":46}},"22":{"start":{"line":126,"column":4},"end":{"line":126,"column":41}},"23":{"start":{"line":127,"column":4},"end":{"line":127,"column":28}},"24":{"start":{"line":128,"column":4},"end":{"line":128,"column":36}},"25":{"start":{"line":129,"column":4},"end":{"line":129,"column":36}},"26":{"start":{"line":131,"column":4},"end":{"line":136,"column":5}},"27":{"start":{"line":132,"column":6},"end":{"line":135,"column":8}},"28":{"start":{"line":143,"column":4},"end":{"line":164,"column":6}},"29":{"start":{"line":63,"column":0},"end":{"line":63,"column":13}},"30":{"start":{"line":169,"column":21},"end":{"line":205,"column":2}},"31":{"start":{"line":207,"column":26},"end":{"line":219,"column":4}},"32":{"start":{"line":222,"column":0},"end":{"line":225,"column":3}},"33":{"start":{"line":223,"column":2},"end":{"line":223,"column":31}},"34":{"start":{"line":224,"column":2},"end":{"line":224,"column":9}},"35":{"start":{"line":228,"column":13},"end":{"line":228,"column":91}},"36":{"start":{"line":245,"column":4},"end":{"line":245,"column":36}},"37":{"start":{"line":246,"column":4},"end":{"line":246,"column":46}},"38":{"start":{"line":247,"column":4},"end":{"line":247,"column":52}},"39":{"start":{"line":248,"column":4},"end":{"line":248,"column":52}},"40":{"start":{"line":255,"column":4},"end":{"line":255,"column":33}},"41":{"start":{"line":256,"column":4},"end":{"line":265,"column":6}},"42":{"start":{"line":260,"column":50},"end":{"line":260,"column":65}},"43":{"start":{"line":272,"column":16},"end":{"line":272,"column":53}},"44":{"start":{"line":274,"column":4},"end":{"line":274,"column":26}},"45":{"start":{"line":274,"column":14},"end":{"line":274,"column":26}},"46":{"start":{"line":276,"column":4},"end":{"line":281,"column":7}},"47":{"start":{"line":288,"column":17},"end":{"line":288,"column":63}},"48":{"start":{"line":290,"column":4},"end":{"line":298,"column":8}},"49":{"start":{"line":290,"column":28},"end":{"line":298,"column":6}},"50":{"start":{"line":305,"column":4},"end":{"line":305,"column":62}},"51":{"start":{"line":233,"column":0},"end":{"line":233,"column":13}}},"fnMap":{"0":{"name":"(anonymous_9)","decl":{"start":{"line":110,"column":2},"end":{"line":110,"column":14}},"loc":{"start":{"line":110,"column":41},"end":{"line":137,"column":3}}},"1":{"name":"(anonymous_10)","decl":{"start":{"line":142,"column":2},"end":{"line":142,"column":10}},"loc":{"start":{"line":142,"column":10},"end":{"line":165,"column":3}}},"2":{"name":"(anonymous_11)","decl":{"start":{"line":222,"column":30},"end":{"line":222,"column":39}},"loc":{"start":{"line":222,"column":43},"end":{"line":225,"column":1}}},"3":{"name":"(anonymous_12)","decl":{"start":{"line":244,"column":2},"end":{"line":244,"column":14}},"loc":{"start":{"line":244,"column":46},"end":{"line":249,"column":3}}},"4":{"name":"(anonymous_13)","decl":{"start":{"line":254,"column":2},"end":{"line":254,"column":7}},"loc":{"start":{"line":254,"column":12},"end":{"line":266,"column":3}}},"5":{"name":"(anonymous_14)","decl":{"start":{"line":260,"column":42},"end":{"line":260,"column":46}},"loc":{"start":{"line":260,"column":50},"end":{"line":260,"column":65}}},"6":{"name":"(anonymous_15)","decl":{"start":{"line":271,"column":2},"end":{"line":271,"column":8}},"loc":{"start":{"line":271,"column":33},"end":{"line":282,"column":3}}},"7":{"name":"(anonymous_16)","decl":{"start":{"line":287,"column":2},"end":{"line":287,"column":8}},"loc":{"start":{"line":287,"column":48},"end":{"line":299,"column":3}}},"8":{"name":"(anonymous_17)","decl":{"start":{"line":290,"column":20},"end":{"line":290,"column":23}},"loc":{"start":{"line":290,"column":28},"end":{"line":298,"column":6}}},"9":{"name":"(anonymous_18)","decl":{"start":{"line":304,"column":2},"end":{"line":304,"column":8}},"loc":{"start":{"line":304,"column":41},"end":{"line":306,"column":3}}}},"branchMap":{"0":{"loc":{"start":{"line":110,"column":14},"end":{"line":110,"column":41}},"type":"default-arg","locations":[{"start":{"line":110,"column":39},"end":{"line":110,"column":41}}]},"1":{"loc":{"start":{"line":111,"column":15},"end":{"line":111,"column":29}},"type":"binary-expr","locations":[{"start":{"line":111,"column":15},"end":{"line":111,"column":23}},{"start":{"line":111,"column":27},"end":{"line":111,"column":29}}]},"2":{"loc":{"start":{"line":112,"column":18},"end":{"line":112,"column":35}},"type":"binary-expr","locations":[{"start":{"line":112,"column":18},"end":{"line":112,"column":29}},{"start":{"line":112,"column":33},"end":{"line":112,"column":35}}]},"3":{"loc":{"start":{"line":113,"column":19},"end":{"line":113,"column":40}},"type":"binary-expr","locations":[{"start":{"line":113,"column":19},"end":{"line":113,"column":31}},{"start":{"line":113,"column":35},"end":{"line":113,"column":40}}]},"4":{"loc":{"start":{"line":115,"column":24},"end":{"line":115,"column":55}},"type":"binary-expr","locations":[{"start":{"line":115,"column":24},"end":{"line":115,"column":41}},{"start":{"line":115,"column":45},"end":{"line":115,"column":55}}]},"5":{"loc":{"start":{"line":116,"column":22},"end":{"line":116,"column":51}},"type":"binary-expr","locations":[{"start":{"line":116,"column":22},"end":{"line":116,"column":37}},{"start":{"line":116,"column":41},"end":{"line":116,"column":51}}]},"6":{"loc":{"start":{"line":117,"column":22},"end":{"line":117,"column":51}},"type":"binary-expr","locations":[{"start":{"line":117,"column":22},"end":{"line":117,"column":37}},{"start":{"line":117,"column":41},"end":{"line":117,"column":51}}]},"7":{"loc":{"start":{"line":123,"column":20},"end":{"line":123,"column":39}},"type":"binary-expr","locations":[{"start":{"line":123,"column":20},"end":{"line":123,"column":33}},{"start":{"line":123,"column":37},"end":{"line":123,"column":39}}]},"8":{"loc":{"start":{"line":124,"column":23},"end":{"line":124,"column":45}},"type":"binary-expr","locations":[{"start":{"line":124,"column":23},"end":{"line":124,"column":39}},{"start":{"line":124,"column":43},"end":{"line":124,"column":45}}]},"9":{"loc":{"start":{"line":125,"column":23},"end":{"line":125,"column":45}},"type":"binary-expr","locations":[{"start":{"line":125,"column":23},"end":{"line":125,"column":39}},{"start":{"line":125,"column":43},"end":{"line":125,"column":45}}]},"10":{"loc":{"start":{"line":126,"column":19},"end":{"line":126,"column":40}},"type":"binary-expr","locations":[{"start":{"line":126,"column":19},"end":{"line":126,"column":31}},{"start":{"line":126,"column":35},"end":{"line":126,"column":40}}]},"11":{"loc":{"start":{"line":128,"column":18},"end":{"line":128,"column":35}},"type":"binary-expr","locations":[{"start":{"line":128,"column":18},"end":{"line":128,"column":29}},{"start":{"line":128,"column":33},"end":{"line":128,"column":35}}]},"12":{"loc":{"start":{"line":131,"column":4},"end":{"line":136,"column":5}},"type":"if","locations":[{"start":{"line":131,"column":4},"end":{"line":136,"column":5}}]},"13":{"loc":{"start":{"line":244,"column":14},"end":{"line":244,"column":46}},"type":"default-arg","locations":[{"start":{"line":244,"column":44},"end":{"line":244,"column":46}}]},"14":{"loc":{"start":{"line":245,"column":18},"end":{"line":245,"column":35}},"type":"binary-expr","locations":[{"start":{"line":245,"column":18},"end":{"line":245,"column":29}},{"start":{"line":245,"column":33},"end":{"line":245,"column":35}}]},"15":{"loc":{"start":{"line":246,"column":23},"end":{"line":246,"column":45}},"type":"binary-expr","locations":[{"start":{"line":246,"column":23},"end":{"line":246,"column":39}},{"start":{"line":246,"column":43},"end":{"line":246,"column":45}}]},"16":{"loc":{"start":{"line":247,"column":22},"end":{"line":247,"column":51}},"type":"binary-expr","locations":[{"start":{"line":247,"column":22},"end":{"line":247,"column":37}},{"start":{"line":247,"column":41},"end":{"line":247,"column":51}}]},"17":{"loc":{"start":{"line":248,"column":22},"end":{"line":248,"column":51}},"type":"binary-expr","locations":[{"start":{"line":248,"column":22},"end":{"line":248,"column":37}},{"start":{"line":248,"column":41},"end":{"line":248,"column":51}}]},"18":{"loc":{"start":{"line":274,"column":4},"end":{"line":274,"column":26}},"type":"if","locations":[{"start":{"line":274,"column":4},"end":{"line":274,"column":26}}]},"19":{"loc":{"start":{"line":293,"column":10},"end":{"line":297,"column":8}},"type":"cond-expr","locations":[{"start":{"line":293,"column":23},"end":{"line":293,"column":25}},{"start":{"line":293,"column":28},"end":{"line":297,"column":8}}]},"20":{"loc":{"start":{"line":305,"column":49},"end":{"line":305,"column":60}},"type":"binary-expr","locations":[{"start":{"line":305,"column":49},"end":{"line":305,"column":54}},{"start":{"line":305,"column":58},"end":{"line":305,"column":60}}]}},"s":{"0":1,"1":7,"2":7,"3":7,"4":7,"5":7,"6":7,"7":7,"8":7,"9":7,"10":7,"11":7,"12":7,"13":7,"14":7,"15":7,"16":7,"17":7,"18":7,"19":7,"20":7,"21":7,"22":7,"23":7,"24":7,"25":7,"26":7,"27":0,"28":0,"29":1,"30":1,"31":1,"32":1,"33":0,"34":0,"35":1,"36":0,"37":0,"38":0,"39":0,"40":0,"41":0,"42":0,"43":0,"44":0,"45":0,"46":0,"47":0,"48":0,"49":0,"50":0,"51":1},"f":{"0":7,"1":0,"2":0,"3":0,"4":0,"5":0,"6":0,"7":0,"8":0,"9":0},"b":{"0":[0],"1":[7,0],"2":[7,0],"3":[7,0],"4":[7,7],"5":[7,7],"6":[7,7],"7":[7,0],"8":[7,0],"9":[7,7],"10":[7,7],"11":[7,7],"12":[0],"13":[0],"14":[0,0],"15":[0,0],"16":[0,0],"17":[0,0],"18":[0],"19":[0,0],"20":[0,0]}}
,"/Users/yuksehyun/project/CV_Search/crawl-ts/src/parser/GeminiParser.ts": {"path":"/Users/yuksehyun/project/CV_Search/crawl-ts/src/parser/GeminiParser.ts","statementMap":{"0":{"start":{"line":1,"column":0},"end":{"line":1,"column":null}},"1":{"start":{"line":8,"column":0},"end":{"line":8,"column":55}},"2":{"start":{"line":9,"column":0},"end":{"line":9,"column":26}},"3":{"start":{"line":11,"column":0},"end":{"line":11,"column":53}},"4":{"start":{"line":16,"column":0},"end":{"line":16,"column":58}},"5":{"start":{"line":21,"column":27},"end":{"line":21,"column":52}},"6":{"start":{"line":22,"column":31},"end":{"line":22,"column":34}},"7":{"start":{"line":23,"column":36},"end":{"line":23,"column":65}},"8":{"start":{"line":24,"column":23},"end":{"line":24,"column":41}},"9":{"start":{"line":105,"column":4},"end":{"line":105,"column":19}},"10":{"start":{"line":106,"column":4},"end":{"line":106,"column":29}},"11":{"start":{"line":107,"column":4},"end":{"line":107,"column":23}},"12":{"start":{"line":109,"column":4},"end":{"line":111,"column":5}},"13":{"start":{"line":110,"column":6},"end":{"line":110,"column":48}},"14":{"start":{"line":101,"column":0},"end":{"line":101,"column":13}},"15":{"start":{"line":119,"column":10},"end":{"line":119,"column":33}},"16":{"start":{"line":120,"column":10},"end":{"line":120,"column":39}},"17":{"start":{"line":121,"column":10},"end":{"line":121,"column":39}},"18":{"start":{"line":123,"column":10},"end":{"line":123,"column":50}},"19":{"start":{"line":124,"column":10},"end":{"line":124,"column":39}},"20":{"start":{"line":144,"column":4},"end":{"line":144,"column":57}},"21":{"start":{"line":145,"column":4},"end":{"line":145,"column":43}},"22":{"start":{"line":146,"column":4},"end":{"line":146,"column":53}},"23":{"start":{"line":147,"column":4},"end":{"line":147,"column":63}},"24":{"start":{"line":148,"column":4},"end":{"line":148,"column":73}},"25":{"start":{"line":149,"column":4},"end":{"line":149,"column":49}},"26":{"start":{"line":150,"column":4},"end":{"line":150,"column":41}},"27":{"start":{"line":159,"column":4},"end":{"line":193,"column":5}},"28":{"start":{"line":161,"column":6},"end":{"line":161,"column":39}},"29":{"start":{"line":163,"column":6},"end":{"line":165,"column":7}},"30":{"start":{"line":164,"column":8},"end":{"line":164,"column":46}},"31":{"start":{"line":166,"column":6},"end":{"line":166,"column":38}},"32":{"start":{"line":168,"column":6},"end":{"line":168,"column":42}},"33":{"start":{"line":170,"column":29},"end":{"line":173,"column":null}},"34":{"start":{"line":176,"column":6},"end":{"line":178,"column":7}},"35":{"start":{"line":177,"column":8},"end":{"line":177,"column":21}},"36":{"start":{"line":181,"column":6},"end":{"line":181,"column":31}},"37":{"start":{"line":182,"column":6},"end":{"line":185,"column":7}},"38":{"start":{"line":183,"column":8},"end":{"line":183,"column":48}},"39":{"start":{"line":184,"column":8},"end":{"line":184,"column":21}},"40":{"start":{"line":187,"column":6},"end":{"line":187,"column":30}},"41":{"start":{"line":188,"column":6},"end":{"line":188,"column":65}},"42":{"start":{"line":189,"column":6},"end":{"line":189,"column":18}},"43":{"start":{"line":191,"column":6},"end":{"line":191,"column":73}},"44":{"start":{"line":192,"column":6},"end":{"line":192,"column":19}},"45":{"start":{"line":206,"column":4},"end":{"line":206,"column":43}},"46":{"start":{"line":209,"column":21},"end":{"line":209,"column":41}},"47":{"start":{"line":210,"column":4},"end":{"line":226,"column":5}},"48":{"start":{"line":211,"column":6},"end":{"line":218,"column":7}},"49":{"start":{"line":212,"column":8},"end":{"line":212,"column":33}},"50":{"start":{"line":213,"column":8},"end":{"line":215,"column":9}},"51":{"start":{"line":214,"column":10},"end":{"line":214,"column":86}},"52":{"start":{"line":217,"column":8},"end":{"line":217,"column":40}},"53":{"start":{"line":219,"column":6},"end":{"line":219,"column":55}},"54":{"start":{"line":220,"column":6},"end":{"line":220,"column":18}},"55":{"start":{"line":222,"column":6},"end":{"line":222,"column":32}},"56":{"start":{"line":223,"column":6},"end":{"line":223,"column":25}},"57":{"start":{"line":224,"column":6},"end":{"line":224,"column":64}},"58":{"start":{"line":225,"column":6},"end":{"line":225,"column":19}},"59":{"start":{"line":233,"column":4},"end":{"line":233,"column":26}},"60":{"start":{"line":243,"column":19},"end":{"line":243,"column":36}},"61":{"start":{"line":246,"column":4},"end":{"line":248,"column":5}},"62":{"start":{"line":247,"column":6},"end":{"line":247,"column":35}},"63":{"start":{"line":251,"column":4},"end":{"line":257,"column":5}},"64":{"start":{"line":252,"column":6},"end":{"line":256,"column":9}},"65":{"start":{"line":253,"column":8},"end":{"line":255,"column":9}},"66":{"start":{"line":254,"column":10},"end":{"line":254,"column":33}},"67":{"start":{"line":259,"column":4},"end":{"line":259,"column":38}},"68":{"start":{"line":260,"column":4},"end":{"line":260,"column":53}},"69":{"start":{"line":270,"column":4},"end":{"line":274,"column":5}},"70":{"start":{"line":271,"column":6},"end":{"line":271,"column":60}},"71":{"start":{"line":272,"column":6},"end":{"line":272,"column":24}},"72":{"start":{"line":273,"column":6},"end":{"line":273,"column":13}},"73":{"start":{"line":276,"column":4},"end":{"line":282,"column":5}},"74":{"start":{"line":277,"column":6},"end":{"line":277,"column":55}},"75":{"start":{"line":278,"column":6},"end":{"line":278,"column":78}},"76":{"start":{"line":280,"column":6},"end":{"line":280,"column":75}},"77":{"start":{"line":281,"column":6},"end":{"line":281,"column":24}},"78":{"start":{"line":291,"column":4},"end":{"line":294,"column":5}},"79":{"start":{"line":292,"column":6},"end":{"line":292,"column":44}},"80":{"start":{"line":293,"column":6},"end":{"line":293,"column":19}},"81":{"start":{"line":296,"column":4},"end":{"line":296,"column":76}},"82":{"start":{"line":297,"column":4},"end":{"line":297,"column":53}},"83":{"start":{"line":299,"column":4},"end":{"line":299,"column":62}},"84":{"start":{"line":300,"column":4},"end":{"line":300,"column":29}},"85":{"start":{"line":302,"column":4},"end":{"line":302,"column":24}},"86":{"start":{"line":316,"column":4},"end":{"line":326,"column":5}},"87":{"start":{"line":317,"column":6},"end":{"line":325,"column":7}},"88":{"start":{"line":318,"column":8},"end":{"line":318,"column":63}},"89":{"start":{"line":319,"column":8},"end":{"line":319,"column":33}},"90":{"start":{"line":320,"column":8},"end":{"line":322,"column":9}},"91":{"start":{"line":321,"column":10},"end":{"line":321,"column":54}},"92":{"start":{"line":324,"column":8},"end":{"line":324,"column":66}},"93":{"start":{"line":328,"column":4},"end":{"line":359,"column":5}},"94":{"start":{"line":329,"column":6},"end":{"line":329,"column":37}},"95":{"start":{"line":331,"column":25},"end":{"line":331,"column":53}},"96":{"start":{"line":332,"column":22},"end":{"line":332,"column":42}},"97":{"start":{"line":335,"column":8},"end":{"line":336,"column":86}},"98":{"start":{"line":338,"column":6},"end":{"line":350,"column":7}},"99":{"start":{"line":339,"column":8},"end":{"line":339,"column":99}},"100":{"start":{"line":341,"column":24},"end":{"line":341,"column":44}},"101":{"start":{"line":343,"column":8},"end":{"line":349,"column":9}},"102":{"start":{"line":344,"column":10},"end":{"line":344,"column":73}},"103":{"start":{"line":345,"column":10},"end":{"line":345,"column":82}},"104":{"start":{"line":347,"column":10},"end":{"line":347,"column":57}},"105":{"start":{"line":348,"column":10},"end":{"line":348,"column":22}},"106":{"start":{"line":352,"column":6},"end":{"line":355,"column":7}},"107":{"start":{"line":353,"column":8},"end":{"line":353,"column":60}},"108":{"start":{"line":354,"column":8},"end":{"line":354,"column":65}},"109":{"start":{"line":357,"column":6},"end":{"line":357,"column":56}},"110":{"start":{"line":358,"column":6},"end":{"line":358,"column":69}},"111":{"start":{"line":367,"column":4},"end":{"line":390,"column":5}},"112":{"start":{"line":369,"column":6},"end":{"line":371,"column":7}},"113":{"start":{"line":370,"column":8},"end":{"line":370,"column":32}},"114":{"start":{"line":373,"column":6},"end":{"line":375,"column":7}},"115":{"start":{"line":374,"column":8},"end":{"line":374,"column":75}},"116":{"start":{"line":377,"column":41},"end":{"line":379,"column":null}},"117":{"start":{"line":382,"column":6},"end":{"line":384,"column":7}},"118":{"start":{"line":383,"column":8},"end":{"line":383,"column":44}},"119":{"start":{"line":386,"column":6},"end":{"line":386,"column":25}},"120":{"start":{"line":388,"column":6},"end":{"line":388,"column":66}},"121":{"start":{"line":389,"column":6},"end":{"line":389,"column":16}},"122":{"start":{"line":394,"column":4},"end":{"line":436,"column":5}},"123":{"start":{"line":396,"column":6},"end":{"line":398,"column":7}},"124":{"start":{"line":397,"column":8},"end":{"line":397,"column":32}},"125":{"start":{"line":400,"column":23},"end":{"line":424,"column":8}},"126":{"start":{"line":426,"column":41},"end":{"line":426,"column":83}},"127":{"start":{"line":428,"column":6},"end":{"line":430,"column":7}},"128":{"start":{"line":429,"column":8},"end":{"line":429,"column":44}},"129":{"start":{"line":432,"column":6},"end":{"line":432,"column":25}},"130":{"start":{"line":434,"column":6},"end":{"line":434,"column":66}},"131":{"start":{"line":435,"column":6},"end":{"line":435,"column":16}},"132":{"start":{"line":445,"column":4},"end":{"line":451,"column":5}},"133":{"start":{"line":446,"column":18},"end":{"line":446,"column":36}},"134":{"start":{"line":447,"column":6},"end":{"line":447,"column":26}},"135":{"start":{"line":449,"column":6},"end":{"line":449,"column":51}},"136":{"start":{"line":450,"column":6},"end":{"line":450,"column":16}},"137":{"start":{"line":462,"column":4},"end":{"line":479,"column":5}},"138":{"start":{"line":464,"column":6},"end":{"line":466,"column":7}},"139":{"start":{"line":465,"column":8},"end":{"line":465,"column":32}},"140":{"start":{"line":469,"column":28},"end":{"line":469,"column":65}},"141":{"start":{"line":470,"column":28},"end":{"line":470,"column":68}},"142":{"start":{"line":473,"column":24},"end":{"line":473,"column":34}},"143":{"start":{"line":476,"column":6},"end":{"line":476,"column":57}},"144":{"start":{"line":478,"column":8},"end":{"line":478,"column":72}},"145":{"start":{"line":490,"column":16},"end":{"line":490,"column":26}},"146":{"start":{"line":491,"column":4},"end":{"line":498,"column":6}},"147":{"start":{"line":510,"column":18},"end":{"line":510,"column":20}},"148":{"start":{"line":512,"column":4},"end":{"line":514,"column":5}},"149":{"start":{"line":513,"column":6},"end":{"line":513,"column":44}},"150":{"start":{"line":516,"column":4},"end":{"line":518,"column":5}},"151":{"start":{"line":517,"column":6},"end":{"line":517,"column":43}},"152":{"start":{"line":520,"column":4},"end":{"line":522,"column":5}},"153":{"start":{"line":521,"column":6},"end":{"line":521,"column":46}},"154":{"start":{"line":524,"column":4},"end":{"line":524,"column":28}},"155":{"start":{"line":532,"column":4},"end":{"line":609,"column":16}},"156":{"start":{"line":618,"column":4},"end":{"line":650,"column":2}},"157":{"start":{"line":660,"column":4},"end":{"line":662,"column":5}},"158":{"start":{"line":661,"column":6},"end":{"line":661,"column":56}},"159":{"start":{"line":664,"column":19},"end":{"line":664,"column":47}},"160":{"start":{"line":665,"column":23},"end":{"line":665,"column":58}},"161":{"start":{"line":667,"column":20},"end":{"line":696,"column":5}},"162":{"start":{"line":668,"column":20},"end":{"line":674,"column":8}},"163":{"start":{"line":676,"column":6},"end":{"line":676,"column":42}},"164":{"start":{"line":677,"column":26},"end":{"line":677,"column":65}},"165":{"start":{"line":678,"column":27},"end":{"line":678,"column":55}},"166":{"start":{"line":680,"column":6},"end":{"line":683,"column":7}},"167":{"start":{"line":681,"column":8},"end":{"line":681,"column":55}},"168":{"start":{"line":682,"column":8},"end":{"line":682,"column":60}},"169":{"start":{"line":685,"column":6},"end":{"line":695,"column":7}},"170":{"start":{"line":686,"column":8},"end":{"line":686,"column":35}},"171":{"start":{"line":687,"column":31},"end":{"line":687,"column":74}},"172":{"start":{"line":688,"column":8},"end":{"line":690,"column":9}},"173":{"start":{"line":689,"column":10},"end":{"line":689,"column":32}},"174":{"start":{"line":691,"column":8},"end":{"line":691,"column":65}},"175":{"start":{"line":693,"column":8},"end":{"line":693,"column":72}},"176":{"start":{"line":694,"column":8},"end":{"line":694,"column":61}},"177":{"start":{"line":698,"column":4},"end":{"line":698,"column":52}},"178":{"start":{"line":706,"column":4},"end":{"line":713,"column":6}},"179":{"start":{"line":724,"column":4},"end":{"line":734,"column":5}},"180":{"start":{"line":725,"column":6},"end":{"line":729,"column":7}},"181":{"start":{"line":726,"column":8},"end":{"line":726,"column":85}},"182":{"start":{"line":728,"column":8},"end":{"line":728,"column":84}},"183":{"start":{"line":730,"column":6},"end":{"line":730,"column":18}},"184":{"start":{"line":732,"column":6},"end":{"line":732,"column":79}},"185":{"start":{"line":733,"column":6},"end":{"line":733,"column":19}},"186":{"start":{"line":742,"column":4},"end":{"line":821,"column":5}},"187":{"start":{"line":744,"column":6},"end":{"line":746,"column":7}},"188":{"start":{"line":745,"column":8},"end":{"line":745,"column":32}},"189":{"start":{"line":748,"column":6},"end":{"line":748,"column":48}},"190":{"start":{"line":751,"column":24},"end":{"line":751,"column":30}},"191":{"start":{"line":755,"column":26},"end":{"line":755,"column":67}},"192":{"start":{"line":757,"column":6},"end":{"line":760,"column":7}},"193":{"start":{"line":758,"column":8},"end":{"line":758,"column":41}},"194":{"start":{"line":759,"column":8},"end":{"line":759,"column":24}},"195":{"start":{"line":762,"column":6},"end":{"line":762,"column":57}},"196":{"start":{"line":765,"column":25},"end":{"line":765,"column":26}},"197":{"start":{"line":766,"column":25},"end":{"line":766,"column":26}},"198":{"start":{"line":768,"column":6},"end":{"line":815,"column":7}},"199":{"start":{"line":768,"column":19},"end":{"line":768,"column":20}},"200":{"start":{"line":769,"column":27},"end":{"line":769,"column":41}},"201":{"start":{"line":770,"column":8},"end":{"line":814,"column":9}},"202":{"start":{"line":771,"column":10},"end":{"line":771,"column":101}},"203":{"start":{"line":774,"column":32},"end":{"line":774,"column":70}},"204":{"start":{"line":775,"column":10},"end":{"line":798,"column":11}},"205":{"start":{"line":777,"column":34},"end":{"line":777,"column":83}},"206":{"start":{"line":778,"column":12},"end":{"line":783,"column":13}},"207":{"start":{"line":779,"column":32},"end":{"line":779,"column":107}},"208":{"start":{"line":780,"column":14},"end":{"line":782,"column":15}},"209":{"start":{"line":781,"column":16},"end":{"line":781,"column":63}},"210":{"start":{"line":784,"column":12},"end":{"line":788,"column":13}},"211":{"start":{"line":785,"column":14},"end":{"line":785,"column":39}},"212":{"start":{"line":786,"column":61},"end":{"line":786,"column":155}},"213":{"start":{"line":787,"column":14},"end":{"line":787,"column":null}},"214":{"start":{"line":790,"column":49},"end":{"line":790,"column":132}},"215":{"start":{"line":791,"column":12},"end":{"line":791,"column":63}},"216":{"start":{"line":793,"column":12},"end":{"line":793,"column":null}},"217":{"start":{"line":795,"column":12},"end":{"line":795,"column":110}},"218":{"start":{"line":796,"column":12},"end":{"line":796,"column":27}},"219":{"start":{"line":801,"column":26},"end":{"line":801,"column":83}},"220":{"start":{"line":802,"column":10},"end":{"line":804,"column":11}},"221":{"start":{"line":803,"column":12},"end":{"line":803,"column":118}},"222":{"start":{"line":807,"column":10},"end":{"line":807,"column":25}},"223":{"start":{"line":808,"column":24},"end":{"line":808,"column":58}},"224":{"start":{"line":809,"column":8},"end":{"line":813,"column":9}},"225":{"start":{"line":810,"column":10},"end":{"line":810,"column":69}},"226":{"start":{"line":812,"column":10},"end":{"line":812,"column":74}},"227":{"start":{"line":816,"column":6},"end":{"line":816,"column":73}},"228":{"start":{"line":817,"column":6},"end":{"line":817,"column":22}},"229":{"start":{"line":819,"column":6},"end":{"line":819,"column":65}},"230":{"start":{"line":820,"column":6},"end":{"line":820,"column":22}},"231":{"start":{"line":118,"column":0},"end":{"line":118,"column":13}}},"fnMap":{"0":{"name":"(anonymous_0)","decl":{"start":{"line":104,"column":2},"end":{"line":104,"column":14}},"loc":{"start":{"line":104,"column":46},"end":{"line":112,"column":3}}},"1":{"name":"(anonymous_1)","decl":{"start":{"line":142,"column":2},"end":{"line":142,"column":14}},"loc":{"start":{"line":142,"column":42},"end":{"line":152,"column":3}}},"2":{"name":"(anonymous_2)","decl":{"start":{"line":158,"column":2},"end":{"line":158,"column":7}},"loc":{"start":{"line":158,"column":52},"end":{"line":194,"column":3}}},"3":{"name":"(anonymous_3)","decl":{"start":{"line":204,"column":10},"end":{"line":204,"column":24}},"loc":{"start":{"line":204,"column":90},"end":{"line":227,"column":3}}},"4":{"name":"(anonymous_4)","decl":{"start":{"line":232,"column":2},"end":{"line":232,"column":9}},"loc":{"start":{"line":232,"column":9},"end":{"line":234,"column":3}}},"5":{"name":"(anonymous_5)","decl":{"start":{"line":242,"column":10},"end":{"line":242,"column":22}},"loc":{"start":{"line":242,"column":62},"end":{"line":261,"column":3}}},"6":{"name":"(anonymous_6)","decl":{"start":{"line":252,"column":23},"end":{"line":252,"column":26}},"loc":{"start":{"line":252,"column":29},"end":{"line":256,"column":7}}},"7":{"name":"(anonymous_7)","decl":{"start":{"line":269,"column":10},"end":{"line":269,"column":27}},"loc":{"start":{"line":269,"column":27},"end":{"line":283,"column":3}}},"8":{"name":"(anonymous_8)","decl":{"start":{"line":290,"column":10},"end":{"line":290,"column":23}},"loc":{"start":{"line":290,"column":23},"end":{"line":303,"column":3}}},"9":{"name":"(anonymous_9)","decl":{"start":{"line":312,"column":10},"end":{"line":312,"column":15}},"loc":{"start":{"line":314,"column":18},"end":{"line":360,"column":3}}},"10":{"name":"(anonymous_10)","decl":{"start":{"line":366,"column":2},"end":{"line":366,"column":7}},"loc":{"start":{"line":366,"column":40},"end":{"line":391,"column":3}}},"11":{"name":"(anonymous_11)","decl":{"start":{"line":393,"column":3},"end":{"line":393,"column":8}},"loc":{"start":{"line":393,"column":46},"end":{"line":437,"column":3}}},"12":{"name":"(anonymous_12)","decl":{"start":{"line":444,"column":10},"end":{"line":444,"column":24}},"loc":{"start":{"line":444,"column":42},"end":{"line":452,"column":3}}},"13":{"name":"(anonymous_13)","decl":{"start":{"line":461,"column":2},"end":{"line":461,"column":7}},"loc":{"start":{"line":461,"column":47},"end":{"line":480,"column":3}}},"14":{"name":"(anonymous_14)","decl":{"start":{"line":489,"column":2},"end":{"line":489,"column":19}},"loc":{"start":{"line":489,"column":76},"end":{"line":499,"column":3}}},"15":{"name":"(anonymous_15)","decl":{"start":{"line":509,"column":10},"end":{"line":509,"column":30}},"loc":{"start":{"line":509,"column":54},"end":{"line":525,"column":3}}},"16":{"name":"(anonymous_16)","decl":{"start":{"line":531,"column":10},"end":{"line":531,"column":31}},"loc":{"start":{"line":531,"column":31},"end":{"line":610,"column":3}}},"17":{"name":"(anonymous_17)","decl":{"start":{"line":617,"column":10},"end":{"line":617,"column":31}},"loc":{"start":{"line":617,"column":47},"end":{"line":651,"column":3}}},"18":{"name":"(anonymous_18)","decl":{"start":{"line":658,"column":10},"end":{"line":658,"column":15}},"loc":{"start":{"line":658,"column":49},"end":{"line":699,"column":3}}},"19":{"name":"(anonymous_19)","decl":{"start":{"line":667,"column":20},"end":{"line":667,"column":25}},"loc":{"start":{"line":667,"column":57},"end":{"line":696,"column":5}}},"20":{"name":"(anonymous_20)","decl":{"start":{"line":705,"column":2},"end":{"line":705,"column":14}},"loc":{"start":{"line":705,"column":14},"end":{"line":714,"column":3}}},"21":{"name":"(anonymous_21)","decl":{"start":{"line":723,"column":2},"end":{"line":723,"column":7}},"loc":{"start":{"line":723,"column":83},"end":{"line":735,"column":3}}},"22":{"name":"(anonymous_22)","decl":{"start":{"line":741,"column":2},"end":{"line":741,"column":7}},"loc":{"start":{"line":741,"column":11},"end":{"line":822,"column":3}}},"23":{"name":"(anonymous_23)","decl":{"start":{"line":759,"column":15},"end":{"line":759,"column":18}},"loc":{"start":{"line":759,"column":20},"end":{"line":759,"column":23}}},"24":{"name":"(anonymous_24)","decl":{"start":{"line":817,"column":13},"end":{"line":817,"column":16}},"loc":{"start":{"line":817,"column":18},"end":{"line":817,"column":21}}},"25":{"name":"(anonymous_25)","decl":{"start":{"line":820,"column":13},"end":{"line":820,"column":16}},"loc":{"start":{"line":820,"column":18},"end":{"line":820,"column":21}}}},"branchMap":{"0":{"loc":{"start":{"line":109,"column":4},"end":{"line":111,"column":5}},"type":"if","locations":[{"start":{"line":109,"column":4},"end":{"line":111,"column":5}}]},"1":{"loc":{"start":{"line":144,"column":21},"end":{"line":144,"column":56}},"type":"binary-expr","locations":[{"start":{"line":144,"column":21},"end":{"line":144,"column":34}},{"start":{"line":144,"column":38},"end":{"line":144,"column":56}}]},"2":{"loc":{"start":{"line":158,"column":19},"end":{"line":158,"column":52}},"type":"default-arg","locations":[{"start":{"line":158,"column":50},"end":{"line":158,"column":52}}]},"3":{"loc":{"start":{"line":163,"column":6},"end":{"line":165,"column":7}},"type":"if","locations":[{"start":{"line":163,"column":6},"end":{"line":165,"column":7}}]},"4":{"loc":{"start":{"line":171,"column":8},"end":{"line":171,"column":52}},"type":"binary-expr","locations":[{"start":{"line":171,"column":8},"end":{"line":171,"column":22}},{"start":{"line":171,"column":26},"end":{"line":171,"column":52}}]},"5":{"loc":{"start":{"line":172,"column":8},"end":{"line":172,"column":66}},"type":"binary-expr","locations":[{"start":{"line":172,"column":8},"end":{"line":172,"column":23}},{"start":{"line":172,"column":27},"end":{"line":172,"column":66}}]},"6":{"loc":{"start":{"line":176,"column":6},"end":{"line":178,"column":7}},"type":"if","locations":[{"start":{"line":176,"column":6},"end":{"line":178,"column":7}}]},"7":{"loc":{"start":{"line":182,"column":6},"end":{"line":185,"column":7}},"type":"if","locations":[{"start":{"line":182,"column":6},"end":{"line":185,"column":7}}]},"8":{"loc":{"start":{"line":209,"column":21},"end":{"line":209,"column":41}},"type":"binary-expr","locations":[{"start":{"line":209,"column":21},"end":{"line":209,"column":36}},{"start":{"line":209,"column":40},"end":{"line":209,"column":41}}]},"9":{"loc":{"start":{"line":210,"column":4},"end":{"line":226,"column":5}},"type":"if","locations":[{"start":{"line":210,"column":4},"end":{"line":226,"column":5}},{"start":{"line":221,"column":11},"end":{"line":226,"column":5}}]},"10":{"loc":{"start":{"line":211,"column":6},"end":{"line":218,"column":7}},"type":"if","locations":[{"start":{"line":211,"column":6},"end":{"line":218,"column":7}},{"start":{"line":216,"column":13},"end":{"line":218,"column":7}}]},"11":{"loc":{"start":{"line":211,"column":10},"end":{"line":211,"column":89}},"type":"binary-expr","locations":[{"start":{"line":211,"column":10},"end":{"line":211,"column":38}},{"start":{"line":211,"column":42},"end":{"line":211,"column":54}},{"start":{"line":211,"column":58},"end":{"line":211,"column":89}}]},"12":{"loc":{"start":{"line":213,"column":8},"end":{"line":215,"column":9}},"type":"if","locations":[{"start":{"line":213,"column":8},"end":{"line":215,"column":9}}]},"13":{"loc":{"start":{"line":246,"column":4},"end":{"line":248,"column":5}},"type":"if","locations":[{"start":{"line":246,"column":4},"end":{"line":248,"column":5}}]},"14":{"loc":{"start":{"line":251,"column":4},"end":{"line":257,"column":5}},"type":"if","locations":[{"start":{"line":251,"column":4},"end":{"line":257,"column":5}}]},"15":{"loc":{"start":{"line":251,"column":8},"end":{"line":251,"column":43}},"type":"binary-expr","locations":[{"start":{"line":251,"column":8},"end":{"line":251,"column":16}},{"start":{"line":251,"column":20},"end":{"line":251,"column":43}}]},"16":{"loc":{"start":{"line":253,"column":8},"end":{"line":255,"column":9}},"type":"if","locations":[{"start":{"line":253,"column":8},"end":{"line":255,"column":9}}]},"17":{"loc":{"start":{"line":253,"column":12},"end":{"line":253,"column":42}},"type":"binary-expr","locations":[{"start":{"line":253,"column":12},"end":{"line":253,"column":15}},{"start":{"line":253,"column":19},"end":{"line":253,"column":42}}]},"18":{"loc":{"start":{"line":270,"column":4},"end":{"line":274,"column":5}},"type":"if","locations":[{"start":{"line":270,"column":4},"end":{"line":274,"column":5}}]},"19":{"loc":{"start":{"line":291,"column":4},"end":{"line":294,"column":5}},"type":"if","locations":[{"start":{"line":291,"column":4},"end":{"line":294,"column":5}}]},"20":{"loc":{"start":{"line":314,"column":4},"end":{"line":314,"column":18}},"type":"default-arg","locations":[{"start":{"line":314,"column":17},"end":{"line":314,"column":18}}]},"21":{"loc":{"start":{"line":316,"column":4},"end":{"line":326,"column":5}},"type":"if","locations":[{"start":{"line":316,"column":4},"end":{"line":326,"column":5}}]},"22":{"loc":{"start":{"line":317,"column":6},"end":{"line":325,"column":7}},"type":"if","locations":[{"start":{"line":317,"column":6},"end":{"line":325,"column":7}},{"start":{"line":323,"column":13},"end":{"line":325,"column":7}}]},"23":{"loc":{"start":{"line":317,"column":10},"end
[...]
oc":{"start":{"line":233,"column":8},"end":{"line":238,"column":9}},"type":"if","locations":[{"start":{"line":233,"column":8},"end":{"line":238,"column":9}}]},"9":{"loc":{"start":{"line":251,"column":8},"end":{"line":253,"column":9}},"type":"if","locations":[{"start":{"line":251,"column":8},"end":{"line":253,"column":9}}]},"10":{"loc":{"start":{"line":256,"column":8},"end":{"line":260,"column":9}},"type":"if","locations":[{"start":{"line":256,"column":8},"end":{"line":260,"column":9}}]},"11":{"loc":{"start":{"line":268,"column":21},"end":{"line":268,"column":38}},"type":"binary-expr","locations":[{"start":{"line":268,"column":21},"end":{"line":268,"column":32}},{"start":{"line":268,"column":36},"end":{"line":268,"column":38}}]},"12":{"loc":{"start":{"line":272,"column":42},"end":{"line":272,"column":60}},"type":"binary-expr","locations":[{"start":{"line":272,"column":42},"end":{"line":272,"column":53}},{"start":{"line":272,"column":57},"end":{"line":272,"column":60}}]},"13":{"loc":{"start":{"line":307,"column":8},"end":{"line":309,"column":9}},"type":"if","locations":[{"start":{"line":307,"column":8},"end":{"line":309,"column":9}}]},"14":{"loc":{"start":{"line":358,"column":6},"end":{"line":362,"column":7}},"type":"if","locations":[{"start":{"line":358,"column":6},"end":{"line":362,"column":7}}]}},"s":{"0":1,"1":1,"2":1,"3":18,"4":18,"5":18,"6":18,"7":18,"8":18,"9":18,"10":18,"11":18,"12":18,"13":18,"14":0,"15":0,"16":0,"17":1,"18":1,"19":1,"20":1,"21":1,"22":1,"23":1,"24":1,"25":1,"26":1,"27":0,"28":0,"29":2,"30":2,"31":2,"32":2,"33":1,"34":1,"35":0,"36":0,"37":6,"38":6,"39":6,"40":0,"41":0,"42":1,"43":1,"44":0,"45":0,"46":1,"47":1,"48":0,"49":0,"50":1,"51":1,"52":1,"53":0,"54":0,"55":1,"56":1,"57":1,"58":1,"59":0,"60":0,"61":0,"62":0,"63":1,"64":1,"65":1,"66":1,"67":1,"68":0,"69":0,"70":6,"71":6,"72":6,"73":3,"74":3,"75":3,"76":3,"77":3,"78":0,"79":4,"80":4,"81":0,"82":4,"83":0,"84":0,"85":0,"86":4,"87":4,"88":4,"89":4,"90":4,"91":0,"92":0,"93":0,"94":1,"95":2,"96":1,"97":1,"98":1,"99":1,"100":0,"101":0,"102":2,"103":4,"104":2,"105":2,"106":2,"107":2,"108":1,"109":1,"110":1,"111":0,"112":0,"113":1,"114":1,"115":1,"116":1,"117":1,"118":1,"119":0,"120":0,"121":1,"122":1,"123":1,"124":1,"125":1,"126":0,"127":0,"128":1},"f":{"0":18,"1":18,"2":1,"3":2,"4":6,"5":1,"6":1,"7":1,"8":1,"9":1,"10":6,"11":4,"12":1,"13":1,"14":2,"15":2,"16":1,"17":1,"18":1},"b":{"0":[18,0],"1":[1],"2":[1],"3":[1],"4":[1],"5":[1,0],"6":[0,0],"7":[1],"8":[3],"9":[0],"10":[0],"11":[4,2],"12":[0,0],"13":[1],"14":[1]}}
,"/Users/yuksehyun/project/CV_Search/crawl-ts/src/url/urlUtils.ts": {"path":"/Users/yuksehyun/project/CV_Search/crawl-ts/src/url/urlUtils.ts","statementMap":{"0":{"start":{"line":25,"column":0},"end":{"line":25,"column":16}},"1":{"start":{"line":48,"column":0},"end":{"line":48,"column":16}},"2":{"start":{"line":75,"column":0},"end":{"line":75,"column":7}},"3":{"start":{"line":111,"column":0},"end":{"line":111,"column":7}},"4":{"start":{"line":4,"column":0},"end":{"line":4,"column":45}},"5":{"start":{"line":5,"column":0},"end":{"line":5,"column":26}},"6":{"start":{"line":26,"column":2},"end":{"line":39,"column":3}},"7":{"start":{"line":27,"column":4},"end":{"line":29,"column":5}},"8":{"start":{"line":28,"column":6},"end":{"line":28,"column":16}},"9":{"start":{"line":32,"column":28},"end":{"line":32,"column":74}},"10":{"start":{"line":34,"column":22},"end":{"line":34,"column":46}},"11":{"start":{"line":35,"column":4},"end":{"line":35,"column":30}},"12":{"start":{"line":37,"column":4},"end":{"line":37,"column":46}},"13":{"start":{"line":38,"column":4},"end":{"line":38,"column":14}},"14":{"start":{"line":49,"column":2},"end":{"line":67,"column":3}},"15":{"start":{"line":51,"column":4},"end":{"line":51,"column":27}},"16":{"start":{"line":51,"column":14},"end":{"line":51,"column":27}},"17":{"start":{"line":52,"column":4},"end":{"line":52,"column":46}},"18":{"start":{"line":52,"column":33},"end":{"line":52,"column":46}},"19":{"start":{"line":55,"column":4},"end":{"line":55,"column":49}},"20":{"start":{"line":55,"column":37},"end":{"line":55,"column":49}},"21":{"start":{"line":57,"column":19},"end":{"line":57,"column":37}},"22":{"start":{"line":58,"column":4},"end":{"line":58,"column":30}},"23":{"start":{"line":58,"column":17},"end":{"line":58,"column":30}},"24":{"start":{"line":61,"column":4},"end":{"line":63,"column":7}},"25":{"start":{"line":62,"column":6},"end":{"line":62,"column":78}},"26":{"start":{"line":65,"column":4},"end":{"line":65,"column":52}},"27":{"start":{"line":66,"column":4},"end":{"line":66,"column":17}},"28":{"start":{"line":76,"column":2},"end":{"line":101,"column":3}},"29":{"start":{"line":78,"column":31},"end":{"line":78,"column":60}},"30":{"start":{"line":79,"column":25},"end":{"line":79,"column":73}},"31":{"start":{"line":81,"column":22},"end":{"line":81,"column":52}},"32":{"start":{"line":83,"column":21},"end":{"line":86,"column":6}},"33":{"start":{"line":85,"column":32},"end":{"line":85,"column":64}},"34":{"start":{"line":88,"column":4},"end":{"line":97,"column":5}},"35":{"start":{"line":89,"column":21},"end":{"line":89,"column":75}},"36":{"start":{"line":90,"column":6},"end":{"line":90,"column":24}},"37":{"start":{"line":91,"column":11},"end":{"line":97,"column":5}},"38":{"start":{"line":93,"column":21},"end":{"line":93,"column":64}},"39":{"start":{"line":94,"column":6},"end":{"line":94,"column":24}},"40":{"start":{"line":96,"column":6},"end":{"line":96,"column":79}},"41":{"start":{"line":99,"column":25},"end":{"line":99,"column":79}},"42":{"start":{"line":100,"column":4},"end":{"line":100,"column":71}},"43":{"start":{"line":116,"column":2},"end":{"line":140,"column":3}},"44":{"start":{"line":118,"column":4},"end":{"line":120,"column":5}},"45":{"start":{"line":119,"column":6},"end":{"line":119,"column":19}},"46":{"start":{"line":122,"column":19},"end":{"line":122,"column":37}},"47":{"start":{"line":123,"column":4},"end":{"line":123,"column":30}},"48":{"start":{"line":123,"column":17},"end":{"line":123,"column":30}},"49":{"start":{"line":126,"column":4},"end":{"line":128,"column":5}},"50":{"start":{"line":127,"column":6},"end":{"line":127,"column":57}},"51":{"start":{"line":131,"column":4},"end":{"line":133,"column":5}},"52":{"start":{"line":132,"column":6},"end":{"line":132,"column":68}},"53":{"start":{"line":136,"column":4},"end":{"line":136,"column":16}},"54":{"start":{"line":138,"column":4},"end":{"line":138,"column":53}},"55":{"start":{"line":139,"column":4},"end":{"line":139,"column":16}}},"fnMap":{"0":{"name":"extractDomain","decl":{"start":{"line":25,"column":16},"end":{"line":25,"column":29}},"loc":{"start":{"line":25,"column":41},"end":{"line":40,"column":1}}},"1":{"name":"isUrlAllowed","decl":{"start":{"line":48,"column":16},"end":{"line":48,"column":28}},"loc":{"start":{"line":48,"column":71},"end":{"line":68,"column":1}}},"2":{"name":"(anonymous_12)","decl":{"start":{"line":61,"column":31},"end":{"line":61,"column":44}},"loc":{"start":{"line":61,"column":47},"end":{"line":63,"column":5}}},"3":{"name":"parseRobotsTxt","decl":{"start":{"line":75,"column":22},"end":{"line":75,"column":36}},"loc":{"start":{"line":75,"column":51},"end":{"line":102,"column":1}}},"4":{"name":"(anonymous_14)","decl":{"start":{"line":78,"column":31},"end":{"line":78,"column":44}},"loc":{"start":{"line":78,"column":31},"end":{"line":78,"column":60}}},"5":{"name":"(anonymous_15)","decl":{"start":{"line":85,"column":22},"end":{"line":85,"column":28}},"loc":{"start":{"line":85,"column":32},"end":{"line":85,"column":64}}},"6":{"name":"isUrlAllowedWithRobots","decl":{"start":{"line":111,"column":22},"end":{"line":111,"column":44}},"loc":{"start":{"line":114,"column":55},"end":{"line":141,"column":1}}}},"branchMap":{"0":{"loc":{"start":{"line":27,"column":4},"end":{"line":29,"column":5}},"type":"if","locations":[{"start":{"line":27,"column":4},"end":{"line":29,"column":5}}]},"1":{"loc":{"start":{"line":32,"column":28},"end":{"line":32,"column":74}},"type":"cond-expr","locations":[{"start":{"line":32,"column":53},"end":{"line":32,"column":56}},{"start":{"line":32,"column":59},"end":{"line":32,"column":74}}]},"2":{"loc":{"start":{"line":48,"column":42},"end":{"line":48,"column":71}},"type":"default-arg","locations":[{"start":{"line":48,"column":69},"end":{"line":48,"column":71}}]},"3":{"loc":{"start":{"line":51,"column":4},"end":{"line":51,"column":27}},"type":"if","locations":[{"start":{"line":51,"column":4},"end":{"line":51,"column":27}}]},"4":{"loc":{"start":{"line":52,"column":4},"end":{"line":52,"column":46}},"type":"if","locations":[{"start":{"line":52,"column":4},"end":{"line":52,"column":46}}]},"5":{"loc":{"start":{"line":55,"column":4},"end":{"line":55,"column":49}},"type":"if","locations":[{"start":{"line":55,"column":4},"end":{"line":55,"column":49}}]},"6":{"loc":{"start":{"line":58,"column":4},"end":{"line":58,"column":30}},"type":"if","locations":[{"start":{"line":58,"column":4},"end":{"line":58,"column":30}}]},"7":{"loc":{"start":{"line":62,"column":13},"end":{"line":62,"column":77}},"type":"binary-expr","locations":[{"start":{"line":62,"column":13},"end":{"line":62,"column":37}},{"start":{"line":62,"column":41},"end":{"line":62,"column":77}}]},"8":{"loc":{"start":{"line":79,"column":25},"end":{"line":79,"column":73}},"type":"binary-expr","locations":[{"start":{"line":79,"column":25},"end":{"line":79,"column":51}},{"start":{"line":79,"column":55},"end":{"line":79,"column":73}}]},"9":{"loc":{"start":{"line":85,"column":32},"end":{"line":85,"column":64}},"type":"binary-expr","locations":[{"start":{"line":85,"column":32},"end":{"line":85,"column":46}},{"start":{"line":85,"column":50},"end":{"line":85,"column":64}}]},"10":{"loc":{"start":{"line":88,"column":4},"end":{"line":97,"column":5}},"type":"if","locations":[{"start":{"line":88,"column":4},"end":{"line":97,"column":5}},{"start":{"line":91,"column":11},"end":{"line":97,"column":5}}]},"11":{"loc":{"start":{"line":91,"column":11},"end":{"line":97,"column":5}},"type":"if","locations":[{"start":{"line":91,"column":11},"end":{"line":97,"column":5}},{"start":{"line":95,"column":11},"end":{"line":97,"column":5}}]},"12":{"loc":{"start":{"line":99,"column":25},"end":{"line":99,"column":79}},"type":"cond-expr","locations":[{"start":{"line":99,"column":50},"end":{"line":99,"column":63}},{"start":{"line":99,"column":66},"end":{"line":99,"column":79}}]},"13":{"loc":{"start":{"line":113,"column":2},"end":{"line":113,"column":31}},"type":"default-arg","locations":[{"start":{"line":113,"column":29},"end":{"line":113,"column":31}}]},"14":{"loc":{"start":{"line":114,"column":2},"end":{"line":114,"column":55}},"type":"default-arg","locations":[{"start":{"line":114,"column":53},"end":{"line":114,"column":55}}]},"15":{"loc":{"start":{"line":118,"column":4},"end":{"line":120,"column":5}},"type":"if","locations":[{"start":{"line":118,"column":4},"end":{"line":120,"column":5}}]},"16":{"loc":{"start":{"line":123,"column":4},"end":{"line":123,"column":30}},"type":"if","locations":[{"start":{"line":123,"column":4},"end":{"line":123,"column":30}}]},"17":{"loc":{"start":{"line":126,"column":4},"end":{"line":128,"column":5}},"type":"if","locations":[{"start":{"line":126,"column":4},"end":{"line":128,"column":5}}]},"18":{"loc":{"start":{"line":131,"column":4},"end":{"line":133,"column":5}},"type":"if","locations":[{"start":{"line":131,"column":4},"end":{"line":133,"column":5}}]}},"s":{"0":2,"1":2,"2":2,"3":2,"4":2,"5":2,"6":5,"7":5,"8":0,"9":5,"10":5,"11":5,"12":0,"13":0,"14":2,"15":2,"16":0,"17":2,"18":0,"19":2,"20":0,"21":2,"22":2,"23":0,"24":2,"25":2,"26":0,"27":0,"28":0,"29":0,"30":0,"31":0,"32":0,"33":0,"34":0,"35":0,"36":0,"37":0,"38":0,"39":0,"40":0,"41":0,"42":0,"43":0,"44":0,"45":0,"46":0,"47":0,"48":0,"49":0,"50":0,"51":0,"52":0,"53":0,"54":0,"55":0},"f":{"0":5,"1":2,"2":2,"3":0,"4":0,"5":0,"6":0},"b":{"0":[0],"1":[5,0],"2":[0],"3":[0],"4":[0],"5":[0],"6":[0],"7":[2,1],"8":[0,0],"9":[0,0],"10":[0,0],"11":[0,0],"12":[0,0],"13":[0],"14":[0],"15":[0],"16":[0],"17":[0],"18":[0]}}
,"/Users/yuksehyun/project/CV_Search/crawl-ts/src/utils/logger.ts": {"path":"/Users/yuksehyun/project/CV_Search/crawl-ts/src/utils/logger.ts","statementMap":{"0":{"start":{"line":4,"column":0},"end":{"line":4,"column":20}},"1":{"start":{"line":5,"column":0},"end":{"line":5,"column":24}},"2":{"start":{"line":28,"column":4},"end":{"line":28,"column":45}},"3":{"start":{"line":29,"column":4},"end":{"line":29,"column":48}},"4":{"start":{"line":30,"column":4},"end":{"line":30,"column":48}},"5":{"start":{"line":31,"column":4},"end":{"line":31,"column":30}},"6":{"start":{"line":38,"column":4},"end":{"line":40,"column":5}},"7":{"start":{"line":39,"column":6},"end":{"line":39,"column":53}},"8":{"start":{"line":47,"column":16},"end":{"line":47,"column":26}},"9":{"start":{"line":48,"column":23},"end":{"line":48,"column":54}},"10":{"start":{"line":49,"column":4},"end":{"line":49,"column":59}},"11":{"start":{"line":59,"column":22},"end":{"line":59,"column":46}},"12":{"start":{"line":60,"column":21},"end":{"line":60,"column":73}},"13":{"start":{"line":62,"column":4},"end":{"line":72,"column":5}},"14":{"start":{"line":63,"column":6},"end":{"line":71,"column":7}},"15":{"start":{"line":64,"column":8},"end":{"line":68,"column":9}},"16":{"start":{"line":65,"column":10},"end":{"line":65,"column":51}},"17":{"start":{"line":67,"column":10},"end":{"line":67,"column":58}},"18":{"start":{"line":70,"column":8},"end":{"line":70,"column":33}},"19":{"start":{"line":74,"column":4},"end":{"line":74,"column":22}},"20":{"start":{"line":84,"column":23},"end":{"line":84,"column":66}},"21":{"start":{"line":87,"column":4},"end":{"line":99,"column":5}},"22":{"start":{"line":89,"column":8},"end":{"line":89,"column":34}},"23":{"start":{"line":90,"column":8},"end":{"line":90,"column":14}},"24":{"start":{"line":92,"column":8},"end":{"line":92,"column":33}},"25":{"start":{"line":93,"column":8},"end":{"line":93,"column":14}},"26":{"start":{"line":95,"column":8},"end":{"line":95,"column":33}},"27":{"start":{"line":96,"column":8},"end":{"line":96,"column":14}},"28":{"start":{"line":98,"column":8},"end":{"line":98,"column":32}},"29":{"start":{"line":102,"column":24},"end":{"line":102,"column":45}},"30":{"start":{"line":103,"column":4},"end":{"line":105,"column":5}},"31":{"start":{"line":104,"column":6},"end":{"line":104,"column":40}},"32":{"start":{"line":108,"column":4},"end":{"line":112,"column":5}},"33":{"start":{"line":109,"column":6},"end":{"line":109,"column":64}},"34":{"start":{"line":111,"column":6},"end":{"line":111,"column":45}},"35":{"start":{"line":121,"column":4},"end":{"line":123,"column":5}},"36":{"start":{"line":122,"column":6},"end":{"line":122,"column":39}},"37":{"start":{"line":132,"column":4},"end":{"line":134,"column":5}},"38":{"start":{"line":133,"column":6},"end":{"line":133,"column":38}},"39":{"start":{"line":143,"column":4},"end":{"line":145,"column":5}},"40":{"start":{"line":144,"column":6},"end":{"line":144,"column":38}},"41":{"start":{"line":154,"column":4},"end":{"line":154,"column":37}},"42":{"start":{"line":163,"column":4},"end":{"line":163,"column":46}},"43":{"start":{"line":172,"column":4},"end":{"line":172,"column":52}},"44":{"start":{"line":15,"column":0},"end":{"line":15,"column":13}},"45":{"start":{"line":177,"column":13},"end":{"line":177,"column":42}}},"fnMap":{"0":{"name":"(anonymous_1)","decl":{"start":{"line":24,"column":2},"end":{"line":24,"column":14}},"loc":{"start":{"line":27,"column":8},"end":{"line":32,"column":3}}},"1":{"name":"(anonymous_2)","decl":{"start":{"line":37,"column":10},"end":{"line":37,"column":28}},"loc":{"start":{"line":37,"column":28},"end":{"line":41,"column":3}}},"2":{"name":"(anonymous_3)","decl":{"start":{"line":46,"column":10},"end":{"line":46,"column":24}},"loc":{"start":{"line":46,"column":24},"end":{"line":50,"column":3}}},"3":{"name":"(anonymous_4)","decl":{"start":{"line":58,"column":10},"end":{"line":58,"column":26}},"loc":{"start":{"line":58,"column":69},"end":{"line":75,"column":3}}},"4":{"name":"(anonymous_5)","decl":{"start":{"line":83,"column":10},"end":{"line":83,"column":13}},"loc":{"start":{"line":83,"column":56},"end":{"line":113,"column":3}}},"5":{"name":"(anonymous_6)","decl":{"start":{"line":120,"column":2},"end":{"line":120,"column":7}},"loc":{"start":{"line":120,"column":35},"end":{"line":124,"column":3}}},"6":{"name":"(anonymous_7)","decl":{"start":{"line":131,"column":2},"end":{"line":131,"column":6}},"loc":{"start":{"line":131,"column":34},"end":{"line":135,"column":3}}},"7":{"name":"(anonymous_8)","decl":{"start":{"line":142,"column":2},"end":{"line":142,"column":6}},"loc":{"start":{"line":142,"column":34},"end":{"line":146,"column":3}}},"8":{"name":"(anonymous_9)","decl":{"start":{"line":153,"column":2},"end":{"line":153,"column":7}},"loc":{"start":{"line":153,"column":35},"end":{"line":155,"column":3}}},"9":{"name":"(anonymous_10)","decl":{"start":{"line":162,"column":2},"end":{"line":162,"column":11}},"loc":{"start":{"line":162,"column":37},"end":{"line":164,"column":3}}},"10":{"name":"(anonymous_11)","decl":{"start":{"line":171,"column":2},"end":{"line":171,"column":12}},"loc":{"start":{"line":171,"column":38},"end":{"line":173,"column":3}}}},"branchMap":{"0":{"loc":{"start":{"line":24,"column":14},"end":{"line":27,"column":8}},"type":"default-arg","locations":[{"start":{"line":27,"column":6},"end":{"line":27,"column":8}}]},"1":{"loc":{"start":{"line":28,"column":18},"end":{"line":28,"column":44}},"type":"binary-expr","locations":[{"start":{"line":28,"column":18},"end":{"line":28,"column":32}},{"start":{"line":28,"column":36},"end":{"line":28,"column":44}}]},"2":{"loc":{"start":{"line":29,"column":20},"end":{"line":29,"column":47}},"type":"binary-expr","locations":[{"start":{"line":29,"column":20},"end":{"line":29,"column":36}},{"start":{"line":29,"column":40},"end":{"line":29,"column":47}}]},"3":{"loc":{"start":{"line":38,"column":4},"end":{"line":40,"column":5}},"type":"if","locations":[{"start":{"line":38,"column":4},"end":{"line":40,"column":5}}]},"4":{"loc":{"start":{"line":62,"column":4},"end":{"line":72,"column":5}},"type":"if","locations":[{"start":{"line":62,"column":4},"end":{"line":72,"column":5}}]},"5":{"loc":{"start":{"line":63,"column":6},"end":{"line":71,"column":7}},"type":"if","locations":[{"start":{"line":63,"column":6},"end":{"line":71,"column":7}},{"start":{"line":69,"column":13},"end":{"line":71,"column":7}}]},"6":{"loc":{"start":{"line":87,"column":4},"end":{"line":99,"column":5}},"type":"switch","locations":[{"start":{"line":88,"column":6},"end":{"line":90,"column":14}},{"start":{"line":91,"column":6},"end":{"line":93,"column":14}},{"start":{"line":94,"column":6},"end":{"line":96,"column":14}},{"start":{"line":97,"column":6},"end":{"line":98,"column":32}}]},"7":{"loc":{"start":{"line":103,"column":4},"end":{"line":105,"column":5}},"type":"if","locations":[{"start":{"line":103,"column":4},"end":{"line":105,"column":5}}]},"8":{"loc":{"start":{"line":121,"column":4},"end":{"line":123,"column":5}},"type":"if","locations":[{"start":{"line":121,"column":4},"end":{"line":123,"column":5}}]},"9":{"loc":{"start":{"line":132,"column":4},"end":{"line":134,"column":5}},"type":"if","locations":[{"start":{"line":132,"column":4},"end":{"line":134,"column":5}}]},"10":{"loc":{"start":{"line":143,"column":4},"end":{"line":145,"column":5}},"type":"if","locations":[{"start":{"line":143,"column":4},"end":{"line":145,"column":5}}]}},"s":{"0":4,"1":4,"2":4,"3":4,"4":4,"5":4,"6":4,"7":0,"8":139,"9":139,"10":139,"11":135,"12":135,"13":135,"14":8,"15":8,"16":8,"17":0,"18":0,"19":135,"20":135,"21":135,"22":1,"23":1,"24":6,"25":6,"26":56,"27":56,"28":72,"29":135,"30":135,"31":0,"32":135,"33":135,"34":0,"35":65,"36":65,"37":56,"38":56,"39":6,"40":6,"41":0,"42":7,"43":1,"44":4,"45":4},"f":{"0":4,"1":4,"2":139,"3":135,"4":135,"5":65,"6":56,"7":6,"8":0,"9":7,"10":1},"b":{"0":[4],"1":[4,4],"2":[4,4],"3":[0],"4":[8],"5":[8,0],"6":[1,6,56,72],"7":[0],"8":[65],"9":[56],"10":[6]}}
}
