TN:
SF:src/browser/ChromeBrowserManager.ts
FN:19,(anonymous_10)
FN:26,timeoutAfter
FN:27,(anonymous_12)
FN:28,(anonymous_13)
FN:30,(anonymous_14)
FN:34,(anonymous_15)
FN:40,(anonymous_16)
FN:50,(anonymous_17)
FN:55,(anonymous_18)
FN:85,(anonymous_19)
FN:90,(anonymous_20)
FN:92,(anonymous_21)
FN:96,(anonymous_22)
FN:107,(anonymous_23)
FN:114,(anonymous_24)
FN:122,(anonymous_25)
FN:133,(anonymous_26)
FN:142,(anonymous_27)
FN:148,(anonymous_28)
FN:176,(anonymous_29)
FN:205,(anonymous_30)
FNF:21
FNH:3
FNDA:0,(anonymous_10)
FNDA:6,timeoutAfter
FNDA:6,(anonymous_12)
FNDA:0,(anonymous_13)
FNDA:6,(anonymous_14)
FNDA:0,(anonymous_15)
FNDA:0,(anonymous_16)
FNDA:0,(anonymous_17)
FNDA:0,(anonymous_18)
FNDA:0,(anonymous_19)
FNDA:0,(anonymous_20)
FNDA:0,(anonymous_21)
FNDA:0,(anonymous_22)
FNDA:0,(anonymous_23)
FNDA:0,(anonymous_24)
FNDA:0,(anonymous_25)
FNDA:0,(anonymous_26)
FNDA:0,(anonymous_27)
FNDA:0,(anonymous_28)
FNDA:0,(anonymous_29)
FNDA:0,(anonymous_30)
DA:1,1
DA:2,1
DA:3,1
DA:5,1
DA:6,1
DA:7,1
DA:20,0
DA:21,0
DA:26,1
DA:27,6
DA:28,6
DA:29,6
DA:31,6
DA:32,6
DA:35,0
DA:36,0
DA:40,1
DA:47,0
DA:51,0
DA:53,0
DA:54,0
DA:55,0
DA:56,0
DA:59,0
DA:60,0
DA:61,0
DA:64,0
DA:65,0
DA:66,0
DA:67,0
DA:74,0
DA:75,0
DA:76,0
DA:77,0
DA:78,0
DA:81,0
DA:82,0
DA:85,0
DA:86,0
DA:87,0
DA:90,0
DA:91,0
DA:92,0
DA:93,0
DA:95,0
DA:96,0
DA:99,0
DA:100,0
DA:101,0
DA:104,0
DA:105,0
DA:106,0
DA:107,0
DA:115,0
DA:116,0
DA:118,0
DA:123,0
DA:124,0
DA:126,0
DA:127,0
DA:134,0
DA:135,0
DA:137,0
DA:143,0
DA:144,0
DA:145,0
DA:148,0
DA:149,0
DA:151,0
DA:152,0
DA:154,0
DA:157,0
DA:158,0
DA:159,0
DA:160,0
DA:161,0
DA:163,0
DA:165,0
DA:177,0
DA:178,0
DA:181,0
DA:183,0
DA:184,0
DA:185,0
DA:187,0
DA:188,0
DA:189,0
DA:191,0
DA:195,0
DA:206,0
DA:207,0
DA:208,0
DA:211,0
DA:213,0
DA:216,0
DA:219,0
DA:225,0
DA:226,0
DA:227,0
DA:230,0
DA:235,0
DA:236,0
DA:238,0
DA:239,0
LF:104
LH:13
BRDA:50,0,0,0
BRDA:50,1,0,0
BRDA:50,2,0,0
BRDA:53,3,0,0
BRDA:59,4,0,0
BRDA:75,5,0,0
BRDA:104,6,0,0
BRDA:106,7,0,0
BRDA:115,8,0,0
BRDA:123,9,0,0
BRDA:134,10,0,0
BRDA:143,11,0,0
BRDA:158,12,0,0
BRDA:181,13,0,0
BRDA:181,13,1,0
BRDA:185,14,0,0
BRDA:185,14,1,0
BRDA:189,15,0,0
BRDA:206,16,0,0
BRF:19
BRH:0
end_of_record
TN:
SF:src/config/config.ts
FNF:0
FNH:0
DA:4,3
DA:5,3
DA:8,3
DA:11,3
LF:4
LH:4
BRDA:13,0,0,3
BRDA:13,0,1,0
BRDA:14,1,0,3
BRDA:14,1,1,0
BRDA:15,2,0,3
BRDA:15,2,1,0
BRDA:16,3,0,3
BRDA:16,3,1,0
BRDA:17,4,0,3
BRDA:17,4,1,0
BRDA:30,5,0,3
BRDA:30,5,1,0
BRDA:31,6,0,3
BRDA:31,6,1,0
BRDA:35,7,0,3
BRDA:35,7,1,0
BRDA:38,8,0,3
BRDA:38,8,1,0
BRDA:40,9,0,3
BRDA:40,9,1,0
BRDA:41,10,0,3
BRDA:41,10,1,0
BRF:22
BRH:11
end_of_record
TN:
SF:src/crawler/WebCrawler.ts
FN:26,(anonymous_0)
FN:42,(anonymous_1)
FN:58,(anonymous_2)
FN:71,(anonymous_3)
FN:74,(anonymous_4)
FN:75,(anonymous_5)
FN:81,(anonymous_6)
FN:93,(anonymous_7)
FN:97,(anonymous_8)
FN:100,(anonymous_9)
FN:103,(anonymous_10)
FN:105,(anonymous_11)
FN:108,(anonymous_12)
FN:110,(anonymous_13)
FN:126,(anonymous_14)
FN:130,(anonymous_15)
FN:140,(anonymous_16)
FN:153,(anonymous_17)
FN:155,(anonymous_18)
FN:157,(anonymous_19)
FN:158,(anonymous_20)
FN:171,(anonymous_21)
FN:186,(anonymous_22)
FN:187,(anonymous_23)
FN:195,(anonymous_24)
FN:206,(anonymous_25)
FN:224,(anonymous_26)
FN:228,(anonymous_27)
FNF:28
FNH:13
FNDA:4,(anonymous_0)
FNDA:0,(anonymous_1)
FNDA:3,(anonymous_2)
FNDA:3,(anonymous_3)
FNDA:0,(anonymous_4)
FNDA:0,(anonymous_5)
FNDA:3,(anonymous_6)
FNDA:2,(anonymous_7)
FNDA:2,(anonymous_8)
FNDA:2,(anonymous_9)
FNDA:2,(anonymous_10)
FNDA:2,(anonymous_11)
FNDA:2,(anonymous_12)
FNDA:2,(anonymous_13)
FNDA:1,(anonymous_14)
FNDA:3,(anonymous_15)
FNDA:0,(anonymous_16)
FNDA:0,(anonymous_17)
FNDA:0,(anonymous_18)
FNDA:0,(anonymous_19)
FNDA:0,(anonymous_20)
FNDA:0,(anonymous_21)
FNDA:0,(anonymous_22)
FNDA:0,(anonymous_23)
FNDA:0,(anonymous_24)
FNDA:0,(anonymous_25)
FNDA:0,(anonymous_26)
FNDA:0,(anonymous_27)
DA:2,1
DA:3,1
DA:4,1
DA:5,1
DA:9,1
DA:10,1
DA:16,1
DA:33,4
DA:34,4
DA:35,4
DA:36,4
DA:44,0
DA:46,0
DA:48,0
DA:50,0
DA:61,3
DA:62,3
DA:64,3
DA:70,3
DA:72,3
DA:73,3
DA:74,3
DA:75,0
DA:76,0
DA:82,3
DA:83,0
DA:84,0
DA:86,3
DA:87,3
DA:94,2
DA:95,2
DA:96,2
DA:97,2
DA:101,2
DA:102,2
DA:103,2
DA:107,2
DA:108,2
DA:111,2
DA:112,2
DA:116,2
DA:123,2
DA:124,2
DA:125,2
DA:127,1
DA:128,1
DA:131,3
DA:132,0
DA:133,0
DA:135,3
DA:136,0
DA:137,0
DA:140,3
DA:141,0
DA:155,0
DA:156,0
DA:157,0
DA:159,0
DA:160,0
DA:173,0
DA:174,0
DA:175,0
DA:178,0
DA:185,0
DA:186,0
DA:188,0
DA:189,0
DA:196,0
DA:197,0
DA:198,0
DA:199,0
DA:200,0
DA:201,0
DA:204,0
DA:205,0
DA:207,0
DA:208,0
DA:209,0
DA:212,0
DA:213,0
DA:214,0
DA:217,0
DA:218,0
DA:219,0
DA:220,0
DA:221,0
DA:224,0
DA:225,0
DA:228,0
DA:229,0
DA:233,0
DA:234,0
DA:235,0
DA:236,0
LF:94
LH:41
BRDA:82,0,0,0
BRDA:96,1,0,2
BRDA:96,1,1,0
BRDA:118,2,0,2
BRDA:118,2,1,0
BRDA:119,3,0,2
BRDA:119,3,1,0
BRDA:131,4,0,0
BRDA:135,5,0,0
BRDA:135,5,1,3
BRDA:173,6,0,0
BRDA:199,7,0,0
BRDA:212,8,0,0
BRDA:212,9,0,0
BRDA:212,9,1,0
BRDA:218,10,0,0
BRDA:233,11,0,0
BRF:17
BRH:4
end_of_record
TN:
SF:src/database/MysqlRecruitInfoRepository.ts
FN:22,(anonymous_1)
FN:62,(anonymous_2)
FN:94,(anonymous_3)
FN:112,(anonymous_4)
FN:131,(anonymous_5)
FNF:5
FNH:2
FNDA:2,(anonymous_1)
FNDA:0,(anonymous_2)
FNDA:0,(anonymous_3)
FNDA:0,(anonymous_4)
FNDA:1,(anonymous_5)
DA:2,3
DA:3,3
DA:5,3
DA:14,3
DA:24,2
DA:25,2
DA:28,2
DA:29,2
DA:30,2
DA:31,0
DA:33,2
DA:34,2
DA:35,6
DA:44,2
DA:45,2
DA:46,2
DA:49,0
DA:50,0
DA:51,0
DA:64,0
DA:65,0
DA:66,0
DA:77,0
DA:78,0
DA:80,0
DA:83,0
DA:84,0
DA:96,0
DA:97,0
DA:98,0
DA:99,0
DA:101,0
DA:102,0
DA:114,0
DA:115,0
DA:116,0
DA:117,0
DA:119,0
DA:120,0
DA:132,1
DA:133,1
DA:142,1
DA:143,1
DA:145,0
DA:148,0
DA:149,0
LF:46
LH:19
BRDA:30,0,0,0
BRDA:33,1,0,2
BRDA:77,2,0,0
BRDA:77,2,1,0
BRDA:77,3,0,0
BRDA:77,3,1,0
BRDA:142,4,0,1
BRDA:142,4,1,0
BRF:8
BRH:2
end_of_record
TN:
SF:src/database/RecruitInfoRepository.ts
FN:12,(anonymous_0)
FN:18,(anonymous_1)
FN:22,(anonymous_2)
FN:25,(anonymous_3)
FN:33,(anonymous_4)
FN:37,(anonymous_5)
FN:40,(anonymous_6)
FNF:7
FNH:5
FNDA:1,(anonymous_0)
FNDA:1,(anonymous_1)
FNDA:1,(anonymous_2)
FNDA:1,(anonymous_3)
FNDA:0,(anonymous_4)
FNDA:1,(anonymous_5)
FNDA:0,(anonymous_6)
DA:3,1
DA:4,1
DA:5,1
DA:6,1
DA:14,1
DA:15,1
DA:19,1
DA:24,1
DA:26,1
DA:27,0
DA:28,0
DA:30,1
DA:34,0
DA:35,0
DA:38,1
DA:41,0
DA:42,0
LF:17
LH:11
BRDA:26,0,0,0
BRF:1
BRH:0
end_of_record
TN:
SF:src/message/Consumer.ts
FN:8,(anonymous_0)
FN:13,(anonymous_1)
FN:23,(anonymous_2)
FN:25,(anonymous_3)
FN:26,(anonymous_4)
FN:26,(anonymous_5)
FN:28,(anonymous_6)
FNF:7
FNH:6
FNDA:1,(anonymous_0)
FNDA:1,(anonymous_1)
FNDA:2,(anonymous_2)
FNDA:2,(anonymous_3)
FNDA:2,(anonymous_4)
FNDA:1,(anonymous_5)
FNDA:0,(anonymous_6)
DA:2,1
DA:3,1
DA:6,1
DA:9,1
DA:15,1
DA:16,0
DA:17,0
DA:20,1
DA:22,1
DA:23,1
DA:24,2
DA:25,2
DA:26,2
DA:29,0
DA:30,0
LF:15
LH:11
BRDA:13,0,0,0
BRDA:15,1,0,0
BRDA:24,2,0,2
BRF:3
BRH:1
end_of_record
TN:
SF:src/message/Messenger.ts
FN:13,(anonymous_1)
FN:17,(anonymous_2)
FN:29,(anonymous_3)
FNF:3
FNH:3
FNDA:3,(anonymous_1)
FNDA:3,(anonymous_2)
FNDA:3,(anonymous_3)
DA:1,2
DA:2,2
DA:4,2
DA:7,2
DA:14,3
DA:18,3
DA:19,3
DA:20,3
DA:21,3
DA:22,3
DA:24,0
DA:25,0
DA:30,3
DA:31,3
DA:32,3
DA:34,3
DA:35,3
DA:37,3
DA:40,0
DA:41,0
DA:42,0
DA:44,0
DA:45,0
LF:23
LH:16
BRDA:31,0,0,3
BRDA:34,1,0,3
BRDA:40,2,0,0
BRDA:40,3,0,0
BRDA:40,3,1,0
BRF:5
BRH:2
end_of_record
TN:
SF:src/message/Producer.ts
FN:9,(anonymous_0)
FN:17,(anonymous_1)
FNF:2
FNH:2
FNDA:2,(anonymous_0)
FNDA:4,(anonymous_1)
DA:2,2
DA:3,2
DA:4,2
DA:6,2
DA:10,2
DA:19,4
DA:20,1
DA:21,1
DA:24,3
DA:25,0
DA:26,0
DA:29,3
DA:30,3
LF:13
LH:11
BRDA:19,0,0,1
BRDA:24,1,0,0
BRF:2
BRH:1
end_of_record
TN:
SF:src/models/MysqlRecruitInfoModel.ts
FNF:0
FNH:0
DA:1,3
DA:6,3
DA:31,3
DA:55,3
DA:61,3
DA:67,3
DA:74,3
DA:191,3
DA:213,3
DA:229,3
DA:251,3
LF:11
LH:11
BRDA:7,0,0,3
BRDA:7,0,1,0
BRDA:8,1,0,3
BRDA:8,1,1,0
BRDA:9,2,0,3
BRDA:9,2,1,0
BRDA:11,3,0,3
BRDA:11,3,1,0
BRDA:12,4,0,3
BRDA:12,4,1,0
BRDA:14,5,0,0
BRDA:14,5,1,3
BRF:12
BRH:6
end_of_record
TN:
SF:src/models/RawContentModel.ts
FNF:0
FNH:0
DA:1,3
DA:41,3
LF:2
LH:2
BRF:0
BRH:0
end_of_record
TN:
SF:src/models/VisitResult.ts
FN:110,(anonymous_9)
FN:142,(anonymous_10)
FN:222,(anonymous_11)
FNF:3
FNH:1
FNDA:3,(anonymous_9)
FNDA:0,(anonymous_10)
FNDA:0,(anonymous_11)
DA:1,3
DA:63,3
DA:66,3
DA:80,3
DA:81,3
DA:82,3
DA:83,3
DA:96,3
DA:98,3
DA:111,3
DA:112,3
DA:113,3
DA:114,3
DA:115,3
DA:116,3
DA:117,3
DA:118,3
DA:119,3
DA:120,3
DA:121,3
DA:122,3
DA:123,3
DA:124,3
DA:125,3
DA:126,3
DA:127,3
DA:128,3
DA:129,3
DA:131,3
DA:132,0
DA:143,0
DA:169,3
DA:207,3
DA:222,3
DA:223,0
DA:224,0
DA:228,3
LF:37
LH:33
BRDA:110,0,0,0
BRDA:111,1,0,3
BRDA:111,1,1,0
BRDA:112,2,0,3
BRDA:112,2,1,0
BRDA:113,3,0,3
BRDA:113,3,1,3
BRDA:115,4,0,3
BRDA:115,4,1,3
BRDA:116,5,0,3
BRDA:116,5,1,3
BRDA:117,6,0,3
BRDA:117,6,1,3
BRDA:123,7,0,3
BRDA:123,7,1,3
BRDA:124,8,0,3
BRDA:124,8,1,3
BRDA:125,9,0,3
BRDA:125,9,1,3
BRDA:126,10,0,3
BRDA:126,10,1,3
BRDA:128,11,0,3
BRDA:128,11,1,3
BRDA:131,12,0,0
BRF:24
BRH:20
end_of_record
TN:
SF:src/parser/GeminiParser.ts
FN:123,geminiRegionTextPrompt
FN:150,geminiRecruitInfoPrompt
FN:192,(anonymous_2)
FN:211,(anonymous_3)
FN:215,(anonymous_4)
FN:225,(anonymous_5)
FN:237,(anonymous_6)
FN:280,(anonymous_7)
FN:293,(anonymous_8)
FN:296,(anonymous_9)
FN:303,(anonymous_10)
FN:313,(anonymous_11)
FN:323,(anonymous_12)
FN:332,(anonymous_13)
FN:349,(anonymous_14)
FN:362,(anonymous_15)
FN:364,(anonymous_16)
FN:371,(anonymous_17)
FN:386,(anonymous_18)
FN:386,(anonymous_19)
FN:397,(anonymous_20)
FN:407,(anonymous_21)
FN:420,(anonymous_22)
FN:447,(anonymous_23)
FNF:24
FNH:11
FNDA:0,geminiRegionTextPrompt
FNDA:11,geminiRecruitInfoPrompt
FNDA:0,(anonymous_2)
FNDA:2,(anonymous_3)
FNDA:18,(anonymous_4)
FNDA:1,(anonymous_5)
FNDA:4,(anonymous_6)
FNDA:0,(anonymous_7)
FNDA:0,(anonymous_8)
FNDA:0,(anonymous_9)
FNDA:0,(anonymous_10)
FNDA:0,(anonymous_11)
FNDA:0,(anonymous_12)
FNDA:22,(anonymous_13)
FNDA:11,(anonymous_14)
FNDA:11,(anonymous_15)
FNDA:0,(anonymous_16)
FNDA:11,(anonymous_17)
FNDA:1,(anonymous_18)
FNDA:1,(anonymous_19)
FNDA:0,(anonymous_20)
FNDA:0,(anonymous_21)
FNDA:0,(anonymous_22)
FNDA:0,(anonymous_23)
DA:1,2
DA:2,2
DA:10,2
DA:11,2
DA:12,2
DA:16,2
DA:19,2
DA:33,2
DA:124,0
DA:151,11
DA:189,2
DA:193,0
DA:194,0
DA:195,0
DA:197,0
DA:198,0
DA:206,2
DA:207,2
DA:213,2
DA:214,2
DA:215,18
DA:216,0
DA:218,2
DA:226,1
DA:227,1
DA:228,11
DA:229,10
DA:238,4
DA:240,4
DA:266,4
DA:268,4
DA:269,0
DA:272,4
DA:274,0
DA:275,0
DA:281,0
DA:282,0
DA:283,0
DA:291,0
DA:292,0
DA:293,0
DA:297,0
DA:298,0
DA:299,0
DA:304,0
DA:305,0
DA:306,0
DA:308,0
DA:309,0
DA:310,0
DA:314,0
DA:315,0
DA:316,0
DA:320,0
DA:321,0
DA:323,0
DA:325,0
DA:326,0
DA:327,0
DA:333,22
DA:334,22
DA:335,22
DA:336,15
DA:338,7
DA:340,0
DA:341,0
DA:350,11
DA:351,11
DA:352,11
DA:360,11
DA:361,11
DA:362,11
DA:365,0
DA:366,0
DA:367,0
DA:372,11
DA:373,0
DA:374,0
DA:377,11
DA:379,11
DA:380,11
DA:381,11
DA:382,11
DA:383,11
DA:384,11
DA:385,11
DA:386,11
DA:388,11
DA:389,3
DA:391,11
DA:392,10
DA:394,11
DA:398,0
DA:399,0
DA:400,0
DA:404,11
DA:405,11
DA:407,0
DA:409,0
DA:410,0
DA:411,0
DA:422,0
DA:423,0
DA:424,0
DA:426,0
DA:427,0
DA:428,0
DA:430,0
DA:431,0
DA:432,0
DA:434,0
DA:435,0
DA:436,0
DA:439,0
DA:440,0
DA:448,0
DA:449,0
LF:117
LH:53
BRDA:197,0,0,0
BRDA:213,1,0,2
BRDA:213,1,1,0
BRDA:214,2,0,2
BRDA:214,2,1,0
BRDA:215,3,0,0
BRDA:268,4,0,0
BRDA:280,5,0,0
BRDA:298,6,0,0
BRDA:304,7,0,0
BRDA:315,8,0,0
BRDA:320,9,0,0
BRDA:326,10,0,0
BRDA:335,11,0,15
BRDA:335,12,0,22
BRDA:335,12,1,7
BRDA:338,13,0,0
BRDA:338,13,1,7
BRDA:349,14,0,11
BRDA:366,15,0,0
BRDA:372,16,0,0
BRDA:381,17,0,6
BRDA:382,18,0,0
BRDA:383,19,0,6
BRDA:384,20,0,0
BRDA:385,21,0,11
BRDA:385,22,0,11
BRDA:385,22,1,11
BRDA:388,23,0,3
BRDA:389,24,0,3
BRDA:389,24,1,0
BRDA:391,25,0,10
BRDA:399,26,0,0
BRDA:404,27,0,11
BRDA:410,28,0,0
BRDA:422,29,0,0
BRDA:426,30,0,0
BRDA:430,31,0,0
BRDA:434,32,0,0
BRDA:452,33,0,0
BRDA:452,33,1,0
BRF:41
BRH:16
end_of_record
TN:
SF:src/scripts/deleteAllNotVaildUrl.ts
FN:26,checkUrl
FN:47,(anonymous_2)
FN:88,getNotVaildUrls
FN:101,(anonymous_4)
FN:112,(anonymous_5)
FN:122,(anonymous_6)
FN:126,(anonymous_7)
FN:131,(anonymous_8)
FN:134,(anonymous_9)
FN:141,(anonymous_10)
FN:145,(anonymous_11)
FN:151,(anonymous_12)
FNF:12
FNH:1
FNDA:1,checkUrl
FNDA:0,(anonymous_2)
FNDA:0,getNotVaildUrls
FNDA:0,(anonymous_4)
FNDA:0,(anonymous_5)
FNDA:0,(anonymous_6)
FNDA:0,(anonymous_7)
FNDA:0,(anonymous_8)
FNDA:0,(anonymous_9)
FNDA:0,(anonymous_10)
FNDA:0,(anonymous_11)
FNDA:0,(anonymous_12)
DA:1,1
DA:2,1
DA:3,1
DA:4,1
DA:5,1
DA:6,1
DA:7,1
DA:13,1
DA:14,1
DA:26,1
DA:28,1
DA:29,1
DA:31,1
DA:32,1
DA:34,1
DA:39,1
DA:46,0
DA:47,0
DA:48,0
DA:51,0
DA:52,0
DA:53,0
DA:62,0
DA:70,0
DA:71,0
DA:72,0
DA:79,0
DA:89,0
DA:90,0
DA:97,0
DA:98,0
DA:100,0
DA:102,0
DA:109,0
DA:113,0
DA:114,0
DA:120,0
DA:121,0
DA:122,0
DA:123,0
DA:124,0
DA:125,0
DA:126,0
DA:130,1
DA:131,0
DA:132,0
DA:133,0
DA:135,0
DA:136,0
DA:137,0
DA:138,0
DA:139,0
DA:142,0
DA:143,0
DA:146,0
DA:147,0
DA:151,0
DA:152,0
LF:58
LH:17
BRDA:34,0,0,0
BRDA:34,0,1,1
BRDA:46,1,0,0
BRDA:46,1,1,0
BRDA:51,2,0,0
BRDA:51,2,1,0
BRDA:51,3,0,0
BRDA:51,3,1,0
BRDA:52,4,0,0
BRDA:52,4,1,0
BRDA:57,5,0,0
BRDA:57,5,1,0
BRDA:70,6,0,0
BRDA:74,7,0,0
BRDA:74,7,1,0
BRDA:130,8,0,0
BRF:16
BRH:1
end_of_record
TN:
SF:src/trasnform/Transform.ts
FN:25,createCdToRegionMap
FN:30,(anonymous_2)
FN:39,simplifyRegionCode
FN:45,cd2RegionId
FN:57,regionText2RegionIds
FN:62,(anonymous_6)
FN:78,regionText2RegionIdsAi
FN:86,(anonymous_8)
FN:89,(anonymous_9)
FN:90,(anonymous_10)
FN:91,(anonymous_11)
FN:95,(anonymous_12)
FN:100,(anonymous_13)
FN:109,(anonymous_14)
FNF:14
FNH:6
FNDA:2,createCdToRegionMap
FNDA:560,(anonymous_2)
FNDA:1,simplifyRegionCode
FNDA:1,cd2RegionId
FNDA:3,regionText2RegionIds
FNDA:840,(anonymous_6)
FNDA:0,regionText2RegionIdsAi
FNDA:0,(anonymous_8)
FNDA:0,(anonymous_9)
FNDA:0,(anonymous_10)
FNDA:0,(anonymous_11)
FNDA:0,(anonymous_12)
FNDA:0,(anonymous_13)
FNDA:0,(anonymous_14)
DA:1,2
DA:3,2
DA:5,2
DA:6,2
DA:9,2
DA:27,2
DA:30,2
DA:32,560
DA:35,2
DA:40,1
DA:41,1
DA:45,2
DA:46,1
DA:47,1
DA:48,1
DA:49,1
DA:50,1
DA:51,1
DA:53,0
DA:57,2
DA:60,3
DA:62,3
DA:64,840
DA:66,840
DA:67,3
DA:72,3
DA:78,2
DA:80,0
DA:81,0
DA:83,0
DA:84,0
DA:85,0
DA:87,0
DA:88,0
DA:89,0
DA:90,0
DA:91,0
DA:92,0
DA:96,0
DA:97,0
DA:101,0
DA:102,0
DA:103,0
DA:105,0
DA:110,0
DA:111,0
LF:46
LH:26
BRDA:40,0,0,0
BRDA:47,1,0,0
BRDA:48,2,0,0
BRDA:50,3,0,0
BRDA:64,4,0,789
BRDA:64,4,1,51
BRDA:66,5,0,3
BRDA:80,6,0,0
BRDA:87,7,0,0
BRDA:101,8,0,0
BRF:10
BRH:3
end_of_record
TN:
SF:src/url/RedisUrlManager.ts
FN:58,(anonymous_9)
FN:68,(anonymous_10)
FN:87,(anonymous_11)
FN:108,(anonymous_12)
FN:129,(anonymous_13)
FN:144,(anonymous_14)
FN:167,(anonymous_15)
FN:183,(anonymous_16)
FN:199,(anonymous_17)
FN:220,(anonymous_18)
FN:236,(anonymous_19)
FN:248,(anonymous_20)
FN:268,(anonymous_21)
FN:289,(anonymous_22)
FN:307,(anonymous_23)
FN:347,(anonymous_24)
FN:349,(anonymous_25)
FN:365,(anonymous_26)
FN:367,(anonymous_27)
FN:388,(anonymous_28)
FN:401,(anonymous_29)
FN:429,(anonymous_30)
FNF:22
FNH:8
FNDA:8,(anonymous_9)
FNDA:2,(anonymous_10)
FNDA:5,(anonymous_11)
FNDA:0,(anonymous_12)
FNDA:2,(anonymous_13)
FNDA:0,(anonymous_14)
FNDA:0,(anonymous_15)
FNDA:14,(anonymous_16)
FNDA:0,(anonymous_17)
FNDA:0,(anonymous_18)
FNDA:0,(anonymous_19)
FNDA:0,(anonymous_20)
FNDA:0,(anonymous_21)
FNDA:2,(anonymous_22)
FNDA:2,(anonymous_23)
FNDA:0,(anonymous_24)
FNDA:0,(anonymous_25)
FNDA:0,(anonymous_26)
FNDA:0,(anonymous_27)
FNDA:0,(anonymous_28)
FNDA:1,(anonymous_29)
FNDA:0,(anonymous_30)
DA:3,2
DA:4,2
DA:5,2
DA:6,2
DA:7,2
DA:23,2
DA:27,8
DA:37,8
DA:42,8
DA:47,8
DA:52,8
DA:59,8
DA:60,8
DA:61,7
DA:69,2
DA:70,2
DA:71,2
DA:72,2
DA:73,2
DA:75,0
DA:78,0
DA:79,0
DA:88,5
DA:89,5
DA:90,5
DA:91,5
DA:92,5
DA:93,2
DA:94,2
DA:97,5
DA:98,5
DA:99,5
DA:101,5
DA:103,0
DA:104,0
DA:109,0
DA:110,0
DA:111,0
DA:112,0
DA:113,0
DA:114,0
DA:115,0
DA:116,0
DA:117,0
DA:120,0
DA:121,0
DA:130,2
DA:132,2
DA:133,2
DA:134,2
DA:135,1
DA:137,1
DA:139,0
DA:140,0
DA:146,0
DA:147,0
DA:148,0
DA:149,0
DA:150,0
DA:151,0
DA:152,0
DA:155,0
DA:168,0
DA:170,0
DA:171,0
DA:172,0
DA:174,0
DA:184,14
DA:185,14
DA:186,13
DA:188,1
DA:189,1
DA:200,0
DA:201,0
DA:204,0
DA:205,0
DA:207,0
DA:221,0
DA:222,0
DA:225,0
DA:226,0
DA:237,0
DA:238,0
DA:240,0
DA:241,0
DA:249,0
DA:251,0
DA:252,0
DA:253,0
DA:255,0
DA:258,0
DA:259,0
DA:260,0
DA:269,0
DA:270,0
DA:273,0
DA:274,0
DA:277,0
DA:279,0
DA:280,0
DA:290,2
DA:291,2
DA:293,2
DA:294,2
DA:295,2
DA:297,0
DA:299,0
DA:300,0
DA:308,2
DA:310,2
DA:311,0
DA:315,2
DA:316,0
DA:317,0
DA:318,0
DA:322,2
DA:323,2
DA:325,2
DA:326,2
DA:327,1
DA:329,1
DA:330,1
DA:333,1
DA:335,0
DA:336,0
DA:337,0
DA:348,0
DA:349,0
DA:350,0
DA:351,0
DA:352,0
DA:353,0
DA:355,0
DA:356,0
DA:366,0
DA:367,0
DA:368,0
DA:369,0
DA:370,0
DA:371,0
DA:372,0
DA:374,0
DA:375,0
DA:377,0
DA:378,0
DA:389,0
DA:402,1
DA:403,1
DA:405,1
DA:406,1
DA:407,1
DA:409,1
DA:411,1
DA:413,1
DA:415,1
DA:417,1
DA:421,0
DA:422,0
DA:430,0
DA:431,0
DA:432,0
DA:433,0
DA:434,0
DA:436,0
DA:437,0
LF:165
LH:67
BRDA:60,0,0,7
BRDA:72,1,0,2
BRDA:72,1,1,0
BRDA:92,2,0,2
BRDA:134,3,0,1
BRDA:151,4,0,0
BRDA:204,5,0,0
BRDA:220,6,0,0
BRDA:252,7,0,0
BRDA:252,7,1,0
BRDA:259,8,0,0
BRDA:259,8,1,0
BRDA:273,9,0,0
BRDA:293,10,0,2
BRDA:310,11,0,0
BRDA:315,12,0,0
BRDA:326,13,0,1
BRDA:326,14,0,2
BRDA:326,14,1,2
BRDA:336,15,0,0
BRDA:336,15,1,0
BRDA:371,16,0,0
BRDA:405,17,0,1
BRDA:431,18,0,0
BRF:24
BRH:9
end_of_record
TN:
SF:src/url/urlUtils.ts
FN:26,extractDomain
FN:49,isUrlAllowed
FN:89,(anonymous_12)
FN:103,parseRobotsTxt
FN:107,(anonymous_14)
FN:113,(anonymous_15)
FN:140,isUrlAllowedWithRobots
FN:153,(anonymous_17)
FN:156,(anonymous_18)
FNF:9
FNH:8
FNDA:9,extractDomain
FNDA:10,isUrlAllowed
FNDA:5,(anonymous_12)
FNDA:2,parseRobotsTxt
FNDA:2,(anonymous_14)
FNDA:2,(anonymous_15)
FNDA:4,isUrlAllowedWithRobots
FNDA:2,(anonymous_17)
FNDA:0,(anonymous_18)
DA:4,5
DA:5,5
DA:6,5
DA:26,5
DA:27,9
DA:28,9
DA:29,0
DA:33,9
DA:35,9
DA:36,9
DA:38,0
DA:39,0
DA:49,5
DA:50,10
DA:52,10
DA:53,10
DA:54,10
DA:79,5
DA:83,5
DA:85,5
DA:86,5
DA:89,5
DA:90,5
DA:93,0
DA:94,0
DA:103,5
DA:104,2
DA:105,2
DA:107,4
DA:108,2
DA:109,2
DA:111,2
DA:113,2
DA:117,2
DA:118,1
DA:119,1
DA:120,1
DA:123,1
DA:124,1
DA:125,1
DA:129,0
DA:140,5
DA:145,4
DA:146,2
DA:149,2
DA:150,2
DA:153,2
DA:154,2
DA:155,2
DA:157,0
DA:158,0
LF:51
LH:43
BRDA:28,0,0,0
BRDA:33,1,0,9
BRDA:33,1,1,0
BRDA:49,2,0,0
BRDA:52,3,0,0
BRDA:53,4,0,0
BRDA:54,5,0,5
BRDA:55,6,0,10
BRDA:55,6,1,8
BRDA:55,6,2,8
BRDA:55,6,3,8
BRDA:55,6,4,8
BRDA:55,6,5,8
BRDA:55,6,6,8
BRDA:55,6,7,8
BRDA:55,6,8,8
BRDA:55,6,9,8
BRDA:55,6,10,8
BRDA:55,6,11,8
BRDA:55,6,12,8
BRDA:55,6,13,8
BRDA:55,6,14,8
BRDA:55,6,15,8
BRDA:55,6,16,8
BRDA:55,6,17,8
BRDA:55,6,18,8
BRDA:55,6,19,8
BRDA:55,6,20,8
BRDA:55,6,21,6
BRDA:55,6,22,6
BRDA:55,6,23,6
BRDA:83,7,0,0
BRDA:86,8,0,0
BRDA:90,9,0,5
BRDA:90,9,1,1
BRDA:108,10,0,2
BRDA:108,10,1,0
BRDA:113,11,0,2
BRDA:113,11,1,1
BRDA:117,12,0,1
BRDA:117,12,1,1
BRDA:142,13,0,0
BRDA:145,14,0,2
BRDA:150,15,0,0
BRDA:154,16,0,0
BRDA:154,17,0,2
BRDA:154,17,1,2
BRF:47
BRH:36
end_of_record
TN:
SF:src/utils/key.ts
FN:6,getSpringAuthToken
FNF:1
FNH:1
FNDA:1,getSpringAuthToken
DA:1,2
DA:2,2
DA:6,2
DA:7,1
DA:8,0
DA:10,1
DA:11,1
LF:7
LH:6
BRDA:7,0,0,0
BRF:1
BRH:0
end_of_record
TN:
SF:src/utils/logger.ts
FN:20,(anonymous_1)
FN:27,(anonymous_2)
FN:33,(anonymous_3)
FN:39,(anonymous_4)
FN:45,(anonymous_5)
FN:66,(anonymous_6)
FN:83,(anonymous_7)
FN:106,(anonymous_8)
FN:110,(anonymous_9)
FN:114,(anonymous_10)
FN:118,(anonymous_11)
FN:122,(anonymous_12)
FN:126,(anonymous_13)
FNF:13
FNH:11
FNDA:11,(anonymous_1)
FNDA:11,(anonymous_2)
FNDA:13,(anonymous_3)
FNDA:70,(anonymous_4)
FNDA:2,(anonymous_5)
FNDA:2,(anonymous_6)
FNDA:70,(anonymous_7)
FNDA:54,(anonymous_8)
FNDA:10,(anonymous_9)
FNDA:0,(anonymous_10)
FNDA:4,(anonymous_11)
FNDA:2,(anonymous_12)
FNDA:0,(anonymous_13)
DA:1,11
DA:2,11
DA:3,11
DA:7,11
DA:12,11
DA:21,11
DA:22,11
DA:23,11
DA:24,11
DA:28,11
DA:29,0
DA:34,13
DA:35,13
DA:36,13
DA:40,70
DA:50,2
DA:51,2
DA:53,2
DA:54,0
DA:55,0
DA:59,0
DA:63,2
DA:67,2
DA:69,0
DA:71,0
DA:73,0
DA:75,0
DA:77,2
DA:79,0
DA:84,70
DA:86,2
DA:87,2
DA:90,2
DA:93,2
DA:94,2
DA:95,0
DA:99,2
DA:100,2
DA:102,0
DA:107,54
DA:111,10
DA:115,0
DA:119,4
DA:123,2
DA:127,0
DA:132,11
LF:46
LH:33
BRDA:20,0,0,0
BRDA:21,1,0,11
BRDA:21,1,1,0
BRDA:22,2,0,11
BRDA:22,2,1,0
BRDA:28,3,0,0
BRDA:53,4,0,0
BRDA:56,5,0,0
BRDA:56,5,1,0
BRDA:67,6,0,0
BRDA:67,6,1,0
BRDA:67,6,2,0
BRDA:67,6,3,0
BRDA:67,6,4,2
BRDA:67,6,5,0
BRDA:84,7,0,68
BRDA:94,8,0,0
BRF:17
BRH:4
end_of_record
